
array (
  'url' => 'http://192.168.1.159:9875/v3/store/getSubscriptionPricePoints',
  'content_type' => NULL,
  'http_code' => 0,
  'header_size' => 0,
  'request_size' => 0,
  'filetime' => -1,
  'ssl_verify_result' => 0,
  'redirect_count' => 0,
  'total_time' => 20.21900000000000119371179607696831226348876953125,
  'namelookup_time' => 0,
  'connect_time' => 0,
  'pretransfer_time' => 0,
  'size_upload' => 0,
  'size_download' => 0,
  'speed_download' => 0,
  'speed_upload' => 0,
  'download_content_length' => -1,
  'upload_content_length' => -1,
  'starttransfer_time' => 0,
  'redirect_time' => 0,
  'redirect_url' => '',
  'primary_ip' => '',
  'certinfo' => 
  array (
  ),
  'primary_port' => 0,
  'local_ip' => '',
  'local_port' => 0,
)
array (
  'url' => 'http://192.168.1.159:9875/v3/store/getCGImagesByStoreId',
  'content_type' => NULL,
  'http_code' => 0,
  'header_size' => 0,
  'request_size' => 0,
  'filetime' => -1,
  'ssl_verify_result' => 0,
  'redirect_count' => 0,
  'total_time' => 20.217999999999999971578290569595992565155029296875,
  'namelookup_time' => 0,
  'connect_time' => 0,
  'pretransfer_time' => 0,
  'size_upload' => 0,
  'size_download' => 0,
  'speed_download' => 0,
  'speed_upload' => 0,
  'download_content_length' => -1,
  'upload_content_length' => -1,
  'starttransfer_time' => 0,
  'redirect_time' => 0,
  'redirect_url' => '',
  'primary_ip' => '',
  'certinfo' => 
  array (
  ),
  'primary_port' => 0,
  'local_ip' => '',
  'local_port' => 0,
)
array (
  'url' => 'http://192.168.1.159:9875/v3/store/getSubscriptionPricePoints',
  'content_type' => NULL,
  'http_code' => 0,
  'header_size' => 0,
  'request_size' => 0,
  'filetime' => -1,
  'ssl_verify_result' => 0,
  'redirect_count' => 0,
  'total_time' => 20.202999999999999403144101961515843868255615234375,
  'namelookup_time' => 0,
  'connect_time' => 0,
  'pretransfer_time' => 0,
  'size_upload' => 0,
  'size_download' => 0,
  'speed_download' => 0,
  'speed_upload' => 0,
  'download_content_length' => -1,
  'upload_content_length' => -1,
  'starttransfer_time' => 0,
  'redirect_time' => 0,
  'redirect_url' => '',
  'primary_ip' => '',
  'certinfo' => 
  array (
  ),
  'primary_port' => 0,
  'local_ip' => '',
  'local_port' => 0,
)
array (
  'url' => 'http://192.168.1.159:9875/v3/store/getCGImagesByStoreId',
  'content_type' => NULL,
  'http_code' => 0,
  'header_size' => 0,
  'request_size' => 0,
  'filetime' => -1,
  'ssl_verify_result' => 0,
  'redirect_count' => 0,
  'total_time' => 20.21900000000000119371179607696831226348876953125,
  'namelookup_time' => 0,
  'connect_time' => 0,
  'pretransfer_time' => 0,
  'size_upload' => 0,
  'size_download' => 0,
  'speed_download' => 0,
  'speed_upload' => 0,
  'download_content_length' => -1,
  'upload_content_length' => -1,
  'starttransfer_time' => 0,
  'redirect_time' => 0,
  'redirect_url' => '',
  'primary_ip' => '',
  'certinfo' => 
  array (
  ),
  'primary_port' => 0,
  'local_ip' => '',
  'local_port' => 0,
)
array (
  'url' => 'http://192.168.1.159:9875/v3/store/getSubscriptionPricePoints',
  'content_type' => NULL,
  'http_code' => 0,
  'header_size' => 0,
  'request_size' => 0,
  'filetime' => -1,
  'ssl_verify_result' => 0,
  'redirect_count' => 0,
  'total_time' => 20.202999999999999403144101961515843868255615234375,
  'namelookup_time' => 0,
  'connect_time' => 0,
  'pretransfer_time' => 0,
  'size_upload' => 0,
  'size_download' => 0,
  'speed_download' => 0,
  'speed_upload' => 0,
  'download_content_length' => -1,
  'upload_content_length' => -1,
  'starttransfer_time' => 0,
  'redirect_time' => 0,
  'redirect_url' => '',
  'primary_ip' => '',
  'certinfo' => 
  array (
  ),
  'primary_port' => 0,
  'local_ip' => '',
  'local_port' => 0,
)
array (
  'url' => 'http://192.168.1.159:9875/v3/store/getCGImagesByStoreId',
  'content_type' => NULL,
  'http_code' => 0,
  'header_size' => 0,
  'request_size' => 0,
  'filetime' => -1,
  'ssl_verify_result' => 0,
  'redirect_count' => 0,
  'total_time' => 20.202999999999999403144101961515843868255615234375,
  'namelookup_time' => 0,
  'connect_time' => 0,
  'pretransfer_time' => 0,
  'size_upload' => 0,
  'size_download' => 0,
  'speed_download' => 0,
  'speed_upload' => 0,
  'download_content_length' => -1,
  'upload_content_length' => -1,
  'starttransfer_time' => 0,
  'redirect_time' => 0,
  'redirect_url' => '',
  'primary_ip' => '',
  'certinfo' => 
  array (
  ),
  'primary_port' => 0,
  'local_ip' => '',
  'local_port' => 0,
)
array (
  'url' => 'http://192.168.1.159:9875/v3/store/getSubscriptionPricePoints',
  'content_type' => NULL,
  'http_code' => 0,
  'header_size' => 0,
  'request_size' => 0,
  'filetime' => -1,
  'ssl_verify_result' => 0,
  'redirect_count' => 0,
  'total_time' => 20.202999999999999403144101961515843868255615234375,
  'namelookup_time' => 0,
  'connect_time' => 0,
  'pretransfer_time' => 0,
  'size_upload' => 0,
  'size_download' => 0,
  'speed_download' => 0,
  'speed_upload' => 0,
  'download_content_length' => -1,
  'upload_content_length' => -1,
  'starttransfer_time' => 0,
  'redirect_time' => 0,
  'redirect_url' => '',
  'primary_ip' => '',
  'certinfo' => 
  array (
  ),
  'primary_port' => 0,
  'local_ip' => '',
  'local_port' => 0,
)
array (
  'url' => 'http://192.168.1.159:9875/v3/store/getCGImagesByStoreId',
  'content_type' => NULL,
  'http_code' => 0,
  'header_size' => 0,
  'request_size' => 0,
  'filetime' => -1,
  'ssl_verify_result' => 0,
  'redirect_count' => 0,
  'total_time' => 20.202999999999999403144101961515843868255615234375,
  'namelookup_time' => 0,
  'connect_time' => 0,
  'pretransfer_time' => 0,
  'size_upload' => 0,
  'size_download' => 0,
  'speed_download' => 0,
  'speed_upload' => 0,
  'download_content_length' => -1,
  'upload_content_length' => -1,
  'starttransfer_time' => 0,
  'redirect_time' => 0,
  'redirect_url' => '',
  'primary_ip' => '',
  'certinfo' => 
  array (
  ),
  'primary_port' => 0,
  'local_ip' => '',
  'local_port' => 0,
)