
array (
  'url' => 'http://wakau.in/Service3.svc/substatus/',
  'content_type' => 'multipart/form-data; boundary=------------------------ca05518c980a1982',
  'http_code' => 200,
  'header_size' => 585,
  'request_size' => 200,
  'filetime' => -1,
  'ssl_verify_result' => 0,
  'redirect_count' => 0,
  'total_time' => 0.1879999999999999449329379785922355949878692626953125,
  'namelookup_time' => 0,
  'connect_time' => 0.01600000000000000033306690738754696212708950042724609375,
  'pretransfer_time' => 0.01600000000000000033306690738754696212708950042724609375,
  'size_upload' => 246,
  'size_download' => 181,
  'speed_download' => 962,
  'speed_upload' => 1308,
  'download_content_length' => -1,
  'upload_content_length' => 246,
  'starttransfer_time' => 0.04700000000000000011102230246251565404236316680908203125,
  'redirect_time' => 0,
  'redirect_url' => '',
  'primary_ip' => '103.43.2.9',
  'certinfo' => 
  array (
  ),
  'primary_port' => 80,
  'local_ip' => '192.168.5.56',
  'local_port' => 53414,
)
array (
  'url' => 'http://192.168.1.159:9875/v3/store/getSubscriptionPricePoints',
  'content_type' => 'text/html; charset=UTF-8',
  'http_code' => 200,
  'header_size' => 180,
  'request_size' => 178,
  'filetime' => -1,
  'ssl_verify_result' => 0,
  'redirect_count' => 0,
  'total_time' => 0.0320000000000000006661338147750939242541790008544921875,
  'namelookup_time' => 0,
  'connect_time' => 0.01600000000000000033306690738754696212708950042724609375,
  'pretransfer_time' => 0.01600000000000000033306690738754696212708950042724609375,
  'size_upload' => 33,
  'size_download' => 270,
  'speed_download' => 8437,
  'speed_upload' => 1031,
  'download_content_length' => 270,
  'upload_content_length' => 33,
  'starttransfer_time' => 0.0320000000000000006661338147750939242541790008544921875,
  'redirect_time' => 0,
  'redirect_url' => '',
  'primary_ip' => '192.168.1.159',
  'certinfo' => 
  array (
  ),
  'primary_port' => 9875,
  'local_ip' => '192.168.5.56',
  'local_port' => 53417,
)
array (
  'url' => 'http://192.168.1.159:9875/v3/store/getCGImagesByStoreId',
  'content_type' => 'text/html; charset=UTF-8',
  'http_code' => 200,
  'header_size' => 180,
  'request_size' => 152,
  'filetime' => -1,
  'ssl_verify_result' => 0,
  'redirect_count' => 0,
  'total_time' => 0.01600000000000000033306690738754696212708950042724609375,
  'namelookup_time' => 0,
  'connect_time' => 0,
  'pretransfer_time' => 0,
  'size_upload' => 13,
  'size_download' => 260,
  'speed_download' => 16250,
  'speed_upload' => 812,
  'download_content_length' => 260,
  'upload_content_length' => 13,
  'starttransfer_time' => 0.01600000000000000033306690738754696212708950042724609375,
  'redirect_time' => 0,
  'redirect_url' => '',
  'primary_ip' => '192.168.1.159',
  'certinfo' => 
  array (
  ),
  'primary_port' => 9875,
  'local_ip' => '192.168.5.56',
  'local_port' => 53418,
)
array (
  'url' => 'http://192.168.1.159:9875/v3/page/getPageDetails',
  'content_type' => 'text/html; charset=UTF-8',
  'http_code' => 200,
  'header_size' => 180,
  'request_size' => 206,
  'filetime' => -1,
  'ssl_verify_result' => 0,
  'redirect_count' => 0,
  'total_time' => 0.07900000000000000077715611723760957829654216766357421875,
  'namelookup_time' => 0,
  'connect_time' => 0,
  'pretransfer_time' => 0,
  'size_upload' => 74,
  'size_download' => 854,
  'speed_download' => 10810,
  'speed_upload' => 936,
  'download_content_length' => 854,
  'upload_content_length' => 74,
  'starttransfer_time' => 0.07900000000000000077715611723760957829654216766357421875,
  'redirect_time' => 0,
  'redirect_url' => '',
  'primary_ip' => '192.168.1.159',
  'certinfo' => 
  array (
  ),
  'primary_port' => 9875,
  'local_ip' => '192.168.5.56',
  'local_port' => 53419,
)
array (
  'url' => 'http://wakau.in/Service3.svc/substatus/',
  'content_type' => 'multipart/form-data; boundary=------------------------8b10b1b9573c363c',
  'http_code' => 200,
  'header_size' => 585,
  'request_size' => 200,
  'filetime' => -1,
  'ssl_verify_result' => 0,
  'redirect_count' => 0,
  'total_time' => 0.1409999999999999864552790995730902068316936492919921875,
  'namelookup_time' => 0,
  'connect_time' => 0,
  'pretransfer_time' => 0,
  'size_upload' => 246,
  'size_download' => 181,
  'speed_download' => 1283,
  'speed_upload' => 1744,
  'download_content_length' => -1,
  'upload_content_length' => 246,
  'starttransfer_time' => 0.063000000000000000444089209850062616169452667236328125,
  'redirect_time' => 0,
  'redirect_url' => '',
  'primary_ip' => '103.43.2.9',
  'certinfo' => 
  array (
  ),
  'primary_port' => 80,
  'local_ip' => '192.168.5.56',
  'local_port' => 53423,
)
array (
  'url' => 'http://192.168.1.159:9875/v3/store/getSubscriptionPricePoints',
  'content_type' => 'text/html; charset=UTF-8',
  'http_code' => 200,
  'header_size' => 180,
  'request_size' => 178,
  'filetime' => -1,
  'ssl_verify_result' => 0,
  'redirect_count' => 0,
  'total_time' => 0.0309999999999999997779553950749686919152736663818359375,
  'namelookup_time' => 0,
  'connect_time' => 0,
  'pretransfer_time' => 0,
  'size_upload' => 33,
  'size_download' => 270,
  'speed_download' => 8709,
  'speed_upload' => 1064,
  'download_content_length' => 270,
  'upload_content_length' => 33,
  'starttransfer_time' => 0.0309999999999999997779553950749686919152736663818359375,
  'redirect_time' => 0,
  'redirect_url' => '',
  'primary_ip' => '192.168.1.159',
  'certinfo' => 
  array (
  ),
  'primary_port' => 9875,
  'local_ip' => '192.168.5.56',
  'local_port' => 53426,
)
array (
  'url' => 'http://192.168.1.159:9875/v3/store/getCGImagesByStoreId',
  'content_type' => 'text/html; charset=UTF-8',
  'http_code' => 200,
  'header_size' => 180,
  'request_size' => 152,
  'filetime' => -1,
  'ssl_verify_result' => 0,
  'redirect_count' => 0,
  'total_time' => 0.0309999999999999997779553950749686919152736663818359375,
  'namelookup_time' => 0,
  'connect_time' => 0.01499999999999999944488848768742172978818416595458984375,
  'pretransfer_time' => 0.01499999999999999944488848768742172978818416595458984375,
  'size_upload' => 13,
  'size_download' => 260,
  'speed_download' => 8387,
  'speed_upload' => 419,
  'download_content_length' => 260,
  'upload_content_length' => 13,
  'starttransfer_time' => 0.0309999999999999997779553950749686919152736663818359375,
  'redirect_time' => 0,
  'redirect_url' => '',
  'primary_ip' => '192.168.1.159',
  'certinfo' => 
  array (
  ),
  'primary_port' => 9875,
  'local_ip' => '192.168.5.56',
  'local_port' => 53427,
)
array (
  'url' => 'http://192.168.1.159:9875/v3/page/getPageDetails',
  'content_type' => 'text/html; charset=UTF-8',
  'http_code' => 200,
  'header_size' => 180,
  'request_size' => 213,
  'filetime' => -1,
  'ssl_verify_result' => 0,
  'redirect_count' => 0,
  'total_time' => 0.0309999999999999997779553950749686919152736663818359375,
  'namelookup_time' => 0,
  'connect_time' => 0,
  'pretransfer_time' => 0,
  'size_upload' => 81,
  'size_download' => 854,
  'speed_download' => 27548,
  'speed_upload' => 2612,
  'download_content_length' => 854,
  'upload_content_length' => 81,
  'starttransfer_time' => 0.0309999999999999997779553950749686919152736663818359375,
  'redirect_time' => 0,
  'redirect_url' => '',
  'primary_ip' => '192.168.1.159',
  'certinfo' => 
  array (
  ),
  'primary_port' => 9875,
  'local_ip' => '192.168.5.56',
  'local_port' => 53428,
)