
array (
  'Content' => 'user_id=7519325,user_status=NEWUSER,operator=idea,MSISDN=919637536352,authby=4,servReqSource=WAP',
  'Info' => 
  array (
    'url' => 'http://wakau.in/authService/?AppId=jet&MSISDN=919637536352&NET_IP_ADDRESS=10.39.2.5&IMSI=404220003060554',
    'content_type' => NULL,
    'http_code' => 200,
    'header_size' => 432,
    'request_size' => 135,
    'filetime' => -1,
    'ssl_verify_result' => 0,
    'redirect_count' => 0,
    'total_time' => 1.25,
    'namelookup_time' => 0,
    'connect_time' => 0,
    'pretransfer_time' => 0,
    'size_upload' => 0,
    'size_download' => 96,
    'speed_download' => 76,
    'speed_upload' => 0,
    'download_content_length' => -1,
    'upload_content_length' => 0,
    'starttransfer_time' => 1.25,
    'redirect_time' => 0,
    'redirect_url' => '',
    'primary_ip' => '103.43.2.9',
    'certinfo' => 
    array (
    ),
    'primary_port' => 80,
    'local_ip' => '192.168.3.153',
    'local_port' => 50687,
  ),
  'Error' => '',
)
array (
  'url' => 'http://192.168.1.159:9875/v3/store/getSubscriptionPricePoints',
  'content_type' => 'text/html; charset=UTF-8',
  'http_code' => 200,
  'header_size' => 180,
  'request_size' => 178,
  'filetime' => -1,
  'ssl_verify_result' => 0,
  'redirect_count' => 0,
  'total_time' => 0.04700000000000000011102230246251565404236316680908203125,
  'namelookup_time' => 0,
  'connect_time' => 0,
  'pretransfer_time' => 0,
  'size_upload' => 33,
  'size_download' => 383,
  'speed_download' => 8148,
  'speed_upload' => 702,
  'download_content_length' => 383,
  'upload_content_length' => 33,
  'starttransfer_time' => 0.04700000000000000011102230246251565404236316680908203125,
  'redirect_time' => 0,
  'redirect_url' => '',
  'primary_ip' => '192.168.1.159',
  'certinfo' => 
  array (
  ),
  'primary_port' => 9875,
  'local_ip' => '192.168.3.153',
  'local_port' => 50693,
)
array (
  'url' => 'http://192.168.1.159:9875/v3/store/getCGImagesByStoreId',
  'content_type' => 'text/html; charset=UTF-8',
  'http_code' => 200,
  'header_size' => 180,
  'request_size' => 152,
  'filetime' => -1,
  'ssl_verify_result' => 0,
  'redirect_count' => 0,
  'total_time' => 0.01600000000000000033306690738754696212708950042724609375,
  'namelookup_time' => 0,
  'connect_time' => 0.01600000000000000033306690738754696212708950042724609375,
  'pretransfer_time' => 0.01600000000000000033306690738754696212708950042724609375,
  'size_upload' => 13,
  'size_download' => 403,
  'speed_download' => 25187,
  'speed_upload' => 812,
  'download_content_length' => 403,
  'upload_content_length' => 13,
  'starttransfer_time' => 0.01600000000000000033306690738754696212708950042724609375,
  'redirect_time' => 0,
  'redirect_url' => '',
  'primary_ip' => '192.168.1.159',
  'certinfo' => 
  array (
  ),
  'primary_port' => 9875,
  'local_ip' => '192.168.3.153',
  'local_port' => 50694,
)
array (
  'Content' => 'user_id=7519325,user_status=NEWUSER,operator=idea,MSISDN=919637536352,authby=4,servReqSource=WAP',
  'Info' => 
  array (
    'url' => 'http://wakau.in/authService/?AppId=jet&MSISDN=919637536352&NET_IP_ADDRESS=10.39.2.5&IMSI=404220003060554',
    'content_type' => NULL,
    'http_code' => 200,
    'header_size' => 432,
    'request_size' => 135,
    'filetime' => -1,
    'ssl_verify_result' => 0,
    'redirect_count' => 0,
    'total_time' => 7.3589999999999999857891452847979962825775146484375,
    'namelookup_time' => 0,
    'connect_time' => 0,
    'pretransfer_time' => 0.01499999999999999944488848768742172978818416595458984375,
    'size_upload' => 0,
    'size_download' => 96,
    'speed_download' => 13,
    'speed_upload' => 0,
    'download_content_length' => -1,
    'upload_content_length' => 0,
    'starttransfer_time' => 7.31200000000000027711166694643907248973846435546875,
    'redirect_time' => 0,
    'redirect_url' => '',
    'primary_ip' => '103.43.2.9',
    'certinfo' => 
    array (
    ),
    'primary_port' => 80,
    'local_ip' => '192.168.3.153',
    'local_port' => 50713,
  ),
  'Error' => '',
)
array (
  'url' => 'http://192.168.1.159:9875/v3/store/getSubscriptionPricePoints',
  'content_type' => 'text/html; charset=UTF-8',
  'http_code' => 200,
  'header_size' => 180,
  'request_size' => 178,
  'filetime' => -1,
  'ssl_verify_result' => 0,
  'redirect_count' => 0,
  'total_time' => 0.01600000000000000033306690738754696212708950042724609375,
  'namelookup_time' => 0,
  'connect_time' => 0,
  'pretransfer_time' => 0,
  'size_upload' => 33,
  'size_download' => 383,
  'speed_download' => 23937,
  'speed_upload' => 2062,
  'download_content_length' => 383,
  'upload_content_length' => 33,
  'starttransfer_time' => 0.01600000000000000033306690738754696212708950042724609375,
  'redirect_time' => 0,
  'redirect_url' => '',
  'primary_ip' => '192.168.1.159',
  'certinfo' => 
  array (
  ),
  'primary_port' => 9875,
  'local_ip' => '192.168.3.153',
  'local_port' => 50716,
)
array (
  'url' => 'http://192.168.1.159:9875/v3/store/getCGImagesByStoreId',
  'content_type' => 'text/html; charset=UTF-8',
  'http_code' => 200,
  'header_size' => 180,
  'request_size' => 152,
  'filetime' => -1,
  'ssl_verify_result' => 0,
  'redirect_count' => 0,
  'total_time' => 0.0309999999999999997779553950749686919152736663818359375,
  'namelookup_time' => 0,
  'connect_time' => 0.01499999999999999944488848768742172978818416595458984375,
  'pretransfer_time' => 0.01499999999999999944488848768742172978818416595458984375,
  'size_upload' => 13,
  'size_download' => 403,
  'speed_download' => 13000,
  'speed_upload' => 419,
  'download_content_length' => 403,
  'upload_content_length' => 13,
  'starttransfer_time' => 0.0309999999999999997779553950749686919152736663818359375,
  'redirect_time' => 0,
  'redirect_url' => '',
  'primary_ip' => '192.168.1.159',
  'certinfo' => 
  array (
  ),
  'primary_port' => 9875,
  'local_ip' => '192.168.3.153',
  'local_port' => 50717,
)
'http://103.43.2.5/getideabilling?REQUESTTYPE=NEW_SUB&APPCONTID=123&UNITTYPE=SUBSCRIPTION&CPEVENT=JET0003&MSISDN=919637536352&OPERATOR=idea&CMODE=WAP&UID=jet&PASS=jet@123&TRANSID=963753635212320160129105845571&RETURL=http://localhost/published_store/views/index.php?t=fed6d0371869fba3688d5b9c55e9ed82_n=1_d=488_m=38&FLRETURL=http://localhost/published_store/views/error.php&OTHER1=http://localhost/cgImage/iconCGImages/8_test_640x640_CG4.jpg&OTHER2=http://localhost/published_store/views/index.php&TOKENCALL=91963753635220160129104444543-jet-0-0'
array (
  'Content' => 'user_id=7519325,user_status=NEWUSER,operator=idea,MSISDN=919637536352,authby=4,servReqSource=WAP',
  'Info' => 
  array (
    'url' => 'http://wakau.in/authService/?AppId=jet&MSISDN=919637536352&NET_IP_ADDRESS=10.39.2.5&IMSI=404220003060554',
    'content_type' => NULL,
    'http_code' => 200,
    'header_size' => 432,
    'request_size' => 135,
    'filetime' => -1,
    'ssl_verify_result' => 0,
    'redirect_count' => 0,
    'total_time' => 1.8910000000000000142108547152020037174224853515625,
    'namelookup_time' => 0,
    'connect_time' => 0,
    'pretransfer_time' => 0,
    'size_upload' => 0,
    'size_download' => 96,
    'speed_download' => 50,
    'speed_upload' => 0,
    'download_content_length' => -1,
    'upload_content_length' => 0,
    'starttransfer_time' => 1.8440000000000000834887714518117718398571014404296875,
    'redirect_time' => 0,
    'redirect_url' => '',
    'primary_ip' => '103.43.2.9',
    'certinfo' => 
    array (
    ),
    'primary_port' => 80,
    'local_ip' => '192.168.3.153',
    'local_port' => 50721,
  ),
  'Error' => '',
)
array (
  'url' => 'http://192.168.1.159:9875/v3/store/getSubscriptionPricePoints',
  'content_type' => 'text/html; charset=UTF-8',
  'http_code' => 200,
  'header_size' => 180,
  'request_size' => 178,
  'filetime' => -1,
  'ssl_verify_result' => 0,
  'redirect_count' => 0,
  'total_time' => 0.01600000000000000033306690738754696212708950042724609375,
  'namelookup_time' => 0,
  'connect_time' => 0,
  'pretransfer_time' => 0,
  'size_upload' => 33,
  'size_download' => 383,
  'speed_download' => 23937,
  'speed_upload' => 2062,
  'download_content_length' => 383,
  'upload_content_length' => 33,
  'starttransfer_time' => 0.01600000000000000033306690738754696212708950042724609375,
  'redirect_time' => 0,
  'redirect_url' => '',
  'primary_ip' => '192.168.1.159',
  'certinfo' => 
  array (
  ),
  'primary_port' => 9875,
  'local_ip' => '192.168.3.153',
  'local_port' => 50724,
)
array (
  'url' => 'http://192.168.1.159:9875/v3/store/getCGImagesByStoreId',
  'content_type' => 'text/html; charset=UTF-8',
  'http_code' => 200,
  'header_size' => 180,
  'request_size' => 152,
  'filetime' => -1,
  'ssl_verify_result' => 0,
  'redirect_count' => 0,
  'total_time' => 0.01499999999999999944488848768742172978818416595458984375,
  'namelookup_time' => 0,
  'connect_time' => 0,
  'pretransfer_time' => 0,
  'size_upload' => 13,
  'size_download' => 403,
  'speed_download' => 26866,
  'speed_upload' => 866,
  'download_content_length' => 403,
  'upload_content_length' => 13,
  'starttransfer_time' => 0.01499999999999999944488848768742172978818416595458984375,
  'redirect_time' => 0,
  'redirect_url' => '',
  'primary_ip' => '192.168.1.159',
  'certinfo' => 
  array (
  ),
  'primary_port' => 9875,
  'local_ip' => '192.168.3.153',
  'local_port' => 50725,
)
array (
  'Content' => 'user_id=7519325,user_status=NEWUSER,operator=idea,MSISDN=919637536352,authby=4,servReqSource=WAP',
  'Info' => 
  array (
    'url' => 'http://wakau.in/authService/?AppId=jet&MSISDN=919637536352&NET_IP_ADDRESS=10.39.2.5&IMSI=404220003060554',
    'content_type' => NULL,
    'http_code' => 200,
    'header_size' => 432,
    'request_size' => 135,
    'filetime' => -1,
    'ssl_verify_result' => 0,
    'redirect_count' => 0,
    'total_time' => 4.5,
    'namelookup_time' => 0,
    'connect_time' => 0,
    'pretransfer_time' => 0,
    'size_upload' => 0,
    'size_download' => 96,
    'speed_download' => 21,
    'speed_upload' => 0,
    'download_content_length' => -1,
    'upload_content_length' => 0,
    'starttransfer_time' => 4.45300000000000029132252166164107620716094970703125,
    'redirect_time' => 0,
    'redirect_url' => '',
    'primary_ip' => '103.43.2.9',
    'certinfo' => 
    array (
    ),
    'primary_port' => 80,
    'local_ip' => '192.168.3.153',
    'local_port' => 50738,
  ),
  'Error' => '',
)
array (
  'url' => 'http://192.168.1.159:9875/v3/store/getSubscriptionPricePoints',
  'content_type' => 'text/html; charset=UTF-8',
  'http_code' => 200,
  'header_size' => 180,
  'request_size' => 178,
  'filetime' => -1,
  'ssl_verify_result' => 0,
  'redirect_count' => 0,
  'total_time' => 0.01499999999999999944488848768742172978818416595458984375,
  'namelookup_time' => 0,
  'connect_time' => 0,
  'pretransfer_time' => 0,
  'size_upload' => 33,
  'size_download' => 383,
  'speed_download' => 25533,
  'speed_upload' => 2200,
  'download_content_length' => 383,
  'upload_content_length' => 33,
  'starttransfer_time' => 0.01499999999999999944488848768742172978818416595458984375,
  'redirect_time' => 0,
  'redirect_url' => '',
  'primary_ip' => '192.168.1.159',
  'certinfo' => 
  array (
  ),
  'primary_port' => 9875,
  'local_ip' => '192.168.3.153',
  'local_port' => 50741,
)
array (
  'url' => 'http://192.168.1.159:9875/v3/store/getCGImagesByStoreId',
  'content_type' => 'text/html; charset=UTF-8',
  'http_code' => 200,
  'header_size' => 180,
  'request_size' => 152,
  'filetime' => -1,
  'ssl_verify_result' => 0,
  'redirect_count' => 0,
  'total_time' => 0.01600000000000000033306690738754696212708950042724609375,
  'namelookup_time' => 0,
  'connect_time' => 0,
  'pretransfer_time' => 0,
  'size_upload' => 13,
  'size_download' => 403,
  'speed_download' => 25187,
  'speed_upload' => 812,
  'download_content_length' => 403,
  'upload_content_length' => 13,
  'starttransfer_time' => 0.01600000000000000033306690738754696212708950042724609375,
  'redirect_time' => 0,
  'redirect_url' => '',
  'primary_ip' => '192.168.1.159',
  'certinfo' => 
  array (
  ),
  'primary_port' => 9875,
  'local_ip' => '192.168.3.153',
  'local_port' => 50742,
)