
array (
  'url' => 'http://wakau.in/Service3.svc/substatus/',
  'content_type' => 'multipart/form-data; boundary=------------------------13158aedca495c53',
  'http_code' => 200,
  'header_size' => 585,
  'request_size' => 200,
  'filetime' => -1,
  'ssl_verify_result' => 0,
  'redirect_count' => 0,
  'total_time' => 0.07799999999999999988897769753748434595763683319091796875,
  'namelookup_time' => 0,
  'connect_time' => 0.01600000000000000033306690738754696212708950042724609375,
  'pretransfer_time' => 0.01600000000000000033306690738754696212708950042724609375,
  'size_upload' => 246,
  'size_download' => 181,
  'speed_download' => 2320,
  'speed_upload' => 3153,
  'download_content_length' => -1,
  'upload_content_length' => 246,
  'starttransfer_time' => 0.04700000000000000011102230246251565404236316680908203125,
  'redirect_time' => 0,
  'redirect_url' => '',
  'primary_ip' => '103.43.2.9',
  'certinfo' => 
  array (
  ),
  'primary_port' => 80,
  'local_ip' => '192.168.5.56',
  'local_port' => 52200,
)
array (
  'url' => 'http://192.168.1.159:9875/v3/store/getSubscriptionPricePoints',
  'content_type' => 'text/html; charset=UTF-8',
  'http_code' => 200,
  'header_size' => 180,
  'request_size' => 178,
  'filetime' => -1,
  'ssl_verify_result' => 0,
  'redirect_count' => 0,
  'total_time' => 0.0309999999999999997779553950749686919152736663818359375,
  'namelookup_time' => 0,
  'connect_time' => 0,
  'pretransfer_time' => 0,
  'size_upload' => 33,
  'size_download' => 270,
  'speed_download' => 8709,
  'speed_upload' => 1064,
  'download_content_length' => 270,
  'upload_content_length' => 33,
  'starttransfer_time' => 0.0309999999999999997779553950749686919152736663818359375,
  'redirect_time' => 0,
  'redirect_url' => '',
  'primary_ip' => '192.168.1.159',
  'certinfo' => 
  array (
  ),
  'primary_port' => 9875,
  'local_ip' => '192.168.5.56',
  'local_port' => 52203,
)
array (
  'url' => 'http://192.168.1.159:9875/v3/store/getCGImagesByStoreId',
  'content_type' => 'text/html; charset=UTF-8',
  'http_code' => 200,
  'header_size' => 180,
  'request_size' => 152,
  'filetime' => -1,
  'ssl_verify_result' => 0,
  'redirect_count' => 0,
  'total_time' => 0.01499999999999999944488848768742172978818416595458984375,
  'namelookup_time' => 0,
  'connect_time' => 0,
  'pretransfer_time' => 0,
  'size_upload' => 13,
  'size_download' => 260,
  'speed_download' => 17333,
  'speed_upload' => 866,
  'download_content_length' => 260,
  'upload_content_length' => 13,
  'starttransfer_time' => 0.01499999999999999944488848768742172978818416595458984375,
  'redirect_time' => 0,
  'redirect_url' => '',
  'primary_ip' => '192.168.1.159',
  'certinfo' => 
  array (
  ),
  'primary_port' => 9875,
  'local_ip' => '192.168.5.56',
  'local_port' => 52204,
)
array (
  'url' => 'http://192.168.1.159:9875/v3/page/getPageDetails',
  'content_type' => 'text/html; charset=UTF-8',
  'http_code' => 200,
  'header_size' => 180,
  'request_size' => 204,
  'filetime' => -1,
  'ssl_verify_result' => 0,
  'redirect_count' => 0,
  'total_time' => 0.01499999999999999944488848768742172978818416595458984375,
  'namelookup_time' => 0,
  'connect_time' => 0,
  'pretransfer_time' => 0,
  'size_upload' => 72,
  'size_download' => 854,
  'speed_download' => 56933,
  'speed_upload' => 4800,
  'download_content_length' => 854,
  'upload_content_length' => 72,
  'starttransfer_time' => 0.01499999999999999944488848768742172978818416595458984375,
  'redirect_time' => 0,
  'redirect_url' => '',
  'primary_ip' => '192.168.1.159',
  'certinfo' => 
  array (
  ),
  'primary_port' => 9875,
  'local_ip' => '192.168.5.56',
  'local_port' => 52205,
)
array (
  'url' => 'http://wakau.in/Service3.svc/substatus/',
  'content_type' => 'multipart/form-data; boundary=------------------------55d61f71fa92ad4f',
  'http_code' => 200,
  'header_size' => 585,
  'request_size' => 200,
  'filetime' => -1,
  'ssl_verify_result' => 0,
  'redirect_count' => 0,
  'total_time' => 0.125,
  'namelookup_time' => 0,
  'connect_time' => 0.01499999999999999944488848768742172978818416595458984375,
  'pretransfer_time' => 0.01499999999999999944488848768742172978818416595458984375,
  'size_upload' => 246,
  'size_download' => 181,
  'speed_download' => 1448,
  'speed_upload' => 1968,
  'download_content_length' => -1,
  'upload_content_length' => 246,
  'starttransfer_time' => 0.04700000000000000011102230246251565404236316680908203125,
  'redirect_time' => 0,
  'redirect_url' => '',
  'primary_ip' => '103.43.2.9',
  'certinfo' => 
  array (
  ),
  'primary_port' => 80,
  'local_ip' => '192.168.5.56',
  'local_port' => 52214,
)
array (
  'url' => 'http://192.168.1.159:9875/v3/store/getSubscriptionPricePoints',
  'content_type' => 'text/html; charset=UTF-8',
  'http_code' => 200,
  'header_size' => 180,
  'request_size' => 178,
  'filetime' => -1,
  'ssl_verify_result' => 0,
  'redirect_count' => 0,
  'total_time' => 0.0320000000000000006661338147750939242541790008544921875,
  'namelookup_time' => 0,
  'connect_time' => 0,
  'pretransfer_time' => 0,
  'size_upload' => 33,
  'size_download' => 270,
  'speed_download' => 8437,
  'speed_upload' => 1031,
  'download_content_length' => 270,
  'upload_content_length' => 33,
  'starttransfer_time' => 0.0320000000000000006661338147750939242541790008544921875,
  'redirect_time' => 0,
  'redirect_url' => '',
  'primary_ip' => '192.168.1.159',
  'certinfo' => 
  array (
  ),
  'primary_port' => 9875,
  'local_ip' => '192.168.5.56',
  'local_port' => 52217,
)
array (
  'url' => 'http://192.168.1.159:9875/v3/store/getCGImagesByStoreId',
  'content_type' => 'text/html; charset=UTF-8',
  'http_code' => 200,
  'header_size' => 180,
  'request_size' => 152,
  'filetime' => -1,
  'ssl_verify_result' => 0,
  'redirect_count' => 0,
  'total_time' => 0.01499999999999999944488848768742172978818416595458984375,
  'namelookup_time' => 0,
  'connect_time' => 0.01499999999999999944488848768742172978818416595458984375,
  'pretransfer_time' => 0.01499999999999999944488848768742172978818416595458984375,
  'size_upload' => 13,
  'size_download' => 260,
  'speed_download' => 17333,
  'speed_upload' => 866,
  'download_content_length' => 260,
  'upload_content_length' => 13,
  'starttransfer_time' => 0.01499999999999999944488848768742172978818416595458984375,
  'redirect_time' => 0,
  'redirect_url' => '',
  'primary_ip' => '192.168.1.159',
  'certinfo' => 
  array (
  ),
  'primary_port' => 9875,
  'local_ip' => '192.168.5.56',
  'local_port' => 52218,
)
array (
  'url' => 'http://192.168.1.159:9875/v3/page/getPageDetails',
  'content_type' => 'text/html; charset=UTF-8',
  'http_code' => 200,
  'header_size' => 180,
  'request_size' => 204,
  'filetime' => -1,
  'ssl_verify_result' => 0,
  'redirect_count' => 0,
  'total_time' => 0.01499999999999999944488848768742172978818416595458984375,
  'namelookup_time' => 0,
  'connect_time' => 0,
  'pretransfer_time' => 0,
  'size_upload' => 72,
  'size_download' => 854,
  'speed_download' => 56933,
  'speed_upload' => 4800,
  'download_content_length' => 854,
  'upload_content_length' => 72,
  'starttransfer_time' => 0.01499999999999999944488848768742172978818416595458984375,
  'redirect_time' => 0,
  'redirect_url' => '',
  'primary_ip' => '192.168.1.159',
  'certinfo' => 
  array (
  ),
  'primary_port' => 9875,
  'local_ip' => '192.168.5.56',
  'local_port' => 52219,
)
array (
  'url' => 'http://wakau.in/Service3.svc/substatus/',
  'content_type' => 'multipart/form-data; boundary=------------------------0af80d77671e0ac6',
  'http_code' => 200,
  'header_size' => 585,
  'request_size' => 200,
  'filetime' => -1,
  'ssl_verify_result' => 0,
  'redirect_count' => 0,
  'total_time' => 0.07799999999999999988897769753748434595763683319091796875,
  'namelookup_time' => 0,
  'connect_time' => 0.01600000000000000033306690738754696212708950042724609375,
  'pretransfer_time' => 0.01600000000000000033306690738754696212708950042724609375,
  'size_upload' => 246,
  'size_download' => 181,
  'speed_download' => 2320,
  'speed_upload' => 3153,
  'download_content_length' => -1,
  'upload_content_length' => 246,
  'starttransfer_time' => 0.04700000000000000011102230246251565404236316680908203125,
  'redirect_time' => 0,
  'redirect_url' => '',
  'primary_ip' => '103.43.2.9',
  'certinfo' => 
  array (
  ),
  'primary_port' => 80,
  'local_ip' => '192.168.5.56',
  'local_port' => 52223,
)
array (
  'url' => 'http://192.168.1.159:9875/v3/store/getSubscriptionPricePoints',
  'content_type' => 'text/html; charset=UTF-8',
  'http_code' => 200,
  'header_size' => 180,
  'request_size' => 178,
  'filetime' => -1,
  'ssl_verify_result' => 0,
  'redirect_count' => 0,
  'total_time' => 0.0309999999999999997779553950749686919152736663818359375,
  'namelookup_time' => 0,
  'connect_time' => 0.01600000000000000033306690738754696212708950042724609375,
  'pretransfer_time' => 0.01600000000000000033306690738754696212708950042724609375,
  'size_upload' => 33,
  'size_download' => 270,
  'speed_download' => 8709,
  'speed_upload' => 1064,
  'download_content_length' => 270,
  'upload_content_length' => 33,
  'starttransfer_time' => 0.0309999999999999997779553950749686919152736663818359375,
  'redirect_time' => 0,
  'redirect_url' => '',
  'primary_ip' => '192.168.1.159',
  'certinfo' => 
  array (
  ),
  'primary_port' => 9875,
  'local_ip' => '192.168.5.56',
  'local_port' => 52226,
)
array (
  'url' => 'http://192.168.1.159:9875/v3/store/getCGImagesByStoreId',
  'content_type' => 'text/html; charset=UTF-8',
  'http_code' => 200,
  'header_size' => 180,
  'request_size' => 152,
  'filetime' => -1,
  'ssl_verify_result' => 0,
  'redirect_count' => 0,
  'total_time' => 0.01499999999999999944488848768742172978818416595458984375,
  'namelookup_time' => 0,
  'connect_time' => 0,
  'pretransfer_time' => 0,
  'size_upload' => 13,
  'size_download' => 260,
  'speed_download' => 17333,
  'speed_upload' => 866,
  'download_content_length' => 260,
  'upload_content_length' => 13,
  'starttransfer_time' => 0.01499999999999999944488848768742172978818416595458984375,
  'redirect_time' => 0,
  'redirect_url' => '',
  'primary_ip' => '192.168.1.159',
  'certinfo' => 
  array (
  ),
  'primary_port' => 9875,
  'local_ip' => '192.168.5.56',
  'local_port' => 52227,
)
array (
  'url' => 'http://192.168.1.159:9875/v3/page/getPageDetails',
  'content_type' => 'text/html; charset=UTF-8',
  'http_code' => 200,
  'header_size' => 180,
  'request_size' => 204,
  'filetime' => -1,
  'ssl_verify_result' => 0,
  'redirect_count' => 0,
  'total_time' => 0.01600000000000000033306690738754696212708950042724609375,
  'namelookup_time' => 0,
  'connect_time' => 0,
  'pretransfer_time' => 0,
  'size_upload' => 72,
  'size_download' => 854,
  'speed_download' => 53375,
  'speed_upload' => 4500,
  'download_content_length' => 854,
  'upload_content_length' => 72,
  'starttransfer_time' => 0.01600000000000000033306690738754696212708950042724609375,
  'redirect_time' => 0,
  'redirect_url' => '',
  'primary_ip' => '192.168.1.159',
  'certinfo' => 
  array (
  ),
  'primary_port' => 9875,
  'local_ip' => '192.168.5.56',
  'local_port' => 52228,
)
array (
  'url' => 'http://wakau.in/Service3.svc/substatus/',
  'content_type' => 'multipart/form-data; boundary=------------------------42672d476b975db5',
  'http_code' => 200,
  'header_size' => 585,
  'request_size' => 200,
  'filetime' => -1,
  'ssl_verify_result' => 0,
  'redirect_count' => 0,
  'total_time' => 0.11000000000000000055511151231257827021181583404541015625,
  'namelookup_time' => 0,
  'connect_time' => 0,
  'pretransfer_time' => 0,
  'size_upload' => 246,
  'size_download' => 181,
  'speed_download' => 1645,
  'speed_upload' => 2236,
  'download_content_length' => -1,
  'upload_content_length' => 246,
  'starttransfer_time' => 0.0320000000000000006661338147750939242541790008544921875,
  'redirect_time' => 0,
  'redirect_url' => '',
  'primary_ip' => '103.43.2.9',
  'certinfo' => 
  array (
  ),
  'primary_port' => 80,
  'local_ip' => '192.168.5.56',
  'local_port' => 52234,
)
array (
  'url' => 'http://192.168.1.159:9875/v3/store/getSubscriptionPricePoints',
  'content_type' => 'text/html; charset=UTF-8',
  'http_code' => 200,
  'header_size' => 180,
  'request_size' => 178,
  'filetime' => -1,
  'ssl_verify_result' => 0,
  'redirect_count' => 0,
  'total_time' => 0.01499999999999999944488848768742172978818416595458984375,
  'namelookup_time' => 0,
  'connect_time' => 0.01499999999999999944488848768742172978818416595458984375,
  'pretransfer_time' => 0.01499999999999999944488848768742172978818416595458984375,
  'size_upload' => 33,
  'size_download' => 270,
  'speed_download' => 18000,
  'speed_upload' => 2200,
  'download_content_length' => 270,
  'upload_content_length' => 33,
  'starttransfer_time' => 0.01499999999999999944488848768742172978818416595458984375,
  'redirect_time' => 0,
  'redirect_url' => '',
  'primary_ip' => '192.168.1.159',
  'certinfo' => 
  array (
  ),
  'primary_port' => 9875,
  'local_ip' => '192.168.5.56',
  'local_port' => 52237,
)
array (
  'url' => 'http://192.168.1.159:9875/v3/store/getCGImagesByStoreId',
  'content_type' => 'text/html; charset=UTF-8',
  'http_code' => 200,
  'header_size' => 180,
  'request_size' => 152,
  'filetime' => -1,
  'ssl_verify_result' => 0,
  'redirect_count' => 0,
  'total_time' => 0.01600000000000000033306690738754696212708950042724609375,
  'namelookup_time' => 0,
  'connect_time' => 0.01600000000000000033306690738754696212708950042724609375,
  'pretransfer_time' => 0.01600000000000000033306690738754696212708950042724609375,
  'size_upload' => 13,
  'size_download' => 260,
  'speed_download' => 16250,
  'speed_upload' => 812,
  'download_content_length' => 260,
  'upload_content_length' => 13,
  'starttransfer_time' => 0.01600000000000000033306690738754696212708950042724609375,
  'redirect_time' => 0,
  'redirect_url' => '',
  'primary_ip' => '192.168.1.159',
  'certinfo' => 
  array (
  ),
  'primary_port' => 9875,
  'local_ip' => '192.168.5.56',
  'local_port' => 52238,
)
array (
  'url' => 'http://192.168.1.159:9875/v3/page/getPageDetails',
  'content_type' => 'text/html; charset=UTF-8',
  'http_code' => 200,
  'header_size' => 180,
  'request_size' => 206,
  'filetime' => -1,
  'ssl_verify_result' => 0,
  'redirect_count' => 0,
  'total_time' => 0.0320000000000000006661338147750939242541790008544921875,
  'namelookup_time' => 0,
  'connect_time' => 0.01600000000000000033306690738754696212708950042724609375,
  'pretransfer_time' => 0.01600000000000000033306690738754696212708950042724609375,
  'size_upload' => 74,
  'size_download' => 854,
  'speed_download' => 26687,
  'speed_upload' => 2312,
  'download_content_length' => 854,
  'upload_content_length' => 74,
  'starttransfer_time' => 0.0320000000000000006661338147750939242541790008544921875,
  'redirect_time' => 0,
  'redirect_url' => '',
  'primary_ip' => '192.168.1.159',
  'certinfo' => 
  array (
  ),
  'primary_port' => 9875,
  'local_ip' => '192.168.5.56',
  'local_port' => 52239,
)
array (
  'url' => 'http://wakau.in/Service3.svc/substatus/',
  'content_type' => 'multipart/form-data; boundary=------------------------2536ec6bf2e4e195',
  'http_code' => 200,
  'header_size' => 585,
  'request_size' => 200,
  'filetime' => -1,
  'ssl_verify_result' => 0,
  'redirect_count' => 0,
  'total_time' => 0.061999999999999999555910790149937383830547332763671875,
  'namelookup_time' => 0,
  'connect_time' => 0,
  'pretransfer_time' => 0,
  'size_upload' => 246,
  'size_download' => 181,
  'speed_download' => 2919,
  'speed_upload' => 3967,
  'download_content_length' => -1,
  'upload_content_length' => 246,
  'starttransfer_time' => 0.0309999999999999997779553950749686919152736663818359375,
  'redirect_time' => 0,
  'redirect_url' => '',
  'primary_ip' => '103.43.2.9',
  'certinfo' => 
  array (
  ),
  'primary_port' => 80,
  'local_ip' => '192.168.5.56',
  'local_port' => 52241,
)
array (
  'url' => 'http://192.168.1.159:9875/v3/store/getSubscriptionPricePoints',
  'content_type' => 'text/html; charset=UTF-8',
  'http_code' => 200,
  'header_size' => 180,
  'request_size' => 178,
  'filetime' => -1,
  'ssl_verify_result' => 0,
  'redirect_count' => 0,
  'total_time' => 0.01499999999999999944488848768742172978818416595458984375,
  'namelookup_time' => 0,
  'connect_time' => 0,
  'pretransfer_time' => 0,
  'size_upload' => 33,
  'size_download' => 270,
  'speed_download' => 18000,
  'speed_upload' => 2200,
  'download_content_length' => 270,
  'upload_content_length' => 33,
  'starttransfer_time' => 0.01499999999999999944488848768742172978818416595458984375,
  'redirect_time' => 0,
  'redirect_url' => '',
  'primary_ip' => '192.168.1.159',
  'certinfo' => 
  array (
  ),
  'primary_port' => 9875,
  'local_ip' => '192.168.5.56',
  'local_port' => 52244,
)
array (
  'url' => 'http://192.168.1.159:9875/v3/store/getCGImagesByStoreId',
  'content_type' => 'text/html; charset=UTF-8',
  'http_code' => 200,
  'header_size' => 180,
  'request_size' => 152,
  'filetime' => -1,
  'ssl_verify_result' => 0,
  'redirect_count' => 0,
  'total_time' => 0.01499999999999999944488848768742172978818416595458984375,
  'namelookup_time' => 0,
  'connect_time' => 0.01499999999999999944488848768742172978818416595458984375,
  'pretransfer_time' => 0.01499999999999999944488848768742172978818416595458984375,
  'size_upload' => 13,
  'size_download' => 260,
  'speed_download' => 17333,
  'speed_upload' => 866,
  'download_content_length' => 260,
  'upload_content_length' => 13,
  'starttransfer_time' => 0.01499999999999999944488848768742172978818416595458984375,
  'redirect_time' => 0,
  'redirect_url' => '',
  'primary_ip' => '192.168.1.159',
  'certinfo' => 
  array (
  ),
  'primary_port' => 9875,
  'local_ip' => '192.168.5.56',
  'local_port' => 52245,
)
array (
  'url' => 'http://192.168.1.159:9875/v3/page/getPageDetails',
  'content_type' => 'text/html; charset=UTF-8',
  'http_code' => 200,
  'header_size' => 180,
  'request_size' => 213,
  'filetime' => -1,
  'ssl_verify_result' => 0,
  'redirect_count' => 0,
  'total_time' => 0.01499999999999999944488848768742172978818416595458984375,
  'namelookup_time' => 0,
  'connect_time' => 0,
  'pretransfer_time' => 0,
  'size_upload' => 81,
  'size_download' => 854,
  'speed_download' => 56933,
  'speed_upload' => 5400,
  'download_content_length' => 854,
  'upload_content_length' => 81,
  'starttransfer_time' => 0.01499999999999999944488848768742172978818416595458984375,
  'redirect_time' => 0,
  'redirect_url' => '',
  'primary_ip' => '192.168.1.159',
  'certinfo' => 
  array (
  ),
  'primary_port' => 9875,
  'local_ip' => '192.168.5.56',
  'local_port' => 52246,
)
array (
  'url' => 'http://wakau.in/Service3.svc/substatus/',
  'content_type' => 'multipart/form-data; boundary=------------------------509eaf39464f8180',
  'http_code' => 200,
  'header_size' => 585,
  'request_size' => 200,
  'filetime' => -1,
  'ssl_verify_result' => 0,
  'redirect_count' => 0,
  'total_time' => 0.061999999999999999555910790149937383830547332763671875,
  'namelookup_time' => 0,
  'connect_time' => 0,
  'pretransfer_time' => 0,
  'size_upload' => 246,
  'size_download' => 181,
  'speed_download' => 2919,
  'speed_upload' => 3967,
  'download_content_length' => -1,
  'upload_content_length' => 246,
  'starttransfer_time' => 0.0309999999999999997779553950749686919152736663818359375,
  'redirect_time' => 0,
  'redirect_url' => '',
  'primary_ip' => '103.43.2.9',
  'certinfo' => 
  array (
  ),
  'primary_port' => 80,
  'local_ip' => '192.168.5.56',
  'local_port' => 52260,
)
array (
  'url' => 'http://192.168.1.159:9875/v3/store/getSubscriptionPricePoints',
  'content_type' => 'text/html; charset=UTF-8',
  'http_code' => 200,
  'header_size' => 180,
  'request_size' => 178,
  'filetime' => -1,
  'ssl_verify_result' => 0,
  'redirect_count' => 0,
  'total_time' => 0.01600000000000000033306690738754696212708950042724609375,
  'namelookup_time' => 0,
  'connect_time' => 0,
  'pretransfer_time' => 0,
  'size_upload' => 33,
  'size_download' => 270,
  'speed_download' => 16875,
  'speed_upload' => 2062,
  'download_content_length' => 270,
  'upload_content_length' => 33,
  'starttransfer_time' => 0.01600000000000000033306690738754696212708950042724609375,
  'redirect_time' => 0,
  'redirect_url' => '',
  'primary_ip' => '192.168.1.159',
  'certinfo' => 
  array (
  ),
  'primary_port' => 9875,
  'local_ip' => '192.168.5.56',
  'local_port' => 52263,
)
array (
  'url' => 'http://192.168.1.159:9875/v3/store/getCGImagesByStoreId',
  'content_type' => 'text/html; charset=UTF-8',
  'http_code' => 200,
  'header_size' => 180,
  'request_size' => 152,
  'filetime' => -1,
  'ssl_verify_result' => 0,
  'redirect_count' => 0,
  'total_time' => 0.01600000000000000033306690738754696212708950042724609375,
  'namelookup_time' => 0,
  'connect_time' => 0.01600000000000000033306690738754696212708950042724609375,
  'pretransfer_time' => 0.01600000000000000033306690738754696212708950042724609375,
  'size_upload' => 13,
  'size_download' => 260,
  'speed_download' => 16250,
  'speed_upload' => 812,
  'download_content_length' => 260,
  'upload_content_length' => 13,
  'starttransfer_time' => 0.01600000000000000033306690738754696212708950042724609375,
  'redirect_time' => 0,
  'redirect_url' => '',
  'primary_ip' => '192.168.1.159',
  'certinfo' => 
  array (
  ),
  'primary_port' => 9875,
  'local_ip' => '192.168.5.56',
  'local_port' => 52264,
)
array (
  'url' => 'http://192.168.1.159:9875/v3/page/getPageDetails',
  'content_type' => 'text/html; charset=UTF-8',
  'http_code' => 200,
  'header_size' => 180,
  'request_size' => 213,
  'filetime' => -1,
  'ssl_verify_result' => 0,
  'redirect_count' => 0,
  'total_time' => 0.01600000000000000033306690738754696212708950042724609375,
  'namelookup_time' => 0,
  'connect_time' => 0,
  'pretransfer_time' => 0,
  'size_upload' => 81,
  'size_download' => 854,
  'speed_download' => 53375,
  'speed_upload' => 5062,
  'download_content_length' => 854,
  'upload_content_length' => 81,
  'starttransfer_time' => 0.01600000000000000033306690738754696212708950042724609375,
  'redirect_time' => 0,
  'redirect_url' => '',
  'primary_ip' => '192.168.1.159',
  'certinfo' => 
  array (
  ),
  'primary_port' => 9875,
  'local_ip' => '192.168.5.56',
  'local_port' => 52265,
)
array (
  'url' => 'http://wakau.in/Service3.svc/substatus/',
  'content_type' => 'multipart/form-data; boundary=------------------------910a85abb951417a',
  'http_code' => 200,
  'header_size' => 585,
  'request_size' => 200,
  'filetime' => -1,
  'ssl_verify_result' => 0,
  'redirect_count' => 0,
  'total_time' => 0.10899999999999999966693309261245303787291049957275390625,
  'namelookup_time' => 0,
  'connect_time' => 0,
  'pretransfer_time' => 0,
  'size_upload' => 246,
  'size_download' => 181,
  'speed_download' => 1660,
  'speed_upload' => 2256,
  'download_content_length' => -1,
  'upload_content_length' => 246,
  'starttransfer_time' => 0.0309999999999999997779553950749686919152736663818359375,
  'redirect_time' => 0,
  'redirect_url' => '',
  'primary_ip' => '103.43.2.9',
  'certinfo' => 
  array (
  ),
  'primary_port' => 80,
  'local_ip' => '192.168.5.56',
  'local_port' => 52277,
)
array (
  'url' => 'http://192.168.1.159:9875/v3/store/getSubscriptionPricePoints',
  'content_type' => 'text/html; charset=UTF-8',
  'http_code' => 200,
  'header_size' => 180,
  'request_size' => 178,
  'filetime' => -1,
  'ssl_verify_result' => 0,
  'redirect_count' => 0,
  'total_time' => 0.01600000000000000033306690738754696212708950042724609375,
  'namelookup_time' => 0,
  'connect_time' => 0,
  'pretransfer_time' => 0,
  'size_upload' => 33,
  'size_download' => 270,
  'speed_download' => 16875,
  'speed_upload' => 2062,
  'download_content_length' => 270,
  'upload_content_length' => 33,
  'starttransfer_time' => 0.01600000000000000033306690738754696212708950042724609375,
  'redirect_time' => 0,
  'redirect_url' => '',
  'primary_ip' => '192.168.1.159',
  'certinfo' => 
  array (
  ),
  'primary_port' => 9875,
  'local_ip' => '192.168.5.56',
  'local_port' => 52280,
)
array (
  'url' => 'http://192.168.1.159:9875/v3/store/getCGImagesByStoreId',
  'content_type' => 'text/html; charset=UTF-8',
  'http_code' => 200,
  'header_size' => 180,
  'request_size' => 152,
  'filetime' => -1,
  'ssl_verify_result' => 0,
  'redirect_count' => 0,
  'total_time' => 0.01600000000000000033306690738754696212708950042724609375,
  'namelookup_time' => 0,
  'connect_time' => 0,
  'pretransfer_time' => 0,
  'size_upload' => 13,
  'size_download' => 260,
  'speed_download' => 16250,
  'speed_upload' => 812,
  'download_content_length' => 260,
  'upload_content_length' => 13,
  'starttransfer_time' => 0.01600000000000000033306690738754696212708950042724609375,
  'redirect_time' => 0,
  'redirect_url' => '',
  'primary_ip' => '192.168.1.159',
  'certinfo' => 
  array (
  ),
  'primary_port' => 9875,
  'local_ip' => '192.168.5.56',
  'local_port' => 52281,
)
array (
  'url' => 'http://192.168.1.159:9875/v3/page/getPageDetails',
  'content_type' => 'text/html; charset=UTF-8',
  'http_code' => 200,
  'header_size' => 180,
  'request_size' => 213,
  'filetime' => -1,
  'ssl_verify_result' => 0,
  'redirect_count' => 0,
  'total_time' => 0.0320000000000000006661338147750939242541790008544921875,
  'namelookup_time' => 0,
  'connect_time' => 0.01600000000000000033306690738754696212708950042724609375,
  'pretransfer_time' => 0.01600000000000000033306690738754696212708950042724609375,
  'size_upload' => 81,
  'size_download' => 854,
  'speed_download' => 26687,
  'speed_upload' => 2531,
  'download_content_length' => 854,
  'upload_content_length' => 81,
  'starttransfer_time' => 0.0320000000000000006661338147750939242541790008544921875,
  'redirect_time' => 0,
  'redirect_url' => '',
  'primary_ip' => '192.168.1.159',
  'certinfo' => 
  array (
  ),
  'primary_port' => 9875,
  'local_ip' => '192.168.5.56',
  'local_port' => 52282,
)
array (
  'url' => 'http://wakau.in/Service3.svc/substatus/',
  'content_type' => 'multipart/form-data; boundary=------------------------d078d31bf16a882a',
  'http_code' => 200,
  'header_size' => 585,
  'request_size' => 200,
  'filetime' => -1,
  'ssl_verify_result' => 0,
  'redirect_count' => 0,
  'total_time' => 0.125,
  'namelookup_time' => 0,
  'connect_time' => 0.01499999999999999944488848768742172978818416595458984375,
  'pretransfer_time' => 0.01499999999999999944488848768742172978818416595458984375,
  'size_upload' => 246,
  'size_download' => 181,
  'speed_download' => 1448,
  'speed_upload' => 1968,
  'download_content_length' => -1,
  'upload_content_length' => 246,
  'starttransfer_time' => 0.04700000000000004174438572590588591992855072021484375,
  'redirect_time' => 0,
  'redirect_url' => '',
  'primary_ip' => '103.43.2.9',
  'certinfo' => 
  array (
  ),
  'primary_port' => 80,
  'local_ip' => '192.168.5.56',
  'local_port' => 52289,
)
array (
  'url' => 'http://192.168.1.159:9875/v3/store/getSubscriptionPricePoints',
  'content_type' => 'text/html; charset=UTF-8',
  'http_code' => 200,
  'header_size' => 180,
  'request_size' => 178,
  'filetime' => -1,
  'ssl_verify_result' => 0,
  'redirect_count' => 0,
  'total_time' => 0.01499999999999999944488848768742172978818416595458984375,
  'namelookup_time' => 0,
  'connect_time' => 0,
  'pretransfer_time' => 0,
  'size_upload' => 33,
  'size_download' => 270,
  'speed_download' => 18000,
  'speed_upload' => 2200,
  'download_content_length' => 270,
  'upload_content_length' => 33,
  'starttransfer_time' => 0.01499999999999999944488848768742172978818416595458984375,
  'redirect_time' => 0,
  'redirect_url' => '',
  'primary_ip' => '192.168.1.159',
  'certinfo' => 
  array (
  ),
  'primary_port' => 9875,
  'local_ip' => '192.168.5.56',
  'local_port' => 52292,
)
array (
  'url' => 'http://192.168.1.159:9875/v3/store/getCGImagesByStoreId',
  'content_type' => 'text/html; charset=UTF-8',
  'http_code' => 200,
  'header_size' => 180,
  'request_size' => 152,
  'filetime' => -1,
  'ssl_verify_result' => 0,
  'redirect_count' => 0,
  'total_time' => 0.01600000000000000033306690738754696212708950042724609375,
  'namelookup_time' => 0,
  'connect_time' => 0.01600000000000000033306690738754696212708950042724609375,
  'pretransfer_time' => 0.01600000000000000033306690738754696212708950042724609375,
  'size_upload' => 13,
  'size_download' => 260,
  'speed_download' => 16250,
  'speed_upload' => 812,
  'download_content_length' => 260,
  'upload_content_length' => 13,
  'starttransfer_time' => 0.01600000000000000033306690738754696212708950042724609375,
  'redirect_time' => 0,
  'redirect_url' => '',
  'primary_ip' => '192.168.1.159',
  'certinfo' => 
  array (
  ),
  'primary_port' => 9875,
  'local_ip' => '192.168.5.56',
  'local_port' => 52293,
)
array (
  'url' => 'http://192.168.1.159:9875/v3/page/getPageDetails',
  'content_type' => 'text/html; charset=UTF-8',
  'http_code' => 200,
  'header_size' => 180,
  'request_size' => 206,
  'filetime' => -1,
  'ssl_verify_result' => 0,
  'redirect_count' => 0,
  'total_time' => 0.0309999999999999997779553950749686919152736663818359375,
  'namelookup_time' => 0,
  'connect_time' => 0.01600000000000000033306690738754696212708950042724609375,
  'pretransfer_time' => 0.01600000000000000033306690738754696212708950042724609375,
  'size_upload' => 74,
  'size_download' => 854,
  'speed_download' => 27548,
  'speed_upload' => 2387,
  'download_content_length' => 854,
  'upload_content_length' => 74,
  'starttransfer_time' => 0.0309999999999999997779553950749686919152736663818359375,
  'redirect_time' => 0,
  'redirect_url' => '',
  'primary_ip' => '192.168.1.159',
  'certinfo' => 
  array (
  ),
  'primary_port' => 9875,
  'local_ip' => '192.168.5.56',
  'local_port' => 52294,
)
array (
  'url' => 'http://wakau.in/Service3.svc/substatus/',
  'content_type' => 'multipart/form-data; boundary=------------------------f3799bf8b6eb67bc',
  'http_code' => 200,
  'header_size' => 585,
  'request_size' => 200,
  'filetime' => -1,
  'ssl_verify_result' => 0,
  'redirect_count' => 0,
  'total_time' => 0.10899999999999999966693309261245303787291049957275390625,
  'namelookup_time' => 0,
  'connect_time' => 0.01499999999999999944488848768742172978818416595458984375,
  'pretransfer_time' => 0.01499999999999999944488848768742172978818416595458984375,
  'size_upload' => 246,
  'size_download' => 181,
  'speed_download' => 1660,
  'speed_upload' => 2256,
  'download_content_length' => -1,
  'upload_content_length' => 246,
  'starttransfer_time' => 0.04599999999999999922284388276239042170345783233642578125,
  'redirect_time' => 0,
  'redirect_url' => '',
  'primary_ip' => '103.43.2.9',
  'certinfo' => 
  array (
  ),
  'primary_port' => 80,
  'local_ip' => '192.168.5.56',
  'local_port' => 52300,
)
array (
  'url' => 'http://192.168.1.159:9875/v3/store/getSubscriptionPricePoints',
  'content_type' => 'text/html; charset=UTF-8',
  'http_code' => 200,
  'header_size' => 180,
  'request_size' => 178,
  'filetime' => -1,
  'ssl_verify_result' => 0,
  'redirect_count' => 0,
  'total_time' => 0.01600000000000000033306690738754696212708950042724609375,
  'namelookup_time' => 0,
  'connect_time' => 0,
  'pretransfer_time' => 0,
  'size_upload' => 33,
  'size_download' => 270,
  'speed_download' => 16875,
  'speed_upload' => 2062,
  'download_content_length' => 270,
  'upload_content_length' => 33,
  'starttransfer_time' => 0.01600000000000000033306690738754696212708950042724609375,
  'redirect_time' => 0,
  'redirect_url' => '',
  'primary_ip' => '192.168.1.159',
  'certinfo' => 
  array (
  ),
  'primary_port' => 9875,
  'local_ip' => '192.168.5.56',
  'local_port' => 52303,
)
array (
  'url' => 'http://192.168.1.159:9875/v3/store/getCGImagesByStoreId',
  'content_type' => 'text/html; charset=UTF-8',
  'http_code' => 200,
  'header_size' => 180,
  'request_size' => 152,
  'filetime' => -1,
  'ssl_verify_result' => 0,
  'redirect_count' => 0,
  'total_time' => 0.01600000000000000033306690738754696212708950042724609375,
  'namelookup_time' => 0,
  'connect_time' => 0,
  'pretransfer_time' => 0,
  'size_upload' => 13,
  'size_download' => 260,
  'speed_download' => 16250,
  'speed_upload' => 812,
  'download_content_length' => 260,
  'upload_content_length' => 13,
  'starttransfer_time' => 0.01600000000000000033306690738754696212708950042724609375,
  'redirect_time' => 0,
  'redirect_url' => '',
  'primary_ip' => '192.168.1.159',
  'certinfo' => 
  array (
  ),
  'primary_port' => 9875,
  'local_ip' => '192.168.5.56',
  'local_port' => 52304,
)
array (
  'url' => 'http://192.168.1.159:9875/v3/page/getPageDetails',
  'content_type' => 'text/html; charset=UTF-8',
  'http_code' => 200,
  'header_size' => 180,
  'request_size' => 206,
  'filetime' => -1,
  'ssl_verify_result' => 0,
  'redirect_count' => 0,
  'total_time' => 0.0309999999999999997779553950749686919152736663818359375,
  'namelookup_time' => 0,
  'connect_time' => 0,
  'pretransfer_time' => 0,
  'size_upload' => 74,
  'size_download' => 854,
  'speed_download' => 27548,
  'speed_upload' => 2387,
  'download_content_length' => 854,
  'upload_content_length' => 74,
  'starttransfer_time' => 0.0309999999999999997779553950749686919152736663818359375,
  'redirect_time' => 0,
  'redirect_url' => '',
  'primary_ip' => '192.168.1.159',
  'certinfo' => 
  array (
  ),
  'primary_port' => 9875,
  'local_ip' => '192.168.5.56',
  'local_port' => 52305,
)
array (
  'url' => 'http://wakau.in/Service3.svc/substatus/',
  'content_type' => 'multipart/form-data; boundary=------------------------109dce3f3ce61bef',
  'http_code' => 200,
  'header_size' => 585,
  'request_size' => 200,
  'filetime' => -1,
  'ssl_verify_result' => 0,
  'redirect_count' => 0,
  'total_time' => 0.171999999999999986233234494648058898746967315673828125,
  'namelookup_time' => 0,
  'connect_time' => 0.01600000000000000033306690738754696212708950042724609375,
  'pretransfer_time' => 0.01600000000000000033306690738754696212708950042724609375,
  'size_upload' => 246,
  'size_download' => 181,
  'speed_download' => 1052,
  'speed_upload' => 1430,
  'download_content_length' => -1,
  'upload_content_length' => 246,
  'starttransfer_time' => 0.125,
  'redirect_time' => 0,
  'redirect_url' => '',
  'primary_ip' => '103.43.2.9',
  'certinfo' => 
  array (
  ),
  'primary_port' => 80,
  'local_ip' => '192.168.5.56',
  'local_port' => 52313,
)
array (
  'url' => 'http://192.168.1.159:9875/v3/store/getSubscriptionPricePoints',
  'content_type' => 'text/html; charset=UTF-8',
  'http_code' => 200,
  'header_size' => 180,
  'request_size' => 178,
  'filetime' => -1,
  'ssl_verify_result' => 0,
  'redirect_count' => 0,
  'total_time' => 0.0309999999999999997779553950749686919152736663818359375,
  'namelookup_time' => 0,
  'connect_time' => 0,
  'pretransfer_time' => 0,
  'size_upload' => 33,
  'size_download' => 270,
  'speed_download' => 8709,
  'speed_upload' => 1064,
  'download_content_length' => 270,
  'upload_content_length' => 33,
  'starttransfer_time' => 0.0309999999999999997779553950749686919152736663818359375,
  'redirect_time' => 0,
  'redirect_url' => '',
  'primary_ip' => '192.168.1.159',
  'certinfo' => 
  array (
  ),
  'primary_port' => 9875,
  'local_ip' => '192.168.5.56',
  'local_port' => 52316,
)
array (
  'url' => 'http://192.168.1.159:9875/v3/store/getCGImagesByStoreId',
  'content_type' => 'text/html; charset=UTF-8',
  'http_code' => 200,
  'header_size' => 180,
  'request_size' => 152,
  'filetime' => -1,
  'ssl_verify_result' => 0,
  'redirect_count' => 0,
  'total_time' => 0.01600000000000000033306690738754696212708950042724609375,
  'namelookup_time' => 0,
  'connect_time' => 0,
  'pretransfer_time' => 0,
  'size_upload' => 13,
  'size_download' => 260,
  'speed_download' => 16250,
  'speed_upload' => 812,
  'download_content_length' => 260,
  'upload_content_length' => 13,
  'starttransfer_time' => 0.01600000000000000033306690738754696212708950042724609375,
  'redirect_time' => 0,
  'redirect_url' => '',
  'primary_ip' => '192.168.1.159',
  'certinfo' => 
  array (
  ),
  'primary_port' => 9875,
  'local_ip' => '192.168.5.56',
  'local_port' => 52317,
)
array (
  'url' => 'http://192.168.1.159:9875/v3/page/getPageDetails',
  'content_type' => 'text/html; charset=UTF-8',
  'http_code' => 200,
  'header_size' => 180,
  'request_size' => 206,
  'filetime' => -1,
  'ssl_verify_result' => 0,
  'redirect_count' => 0,
  'total_time' => 0.0309999999999999997779553950749686919152736663818359375,
  'namelookup_time' => 0,
  'connect_time' => 0.01600000000000000033306690738754696212708950042724609375,
  'pretransfer_time' => 0.01600000000000000033306690738754696212708950042724609375,
  'size_upload' => 74,
  'size_download' => 854,
  'speed_download' => 27548,
  'speed_upload' => 2387,
  'download_content_length' => 854,
  'upload_content_length' => 74,
  'starttransfer_time' => 0.0309999999999999997779553950749686919152736663818359375,
  'redirect_time' => 0,
  'redirect_url' => '',
  'primary_ip' => '192.168.1.159',
  'certinfo' => 
  array (
  ),
  'primary_port' => 9875,
  'local_ip' => '192.168.5.56',
  'local_port' => 52318,
)
array (
  'url' => 'http://wakau.in/Service3.svc/substatus/',
  'content_type' => 'multipart/form-data; boundary=------------------------2bb721b787086f4d',
  'http_code' => 200,
  'header_size' => 585,
  'request_size' => 200,
  'filetime' => -1,
  'ssl_verify_result' => 0,
  'redirect_count' => 0,
  'total_time' => 0.0929999999999999993338661852249060757458209991455078125,
  'namelookup_time' => 0,
  'connect_time' => 0.01499999999999999944488848768742172978818416595458984375,
  'pretransfer_time' => 0.01499999999999999944488848768742172978818416595458984375,
  'size_upload' => 246,
  'size_download' => 181,
  'speed_download' => 1946,
  'speed_upload' => 2645,
  'download_content_length' => -1,
  'upload_content_length' => 246,
  'starttransfer_time' => 0.04599999999999999922284388276239042170345783233642578125,
  'redirect_time' => 0,
  'redirect_url' => '',
  'primary_ip' => '103.43.2.9',
  'certinfo' => 
  array (
  ),
  'primary_port' => 80,
  'local_ip' => '192.168.5.56',
  'local_port' => 52323,
)
array (
  'url' => 'http://192.168.1.159:9875/v3/store/getSubscriptionPricePoints',
  'content_type' => 'text/html; charset=UTF-8',
  'http_code' => 200,
  'header_size' => 180,
  'request_size' => 178,
  'filetime' => -1,
  'ssl_verify_result' => 0,
  'redirect_count' => 0,
  'total_time' => 0.01600000000000000033306690738754696212708950042724609375,
  'namelookup_time' => 0,
  'connect_time' => 0.01600000000000000033306690738754696212708950042724609375,
  'pretransfer_time' => 0.01600000000000000033306690738754696212708950042724609375,
  'size_upload' => 33,
  'size_download' => 270,
  'speed_download' => 16875,
  'speed_upload' => 2062,
  'download_content_length' => 270,
  'upload_content_length' => 33,
  'starttransfer_time' => 0.01600000000000000033306690738754696212708950042724609375,
  'redirect_time' => 0,
  'redirect_url' => '',
  'primary_ip' => '192.168.1.159',
  'certinfo' => 
  array (
  ),
  'primary_port' => 9875,
  'local_ip' => '192.168.5.56',
  'local_port' => 52326,
)
array (
  'url' => 'http://192.168.1.159:9875/v3/store/getCGImagesByStoreId',
  'content_type' => 'text/html; charset=UTF-8',
  'http_code' => 200,
  'header_size' => 180,
  'request_size' => 152,
  'filetime' => -1,
  'ssl_verify_result' => 0,
  'redirect_count' => 0,
  'total_time' => 0.01600000000000000033306690738754696212708950042724609375,
  'namelookup_time' => 0,
  'connect_time' => 0,
  'pretransfer_time' => 0,
  'size_upload' => 13,
  'size_download' => 260,
  'speed_download' => 16250,
  'speed_upload' => 812,
  'download_content_length' => 260,
  'upload_content_length' => 13,
  'starttransfer_time' => 0.01600000000000000033306690738754696212708950042724609375,
  'redirect_time' => 0,
  'redirect_url' => '',
  'primary_ip' => '192.168.1.159',
  'certinfo' => 
  array (
  ),
  'primary_port' => 9875,
  'local_ip' => '192.168.5.56',
  'local_port' => 52327,
)
array (
  'url' => 'http://192.168.1.159:9875/v3/page/getPageDetails',
  'content_type' => 'text/html; charset=UTF-8',
  'http_code' => 200,
  'header_size' => 180,
  'request_size' => 213,
  'filetime' => -1,
  'ssl_verify_result' => 0,
  'redirect_count' => 0,
  'total_time' => 0.0309999999999999997779553950749686919152736663818359375,
  'namelookup_time' => 0,
  'connect_time' => 0,
  'pretransfer_time' => 0,
  'size_upload' => 81,
  'size_download' => 854,
  'speed_download' => 27548,
  'speed_upload' => 2612,
  'download_content_length' => 854,
  'upload_content_length' => 81,
  'starttransfer_time' => 0.0309999999999999997779553950749686919152736663818359375,
  'redirect_time' => 0,
  'redirect_url' => '',
  'primary_ip' => '192.168.1.159',
  'certinfo' => 
  array (
  ),
  'primary_port' => 9875,
  'local_ip' => '192.168.5.56',
  'local_port' => 52328,
)
array (
  'url' => 'http://wakau.in/Service3.svc/substatus/',
  'content_type' => 'multipart/form-data; boundary=------------------------9b90c4454376b4ec',
  'http_code' => 200,
  'header_size' => 585,
  'request_size' => 200,
  'filetime' => -1,
  'ssl_verify_result' => 0,
  'redirect_count' => 0,
  'total_time' => 0.0620000000000000550670620214077644050121307373046875,
  'namelookup_time' => 0,
  'connect_time' => 0,
  'pretransfer_time' => 0,
  'size_upload' => 246,
  'size_download' => 181,
  'speed_download' => 2919,
  'speed_upload' => 3967,
  'download_content_length' => -1,
  'upload_content_length' => 246,
  'starttransfer_time' => 0.03100000000000002753353101070388220250606536865234375,
  'redirect_time' => 0,
  'redirect_url' => '',
  'primary_ip' => '103.43.2.9',
  'certinfo' => 
  array (
  ),
  'primary_port' => 80,
  'local_ip' => '192.168.5.56',
  'local_port' => 52336,
)
array (
  'url' => 'http://192.168.1.159:9875/v3/store/getSubscriptionPricePoints',
  'content_type' => 'text/html; charset=UTF-8',
  'http_code' => 200,
  'header_size' => 180,
  'request_size' => 178,
  'filetime' => -1,
  'ssl_verify_result' => 0,
  'redirect_count' => 0,
  'total_time' => 0.01600000000000000033306690738754696212708950042724609375,
  'namelookup_time' => 0,
  'connect_time' => 0,
  'pretransfer_time' => 0,
  'size_upload' => 33,
  'size_download' => 270,
  'speed_download' => 16875,
  'speed_upload' => 2062,
  'download_content_length' => 270,
  'upload_content_length' => 33,
  'starttransfer_time' => 0.01600000000000000033306690738754696212708950042724609375,
  'redirect_time' => 0,
  'redirect_url' => '',
  'primary_ip' => '192.168.1.159',
  'certinfo' => 
  array (
  ),
  'primary_port' => 9875,
  'local_ip' => '192.168.5.56',
  'local_port' => 52339,
)
array (
  'url' => 'http://192.168.1.159:9875/v3/store/getCGImagesByStoreId',
  'content_type' => 'text/html; charset=UTF-8',
  'http_code' => 200,
  'header_size' => 180,
  'request_size' => 152,
  'filetime' => -1,
  'ssl_verify_result' => 0,
  'redirect_count' => 0,
  'total_time' => 0.01600000000000000033306690738754696212708950042724609375,
  'namelookup_time' => 0,
  'connect_time' => 0,
  'pretransfer_time' => 0,
  'size_upload' => 13,
  'size_download' => 260,
  'speed_download' => 16250,
  'speed_upload' => 812,
  'download_content_length' => 260,
  'upload_content_length' => 13,
  'starttransfer_time' => 0.01600000000000000033306690738754696212708950042724609375,
  'redirect_time' => 0,
  'redirect_url' => '',
  'primary_ip' => '192.168.1.159',
  'certinfo' => 
  array (
  ),
  'primary_port' => 9875,
  'local_ip' => '192.168.5.56',
  'local_port' => 52340,
)
array (
  'url' => 'http://192.168.1.159:9875/v3/page/getPageDetails',
  'content_type' => 'text/html; charset=UTF-8',
  'http_code' => 200,
  'header_size' => 180,
  'request_size' => 213,
  'filetime' => -1,
  'ssl_verify_result' => 0,
  'redirect_count' => 0,
  'total_time' => 0.07799999999999999988897769753748434595763683319091796875,
  'namelookup_time' => 0,
  'connect_time' => 0.01499999999999999944488848768742172978818416595458984375,
  'pretransfer_time' => 0.01499999999999999944488848768742172978818416595458984375,
  'size_upload' => 81,
  'size_download' => 854,
  'speed_download' => 10948,
  'speed_upload' => 1038,
  'download_content_length' => 854,
  'upload_content_length' => 81,
  'starttransfer_time' => 0.07799999999999999988897769753748434595763683319091796875,
  'redirect_time' => 0,
  'redirect_url' => '',
  'primary_ip' => '192.168.1.159',
  'certinfo' => 
  array (
  ),
  'primary_port' => 9875,
  'local_ip' => '192.168.5.56',
  'local_port' => 52341,
)