
array (
  'Content' => 'user_id=7519325,user_status=NEWUSER,operator=idea,MSISDN=919637536352,authby=4,servReqSource=WAP',
  'Info' => 
  array (
    'url' => 'http://wakau.in/authService/?AppId=jet&MSISDN=919637536352&NET_IP_ADDRESS=10.39.2.5&IMSI=404220003060554',
    'content_type' => NULL,
    'http_code' => 200,
    'header_size' => 431,
    'request_size' => 135,
    'filetime' => -1,
    'ssl_verify_result' => 0,
    'redirect_count' => 0,
    'total_time' => 0.04599999999999999922284388276239042170345783233642578125,
    'namelookup_time' => 0,
    'connect_time' => 0,
    'pretransfer_time' => 0,
    'size_upload' => 0,
    'size_download' => 96,
    'speed_download' => 2086,
    'speed_upload' => 0,
    'download_content_length' => -1,
    'upload_content_length' => 0,
    'starttransfer_time' => 0.04599999999999999922284388276239042170345783233642578125,
    'redirect_time' => 0,
    'redirect_url' => '',
    'primary_ip' => '103.43.2.9',
    'certinfo' => 
    array (
    ),
    'primary_port' => 80,
    'local_ip' => '192.168.3.153',
    'local_port' => 56657,
  ),
  'Error' => '',
)
array (
  'url' => 'http://192.168.1.159:9875/v3/store/getSubscriptionPricePoints',
  'content_type' => 'text/html; charset=UTF-8',
  'http_code' => 200,
  'header_size' => 180,
  'request_size' => 178,
  'filetime' => -1,
  'ssl_verify_result' => 0,
  'redirect_count' => 0,
  'total_time' => 0.0309999999999999997779553950749686919152736663818359375,
  'namelookup_time' => 0,
  'connect_time' => 0.01499999999999999944488848768742172978818416595458984375,
  'pretransfer_time' => 0.01499999999999999944488848768742172978818416595458984375,
  'size_upload' => 33,
  'size_download' => 829,
  'speed_download' => 26741,
  'speed_upload' => 1064,
  'download_content_length' => 829,
  'upload_content_length' => 33,
  'starttransfer_time' => 0.0309999999999999997779553950749686919152736663818359375,
  'redirect_time' => 0,
  'redirect_url' => '',
  'primary_ip' => '192.168.1.159',
  'certinfo' => 
  array (
  ),
  'primary_port' => 9875,
  'local_ip' => '192.168.3.153',
  'local_port' => 56660,
)
array (
  'url' => 'http://192.168.1.159:9875/v3/store/getCGImagesByStoreId',
  'content_type' => 'text/html; charset=UTF-8',
  'http_code' => 200,
  'header_size' => 180,
  'request_size' => 152,
  'filetime' => -1,
  'ssl_verify_result' => 0,
  'redirect_count' => 0,
  'total_time' => 0.0309999999999999997779553950749686919152736663818359375,
  'namelookup_time' => 0,
  'connect_time' => 0.01499999999999999944488848768742172978818416595458984375,
  'pretransfer_time' => 0.01499999999999999944488848768742172978818416595458984375,
  'size_upload' => 13,
  'size_download' => 403,
  'speed_download' => 13000,
  'speed_upload' => 419,
  'download_content_length' => 403,
  'upload_content_length' => 13,
  'starttransfer_time' => 0.0309999999999999997779553950749686919152736663818359375,
  'redirect_time' => 0,
  'redirect_url' => '',
  'primary_ip' => '192.168.1.159',
  'certinfo' => 
  array (
  ),
  'primary_port' => 9875,
  'local_ip' => '192.168.3.153',
  'local_port' => 56661,
)
array (
  'url' => 'http://192.168.1.159:9875/v3/page/getPageDetails',
  'content_type' => 'text/html; charset=UTF-8',
  'http_code' => 200,
  'header_size' => 181,
  'request_size' => 206,
  'filetime' => -1,
  'ssl_verify_result' => 0,
  'redirect_count' => 0,
  'total_time' => 0.04599999999999999922284388276239042170345783233642578125,
  'namelookup_time' => 0,
  'connect_time' => 0.01499999999999999944488848768742172978818416595458984375,
  'pretransfer_time' => 0.01499999999999999944488848768742172978818416595458984375,
  'size_upload' => 74,
  'size_download' => 1946,
  'speed_download' => 42304,
  'speed_upload' => 1608,
  'download_content_length' => 1946,
  'upload_content_length' => 74,
  'starttransfer_time' => 0.04599999999999999922284388276239042170345783233642578125,
  'redirect_time' => 0,
  'redirect_url' => '',
  'primary_ip' => '192.168.1.159',
  'certinfo' => 
  array (
  ),
  'primary_port' => 9875,
  'local_ip' => '192.168.3.153',
  'local_port' => 56662,
)
array (
  'Content' => 'user_id=7519325,user_status=NEWUSER,operator=idea,MSISDN=919637536352,authby=4,servReqSource=WAP',
  'Info' => 
  array (
    'url' => 'http://wakau.in/authService/?AppId=jet&MSISDN=919637536352&NET_IP_ADDRESS=10.39.2.5&IMSI=404220003060554',
    'content_type' => NULL,
    'http_code' => 200,
    'header_size' => 431,
    'request_size' => 135,
    'filetime' => -1,
    'ssl_verify_result' => 0,
    'redirect_count' => 0,
    'total_time' => 0.04599999999999999922284388276239042170345783233642578125,
    'namelookup_time' => 0,
    'connect_time' => 0,
    'pretransfer_time' => 0,
    'size_upload' => 0,
    'size_download' => 96,
    'speed_download' => 2086,
    'speed_upload' => 0,
    'download_content_length' => -1,
    'upload_content_length' => 0,
    'starttransfer_time' => 0.04599999999999999922284388276239042170345783233642578125,
    'redirect_time' => 0,
    'redirect_url' => '',
    'primary_ip' => '103.43.2.9',
    'certinfo' => 
    array (
    ),
    'primary_port' => 80,
    'local_ip' => '192.168.3.153',
    'local_port' => 56674,
  ),
  'Error' => '',
)
array (
  'url' => 'http://192.168.1.159:9875/v3/store/getSubscriptionPricePoints',
  'content_type' => 'text/html; charset=UTF-8',
  'http_code' => 200,
  'header_size' => 180,
  'request_size' => 178,
  'filetime' => -1,
  'ssl_verify_result' => 0,
  'redirect_count' => 0,
  'total_time' => 0.0309999999999999997779553950749686919152736663818359375,
  'namelookup_time' => 0,
  'connect_time' => 0,
  'pretransfer_time' => 0,
  'size_upload' => 33,
  'size_download' => 829,
  'speed_download' => 26741,
  'speed_upload' => 1064,
  'download_content_length' => 829,
  'upload_content_length' => 33,
  'starttransfer_time' => 0.0309999999999999997779553950749686919152736663818359375,
  'redirect_time' => 0,
  'redirect_url' => '',
  'primary_ip' => '192.168.1.159',
  'certinfo' => 
  array (
  ),
  'primary_port' => 9875,
  'local_ip' => '192.168.3.153',
  'local_port' => 56677,
)
array (
  'url' => 'http://192.168.1.159:9875/v3/store/getCGImagesByStoreId',
  'content_type' => 'text/html; charset=UTF-8',
  'http_code' => 200,
  'header_size' => 180,
  'request_size' => 152,
  'filetime' => -1,
  'ssl_verify_result' => 0,
  'redirect_count' => 0,
  'total_time' => 0.0309999999999999997779553950749686919152736663818359375,
  'namelookup_time' => 0,
  'connect_time' => 0.01600000000000000033306690738754696212708950042724609375,
  'pretransfer_time' => 0.01600000000000000033306690738754696212708950042724609375,
  'size_upload' => 13,
  'size_download' => 403,
  'speed_download' => 13000,
  'speed_upload' => 419,
  'download_content_length' => 403,
  'upload_content_length' => 13,
  'starttransfer_time' => 0.0309999999999999997779553950749686919152736663818359375,
  'redirect_time' => 0,
  'redirect_url' => '',
  'primary_ip' => '192.168.1.159',
  'certinfo' => 
  array (
  ),
  'primary_port' => 9875,
  'local_ip' => '192.168.3.153',
  'local_port' => 56678,
)
array (
  'url' => 'http://192.168.1.159:9875/v3/page/getPageDetails',
  'content_type' => 'text/html; charset=UTF-8',
  'http_code' => 200,
  'header_size' => 187,
  'request_size' => 204,
  'filetime' => -1,
  'ssl_verify_result' => 0,
  'redirect_count' => 0,
  'total_time' => 1.6870000000000000550670620214077644050121307373046875,
  'namelookup_time' => 0,
  'connect_time' => 0,
  'pretransfer_time' => 0,
  'size_upload' => 72,
  'size_download' => 628249,
  'speed_download' => 372406,
  'speed_upload' => 42,
  'download_content_length' => -1,
  'upload_content_length' => 72,
  'starttransfer_time' => 1.625,
  'redirect_time' => 0,
  'redirect_url' => '',
  'primary_ip' => '192.168.1.159',
  'certinfo' => 
  array (
  ),
  'primary_port' => 9875,
  'local_ip' => '192.168.3.153',
  'local_port' => 56679,
)