
array (
  'Content' => '{"servReqSource":"WAP","SubEndDate":"2016-01-29 00:00:00.0","status":"SUBSCRIBED","msisdn":"919527900420","user_id":"1955188","authby":"4","operator":"idea","price_point":"JET0005"}',
  'Info' => 
  array (
    'url' => 'http://wakau.in/Service3.svc/substatus/',
    'content_type' => 'multipart/form-data; boundary=------------------------9474bdd6c0dcd6dc',
    'http_code' => 200,
    'header_size' => 585,
    'request_size' => 200,
    'filetime' => -1,
    'ssl_verify_result' => 0,
    'redirect_count' => 0,
    'total_time' => 0.11000000000000000055511151231257827021181583404541015625,
    'namelookup_time' => 0,
    'connect_time' => 0,
    'pretransfer_time' => 0,
    'size_upload' => 246,
    'size_download' => 181,
    'speed_download' => 1645,
    'speed_upload' => 2236,
    'download_content_length' => -1,
    'upload_content_length' => 246,
    'starttransfer_time' => 0.0320000000000000006661338147750939242541790008544921875,
    'redirect_time' => 0,
    'redirect_url' => '',
    'primary_ip' => '103.43.2.9',
    'certinfo' => 
    array (
    ),
    'primary_port' => 80,
    'local_ip' => '192.168.5.56',
    'local_port' => 57158,
  ),
  'Error' => '',
)
stdClass::__set_state(array(
   'Content' => '[{"user_agent":"Mozilla/5.0 (Windows NT 6.3; WOW64) AppleWebKit/537.36 (KHTML, like Gecko) Chrome/47.0.2526.111 Safari/537.36","device_id":"generic_web_browser","html_preferred_dtd":"HTML","screen_width":800,"wallpaper_preferred_width":0,"wallpaper_preferred_height":0,"max_image_width":800,"max_image_height":600,"mp3":0,"device_brand":"generic web browser","device_model":"","streaming_video":0,"streaming_3gpp":0,"streaming_mp4":0,"streaming_flv":0,"streaming_video_size_limit":0,"pref_protocal":"rtsp","streaming_pref_http_protocal":"none","wallpaper_gif":0,"wallpaper_jpg":0,"wallpaper_png":0,"device_res_height":600,"device_res_width":800,"playback_3gpp":0,"playback_mp4":0,"browser":"Chrome"}]',
   'Info' => 
  array (
    'url' => 'http://wakau.in/telcoService/GetUserAgentInfo',
    'content_type' => 'multipart/form-data; boundary=------------------------b104f24c54b281c9',
    'http_code' => 200,
    'header_size' => 346,
    'request_size' => 206,
    'filetime' => -1,
    'ssl_verify_result' => 0,
    'redirect_count' => 0,
    'total_time' => 0.04700000000000000011102230246251565404236316680908203125,
    'namelookup_time' => 0,
    'connect_time' => 0,
    'pretransfer_time' => 0,
    'size_upload' => 181,
    'size_download' => 700,
    'speed_download' => 14893,
    'speed_upload' => 3851,
    'download_content_length' => -1,
    'upload_content_length' => 181,
    'starttransfer_time' => 0.0309999999999999997779553950749686919152736663818359375,
    'redirect_time' => 0,
    'redirect_url' => '',
    'primary_ip' => '103.43.2.9',
    'certinfo' => 
    array (
    ),
    'primary_port' => 80,
    'local_ip' => '192.168.5.56',
    'local_port' => 57159,
  ),
   'Error' => '',
))
array (
  'Content' => '{"message":{"status":"SUCCESS-BUSINESS","status_code":"200","subscriptionPricePoints":[{"sp_jed_id":"JET0005","sp_caption":"Subscription @ Rs 3","dcl_partner_id":"idea","dcl_disclaimer":"Click to download this content @ Rs 3\\/- per day","pas_arrange_seq":"5","storeId":"2","pss_sp_id":"3","sp_plan_name":"3","sp_description":"Unlimited downloading. Recurs daily"}]},"type":"SUCCESS"}',
  'Info' => 
  array (
    'url' => 'http://192.168.1.159:9875/v3/store/getSubscriptionPricePoints',
    'content_type' => 'text/html; charset=UTF-8',
    'http_code' => 200,
    'header_size' => 180,
    'request_size' => 178,
    'filetime' => -1,
    'ssl_verify_result' => 0,
    'redirect_count' => 0,
    'total_time' => 0.0309999999999999997779553950749686919152736663818359375,
    'namelookup_time' => 0,
    'connect_time' => 0,
    'pretransfer_time' => 0,
    'size_upload' => 33,
    'size_download' => 383,
    'speed_download' => 12354,
    'speed_upload' => 1064,
    'download_content_length' => 383,
    'upload_content_length' => 33,
    'starttransfer_time' => 0.0309999999999999997779553950749686919152736663818359375,
    'redirect_time' => 0,
    'redirect_url' => '',
    'primary_ip' => '192.168.1.159',
    'certinfo' => 
    array (
    ),
    'primary_port' => 9875,
    'local_ip' => '192.168.5.56',
    'local_port' => 57161,
  ),
  'Error' => '',
)
array (
  'Content' => '{"message":{"status":"SUCCESS-BUSINESS","status_code":"200","storeCGImages":[{"pci_sp_pkg_id":"1","cg_images":"\\/contentFiles\\/1_T.jpg","pci_image_size":"640X640"},{"pci_sp_pkg_id":"8","cg_images":"\\/contentFiles\\/8_test_640x640_CG4.jpg","pci_image_size":"640X640"},{"pci_sp_pkg_id":"14","cg_images":"\\/contentFiles\\/14_test_640x640_CG4.jpg","pci_image_size":"640X640"}]},"type":"SUCCESS"}',
  'Info' => 
  array (
    'url' => 'http://192.168.1.159:9875/v3/store/getCGImagesByStoreId',
    'content_type' => 'text/html; charset=UTF-8',
    'http_code' => 200,
    'header_size' => 180,
    'request_size' => 152,
    'filetime' => -1,
    'ssl_verify_result' => 0,
    'redirect_count' => 0,
    'total_time' => 0.01600000000000000033306690738754696212708950042724609375,
    'namelookup_time' => 0,
    'connect_time' => 0,
    'pretransfer_time' => 0,
    'size_upload' => 13,
    'size_download' => 389,
    'speed_download' => 24312,
    'speed_upload' => 812,
    'download_content_length' => 389,
    'upload_content_length' => 13,
    'starttransfer_time' => 0.01600000000000000033306690738754696212708950042724609375,
    'redirect_time' => 0,
    'redirect_url' => '',
    'primary_ip' => '192.168.1.159',
    'certinfo' => 
    array (
    ),
    'primary_port' => 9875,
    'local_ip' => '192.168.5.56',
    'local_port' => 57162,
  ),
  'Error' => '',
)
array (
  'url' => 'http://192.168.1.159:9875/v3/page/getPageDetails',
  'content_type' => 'text/html; charset=UTF-8',
  'http_code' => 200,
  'header_size' => 187,
  'request_size' => 204,
  'filetime' => -1,
  'ssl_verify_result' => 0,
  'redirect_count' => 0,
  'total_time' => 1.7339999999999999857891452847979962825775146484375,
  'namelookup_time' => 0,
  'connect_time' => 0,
  'pretransfer_time' => 0,
  'size_upload' => 72,
  'size_download' => 632987,
  'speed_download' => 365044,
  'speed_upload' => 41,
  'download_content_length' => -1,
  'upload_content_length' => 72,
  'starttransfer_time' => 1.640000000000000124344978758017532527446746826171875,
  'redirect_time' => 0,
  'redirect_url' => '',
  'primary_ip' => '192.168.1.159',
  'certinfo' => 
  array (
  ),
  'primary_port' => 9875,
  'local_ip' => '192.168.5.56',
  'local_port' => 57163,
)