
array (
  'url' => 'http://wakau.in/Service3.svc/substatus/',
  'content_type' => 'multipart/form-data; boundary=------------------------b1ceeff28d08a833',
  'http_code' => 200,
  'header_size' => 586,
  'request_size' => 200,
  'filetime' => -1,
  'ssl_verify_result' => 0,
  'redirect_count' => 0,
  'total_time' => 0.10899999999999999966693309261245303787291049957275390625,
  'namelookup_time' => 0,
  'connect_time' => 0,
  'pretransfer_time' => 0,
  'size_upload' => 246,
  'size_download' => 181,
  'speed_download' => 1660,
  'speed_upload' => 2256,
  'download_content_length' => -1,
  'upload_content_length' => 246,
  'starttransfer_time' => 0.0309999999999999997779553950749686919152736663818359375,
  'redirect_time' => 0,
  'redirect_url' => '',
  'primary_ip' => '103.43.2.9',
  'certinfo' => 
  array (
  ),
  'primary_port' => 80,
  'local_ip' => '192.168.3.153',
  'local_port' => 59932,
)
array (
  'url' => 'http://192.168.1.159:9875/v3/store/getSubscriptionPricePoints',
  'content_type' => 'text/html; charset=UTF-8',
  'http_code' => 200,
  'header_size' => 181,
  'request_size' => 178,
  'filetime' => -1,
  'ssl_verify_result' => 0,
  'redirect_count' => 0,
  'total_time' => 0.0309999999999999997779553950749686919152736663818359375,
  'namelookup_time' => 0,
  'connect_time' => 0,
  'pretransfer_time' => 0,
  'size_upload' => 33,
  'size_download' => 1560,
  'speed_download' => 50322,
  'speed_upload' => 1064,
  'download_content_length' => 1560,
  'upload_content_length' => 33,
  'starttransfer_time' => 0.0309999999999999997779553950749686919152736663818359375,
  'redirect_time' => 0,
  'redirect_url' => '',
  'primary_ip' => '192.168.1.159',
  'certinfo' => 
  array (
  ),
  'primary_port' => 9875,
  'local_ip' => '192.168.3.153',
  'local_port' => 59935,
)
array (
  'url' => 'http://192.168.1.159:9875/v3/store/getCGImagesByStoreId',
  'content_type' => 'text/html; charset=UTF-8',
  'http_code' => 200,
  'header_size' => 180,
  'request_size' => 152,
  'filetime' => -1,
  'ssl_verify_result' => 0,
  'redirect_count' => 0,
  'total_time' => 0.01499999999999999944488848768742172978818416595458984375,
  'namelookup_time' => 0,
  'connect_time' => 0,
  'pretransfer_time' => 0,
  'size_upload' => 13,
  'size_download' => 403,
  'speed_download' => 26866,
  'speed_upload' => 866,
  'download_content_length' => 403,
  'upload_content_length' => 13,
  'starttransfer_time' => 0.01499999999999999944488848768742172978818416595458984375,
  'redirect_time' => 0,
  'redirect_url' => '',
  'primary_ip' => '192.168.1.159',
  'certinfo' => 
  array (
  ),
  'primary_port' => 9875,
  'local_ip' => '192.168.3.153',
  'local_port' => 59936,
)
array (
  'url' => 'http://192.168.1.159:9875/v3/contentDownloadHistory/getCatalogueDetail',
  'content_type' => 'text/html; charset=UTF-8',
  'http_code' => 200,
  'header_size' => 180,
  'request_size' => 172,
  'filetime' => -1,
  'ssl_verify_result' => 0,
  'redirect_count' => 0,
  'total_time' => 0.01600000000000000033306690738754696212708950042724609375,
  'namelookup_time' => 0,
  'connect_time' => 0.01600000000000000033306690738754696212708950042724609375,
  'pretransfer_time' => 0.01600000000000000033306690738754696212708950042724609375,
  'size_upload' => 18,
  'size_download' => 122,
  'speed_download' => 7625,
  'speed_upload' => 1125,
  'download_content_length' => 122,
  'upload_content_length' => 18,
  'starttransfer_time' => 0.01600000000000000033306690738754696212708950042724609375,
  'redirect_time' => 0,
  'redirect_url' => '',
  'primary_ip' => '192.168.1.159',
  'certinfo' => 
  array (
  ),
  'primary_port' => 9875,
  'local_ip' => '192.168.3.153',
  'local_port' => 59938,
)
NULL
array (
  'url' => 'http://wakau.in/Service3.svc/substatus/',
  'content_type' => 'multipart/form-data; boundary=------------------------1401d6b07b021f54',
  'http_code' => 200,
  'header_size' => 586,
  'request_size' => 200,
  'filetime' => -1,
  'ssl_verify_result' => 0,
  'redirect_count' => 0,
  'total_time' => 0.203000000000000013766765505351941101253032684326171875,
  'namelookup_time' => 0,
  'connect_time' => 0,
  'pretransfer_time' => 0,
  'size_upload' => 246,
  'size_download' => 181,
  'speed_download' => 891,
  'speed_upload' => 1211,
  'download_content_length' => -1,
  'upload_content_length' => 246,
  'starttransfer_time' => 0.0940000000000000002220446049250313080847263336181640625,
  'redirect_time' => 0,
  'redirect_url' => '',
  'primary_ip' => '103.43.2.9',
  'certinfo' => 
  array (
  ),
  'primary_port' => 80,
  'local_ip' => '192.168.3.153',
  'local_port' => 59946,
)
array (
  'url' => 'http://192.168.1.159:9875/v3/store/getSubscriptionPricePoints',
  'content_type' => 'text/html; charset=UTF-8',
  'http_code' => 200,
  'header_size' => 181,
  'request_size' => 178,
  'filetime' => -1,
  'ssl_verify_result' => 0,
  'redirect_count' => 0,
  'total_time' => 0.01600000000000000033306690738754696212708950042724609375,
  'namelookup_time' => 0,
  'connect_time' => 0,
  'pretransfer_time' => 0,
  'size_upload' => 33,
  'size_download' => 1560,
  'speed_download' => 97500,
  'speed_upload' => 2062,
  'download_content_length' => 1560,
  'upload_content_length' => 33,
  'starttransfer_time' => 0.01600000000000000033306690738754696212708950042724609375,
  'redirect_time' => 0,
  'redirect_url' => '',
  'primary_ip' => '192.168.1.159',
  'certinfo' => 
  array (
  ),
  'primary_port' => 9875,
  'local_ip' => '192.168.3.153',
  'local_port' => 59949,
)
array (
  'url' => 'http://192.168.1.159:9875/v3/store/getCGImagesByStoreId',
  'content_type' => 'text/html; charset=UTF-8',
  'http_code' => 200,
  'header_size' => 180,
  'request_size' => 152,
  'filetime' => -1,
  'ssl_verify_result' => 0,
  'redirect_count' => 0,
  'total_time' => 0.01600000000000000033306690738754696212708950042724609375,
  'namelookup_time' => 0,
  'connect_time' => 0.01600000000000000033306690738754696212708950042724609375,
  'pretransfer_time' => 0.01600000000000000033306690738754696212708950042724609375,
  'size_upload' => 13,
  'size_download' => 403,
  'speed_download' => 25187,
  'speed_upload' => 812,
  'download_content_length' => 403,
  'upload_content_length' => 13,
  'starttransfer_time' => 0.01600000000000000033306690738754696212708950042724609375,
  'redirect_time' => 0,
  'redirect_url' => '',
  'primary_ip' => '192.168.1.159',
  'certinfo' => 
  array (
  ),
  'primary_port' => 9875,
  'local_ip' => '192.168.3.153',
  'local_port' => 59950,
)
array (
  'url' => 'http://192.168.1.159:9875/v3/contentDownloadHistory/getCatalogueDetail',
  'content_type' => 'text/html; charset=UTF-8',
  'http_code' => 200,
  'header_size' => 180,
  'request_size' => 172,
  'filetime' => -1,
  'ssl_verify_result' => 0,
  'redirect_count' => 0,
  'total_time' => 0.0309999999999999997779553950749686919152736663818359375,
  'namelookup_time' => 0,
  'connect_time' => 0.01600000000000000033306690738754696212708950042724609375,
  'pretransfer_time' => 0.01600000000000000033306690738754696212708950042724609375,
  'size_upload' => 18,
  'size_download' => 122,
  'speed_download' => 3935,
  'speed_upload' => 580,
  'download_content_length' => 122,
  'upload_content_length' => 18,
  'starttransfer_time' => 0.0309999999999999997779553950749686919152736663818359375,
  'redirect_time' => 0,
  'redirect_url' => '',
  'primary_ip' => '192.168.1.159',
  'certinfo' => 
  array (
  ),
  'primary_port' => 9875,
  'local_ip' => '192.168.3.153',
  'local_port' => 59952,
)
NULL
array (
  'url' => 'http://wakau.in/Service3.svc/substatus/',
  'content_type' => 'multipart/form-data; boundary=------------------------22537821c6c12f23',
  'http_code' => 200,
  'header_size' => 586,
  'request_size' => 200,
  'filetime' => -1,
  'ssl_verify_result' => 0,
  'redirect_count' => 0,
  'total_time' => 0.20299999999999995825561427409411408007144927978515625,
  'namelookup_time' => 0,
  'connect_time' => 0.01499999999999999944488848768742172978818416595458984375,
  'pretransfer_time' => 0.01499999999999999944488848768742172978818416595458984375,
  'size_upload' => 246,
  'size_download' => 181,
  'speed_download' => 891,
  'speed_upload' => 1211,
  'download_content_length' => -1,
  'upload_content_length' => 246,
  'starttransfer_time' => 0.1559999999999999997779553950749686919152736663818359375,
  'redirect_time' => 0,
  'redirect_url' => '',
  'primary_ip' => '103.43.2.9',
  'certinfo' => 
  array (
  ),
  'primary_port' => 80,
  'local_ip' => '192.168.3.153',
  'local_port' => 59956,
)
array (
  'url' => 'http://192.168.1.159:9875/v3/store/getSubscriptionPricePoints',
  'content_type' => 'text/html; charset=UTF-8',
  'http_code' => 200,
  'header_size' => 181,
  'request_size' => 178,
  'filetime' => -1,
  'ssl_verify_result' => 0,
  'redirect_count' => 0,
  'total_time' => 0.01600000000000000033306690738754696212708950042724609375,
  'namelookup_time' => 0,
  'connect_time' => 0,
  'pretransfer_time' => 0,
  'size_upload' => 33,
  'size_download' => 1560,
  'speed_download' => 97500,
  'speed_upload' => 2062,
  'download_content_length' => 1560,
  'upload_content_length' => 33,
  'starttransfer_time' => 0.01600000000000000033306690738754696212708950042724609375,
  'redirect_time' => 0,
  'redirect_url' => '',
  'primary_ip' => '192.168.1.159',
  'certinfo' => 
  array (
  ),
  'primary_port' => 9875,
  'local_ip' => '192.168.3.153',
  'local_port' => 59959,
)
array (
  'url' => 'http://192.168.1.159:9875/v3/store/getCGImagesByStoreId',
  'content_type' => 'text/html; charset=UTF-8',
  'http_code' => 200,
  'header_size' => 180,
  'request_size' => 152,
  'filetime' => -1,
  'ssl_verify_result' => 0,
  'redirect_count' => 0,
  'total_time' => 0.01600000000000000033306690738754696212708950042724609375,
  'namelookup_time' => 0,
  'connect_time' => 0,
  'pretransfer_time' => 0,
  'size_upload' => 13,
  'size_download' => 403,
  'speed_download' => 25187,
  'speed_upload' => 812,
  'download_content_length' => 403,
  'upload_content_length' => 13,
  'starttransfer_time' => 0.01600000000000000033306690738754696212708950042724609375,
  'redirect_time' => 0,
  'redirect_url' => '',
  'primary_ip' => '192.168.1.159',
  'certinfo' => 
  array (
  ),
  'primary_port' => 9875,
  'local_ip' => '192.168.3.153',
  'local_port' => 59960,
)
array (
  'url' => 'http://192.168.1.159:9875/v3/contentDownloadHistory/getCatalogueDetail',
  'content_type' => 'text/html; charset=UTF-8',
  'http_code' => 200,
  'header_size' => 180,
  'request_size' => 172,
  'filetime' => -1,
  'ssl_verify_result' => 0,
  'redirect_count' => 0,
  'total_time' => 0.01499999999999999944488848768742172978818416595458984375,
  'namelookup_time' => 0,
  'connect_time' => 0,
  'pretransfer_time' => 0,
  'size_upload' => 18,
  'size_download' => 122,
  'speed_download' => 8133,
  'speed_upload' => 1200,
  'download_content_length' => 122,
  'upload_content_length' => 18,
  'starttransfer_time' => 0.01499999999999999944488848768742172978818416595458984375,
  'redirect_time' => 0,
  'redirect_url' => '',
  'primary_ip' => '192.168.1.159',
  'certinfo' => 
  array (
  ),
  'primary_port' => 9875,
  'local_ip' => '192.168.3.153',
  'local_port' => 59962,
)
NULL
array (
  'url' => 'http://wakau.in/Service3.svc/substatus/',
  'content_type' => 'multipart/form-data; boundary=------------------------08808a3e1746d6d5',
  'http_code' => 200,
  'header_size' => 586,
  'request_size' => 200,
  'filetime' => -1,
  'ssl_verify_result' => 0,
  'redirect_count' => 0,
  'total_time' => 0.061999999999999999555910790149937383830547332763671875,
  'namelookup_time' => 0,
  'connect_time' => 0,
  'pretransfer_time' => 0,
  'size_upload' => 246,
  'size_download' => 181,
  'speed_download' => 2919,
  'speed_upload' => 3967,
  'download_content_length' => -1,
  'upload_content_length' => 246,
  'starttransfer_time' => 0.0309999999999999997779553950749686919152736663818359375,
  'redirect_time' => 0,
  'redirect_url' => '',
  'primary_ip' => '103.43.2.9',
  'certinfo' => 
  array (
  ),
  'primary_port' => 80,
  'local_ip' => '192.168.3.153',
  'local_port' => 59977,
)
array (
  'url' => 'http://192.168.1.159:9875/v3/store/getSubscriptionPricePoints',
  'content_type' => 'text/html; charset=UTF-8',
  'http_code' => 200,
  'header_size' => 181,
  'request_size' => 178,
  'filetime' => -1,
  'ssl_verify_result' => 0,
  'redirect_count' => 0,
  'total_time' => 0.0309999999999999997779553950749686919152736663818359375,
  'namelookup_time' => 0,
  'connect_time' => 0,
  'pretransfer_time' => 0,
  'size_upload' => 33,
  'size_download' => 1560,
  'speed_download' => 50322,
  'speed_upload' => 1064,
  'download_content_length' => 1560,
  'upload_content_length' => 33,
  'starttransfer_time' => 0.0309999999999999997779553950749686919152736663818359375,
  'redirect_time' => 0,
  'redirect_url' => '',
  'primary_ip' => '192.168.1.159',
  'certinfo' => 
  array (
  ),
  'primary_port' => 9875,
  'local_ip' => '192.168.3.153',
  'local_port' => 59980,
)
array (
  'url' => 'http://192.168.1.159:9875/v3/store/getCGImagesByStoreId',
  'content_type' => 'text/html; charset=UTF-8',
  'http_code' => 200,
  'header_size' => 180,
  'request_size' => 152,
  'filetime' => -1,
  'ssl_verify_result' => 0,
  'redirect_count' => 0,
  'total_time' => 0.01600000000000000033306690738754696212708950042724609375,
  'namelookup_time' => 0,
  'connect_time' => 0,
  'pretransfer_time' => 0,
  'size_upload' => 13,
  'size_download' => 403,
  'speed_download' => 25187,
  'speed_upload' => 812,
  'download_content_length' => 403,
  'upload_content_length' => 13,
  'starttransfer_time' => 0.01600000000000000033306690738754696212708950042724609375,
  'redirect_time' => 0,
  'redirect_url' => '',
  'primary_ip' => '192.168.1.159',
  'certinfo' => 
  array (
  ),
  'primary_port' => 9875,
  'local_ip' => '192.168.3.153',
  'local_port' => 59981,
)
array (
  'url' => 'http://192.168.1.159:9875/v3/contentDownloadHistory/getCatalogueDetail',
  'content_type' => 'text/html; charset=UTF-8',
  'http_code' => 200,
  'header_size' => 180,
  'request_size' => 172,
  'filetime' => -1,
  'ssl_verify_result' => 0,
  'redirect_count' => 0,
  'total_time' => 0.01499999999999999944488848768742172978818416595458984375,
  'namelookup_time' => 0,
  'connect_time' => 0,
  'pretransfer_time' => 0,
  'size_upload' => 18,
  'size_download' => 122,
  'speed_download' => 8133,
  'speed_upload' => 1200,
  'download_content_length' => 122,
  'upload_content_length' => 18,
  'starttransfer_time' => 0.01499999999999999944488848768742172978818416595458984375,
  'redirect_time' => 0,
  'redirect_url' => '',
  'primary_ip' => '192.168.1.159',
  'certinfo' => 
  array (
  ),
  'primary_port' => 9875,
  'local_ip' => '192.168.3.153',
  'local_port' => 59983,
)
NULL
array (
  'url' => 'http://wakau.in/Service3.svc/substatus/',
  'content_type' => 'multipart/form-data; boundary=------------------------b80f8f27a6ecba7e',
  'http_code' => 200,
  'header_size' => 586,
  'request_size' => 200,
  'filetime' => -1,
  'ssl_verify_result' => 0,
  'redirect_count' => 0,
  'total_time' => 0.07799999999999999988897769753748434595763683319091796875,
  'namelookup_time' => 0,
  'connect_time' => 0.01499999999999999944488848768742172978818416595458984375,
  'pretransfer_time' => 0.01499999999999999944488848768742172978818416595458984375,
  'size_upload' => 246,
  'size_download' => 181,
  'speed_download' => 2320,
  'speed_upload' => 3153,
  'download_content_length' => -1,
  'upload_content_length' => 246,
  'starttransfer_time' => 0.04700000000000000011102230246251565404236316680908203125,
  'redirect_time' => 0,
  'redirect_url' => '',
  'primary_ip' => '103.43.2.9',
  'certinfo' => 
  array (
  ),
  'primary_port' => 80,
  'local_ip' => '192.168.3.153',
  'local_port' => 59988,
)
array (
  'url' => 'http://192.168.1.159:9875/v3/store/getSubscriptionPricePoints',
  'content_type' => 'text/html; charset=UTF-8',
  'http_code' => 200,
  'header_size' => 181,
  'request_size' => 178,
  'filetime' => -1,
  'ssl_verify_result' => 0,
  'redirect_count' => 0,
  'total_time' => 0.01600000000000000033306690738754696212708950042724609375,
  'namelookup_time' => 0,
  'connect_time' => 0,
  'pretransfer_time' => 0,
  'size_upload' => 33,
  'size_download' => 1560,
  'speed_download' => 97500,
  'speed_upload' => 2062,
  'download_content_length' => 1560,
  'upload_content_length' => 33,
  'starttransfer_time' => 0.01600000000000000033306690738754696212708950042724609375,
  'redirect_time' => 0,
  'redirect_url' => '',
  'primary_ip' => '192.168.1.159',
  'certinfo' => 
  array (
  ),
  'primary_port' => 9875,
  'local_ip' => '192.168.3.153',
  'local_port' => 59991,
)
array (
  'url' => 'http://192.168.1.159:9875/v3/store/getCGImagesByStoreId',
  'content_type' => 'text/html; charset=UTF-8',
  'http_code' => 200,
  'header_size' => 180,
  'request_size' => 152,
  'filetime' => -1,
  'ssl_verify_result' => 0,
  'redirect_count' => 0,
  'total_time' => 0.01600000000000000033306690738754696212708950042724609375,
  'namelookup_time' => 0,
  'connect_time' => 0,
  'pretransfer_time' => 0,
  'size_upload' => 13,
  'size_download' => 403,
  'speed_download' => 25187,
  'speed_upload' => 812,
  'download_content_length' => 403,
  'upload_content_length' => 13,
  'starttransfer_time' => 0.01600000000000000033306690738754696212708950042724609375,
  'redirect_time' => 0,
  'redirect_url' => '',
  'primary_ip' => '192.168.1.159',
  'certinfo' => 
  array (
  ),
  'primary_port' => 9875,
  'local_ip' => '192.168.3.153',
  'local_port' => 59992,
)
array (
  'url' => 'http://192.168.1.159:9875/v3/contentDownloadHistory/getCatalogueDetail',
  'content_type' => 'text/html; charset=UTF-8',
  'http_code' => 200,
  'header_size' => 180,
  'request_size' => 172,
  'filetime' => -1,
  'ssl_verify_result' => 0,
  'redirect_count' => 0,
  'total_time' => 0.01600000000000000033306690738754696212708950042724609375,
  'namelookup_time' => 0,
  'connect_time' => 0,
  'pretransfer_time' => 0,
  'size_upload' => 18,
  'size_download' => 122,
  'speed_download' => 7625,
  'speed_upload' => 1125,
  'download_content_length' => 122,
  'upload_content_length' => 18,
  'starttransfer_time' => 0.01600000000000000033306690738754696212708950042724609375,
  'redirect_time' => 0,
  'redirect_url' => '',
  'primary_ip' => '192.168.1.159',
  'certinfo' => 
  array (
  ),
  'primary_port' => 9875,
  'local_ip' => '192.168.3.153',
  'local_port' => 59994,
)
NULL
array (
  'url' => 'http://wakau.in/Service3.svc/substatus/',
  'content_type' => 'multipart/form-data; boundary=------------------------206614ab9360985b',
  'http_code' => 200,
  'header_size' => 586,
  'request_size' => 200,
  'filetime' => -1,
  'ssl_verify_result' => 0,
  'redirect_count' => 0,
  'total_time' => 0.0929999999999999993338661852249060757458209991455078125,
  'namelookup_time' => 0,
  'connect_time' => 0,
  'pretransfer_time' => 0,
  'size_upload' => 246,
  'size_download' => 181,
  'speed_download' => 1946,
  'speed_upload' => 2645,
  'download_content_length' => -1,
  'upload_content_length' => 246,
  'starttransfer_time' => 0.061999999999999999555910790149937383830547332763671875,
  'redirect_time' => 0,
  'redirect_url' => '',
  'primary_ip' => '103.43.2.9',
  'certinfo' => 
  array (
  ),
  'primary_port' => 80,
  'local_ip' => '192.168.3.153',
  'local_port' => 60006,
)
array (
  'url' => 'http://192.168.1.159:9875/v3/store/getSubscriptionPricePoints',
  'content_type' => 'text/html; charset=UTF-8',
  'http_code' => 200,
  'header_size' => 181,
  'request_size' => 178,
  'filetime' => -1,
  'ssl_verify_result' => 0,
  'redirect_count' => 0,
  'total_time' => 0.01499999999999999944488848768742172978818416595458984375,
  'namelookup_time' => 0,
  'connect_time' => 0,
  'pretransfer_time' => 0,
  'size_upload' => 33,
  'size_download' => 1560,
  'speed_download' => 104000,
  'speed_upload' => 2200,
  'download_content_length' => 1560,
  'upload_content_length' => 33,
  'starttransfer_time' => 0.01499999999999999944488848768742172978818416595458984375,
  'redirect_time' => 0,
  'redirect_url' => '',
  'primary_ip' => '192.168.1.159',
  'certinfo' => 
  array (
  ),
  'primary_port' => 9875,
  'local_ip' => '192.168.3.153',
  'local_port' => 60009,
)
array (
  'url' => 'http://192.168.1.159:9875/v3/store/getCGImagesByStoreId',
  'content_type' => 'text/html; charset=UTF-8',
  'http_code' => 200,
  'header_size' => 180,
  'request_size' => 152,
  'filetime' => -1,
  'ssl_verify_result' => 0,
  'redirect_count' => 0,
  'total_time' => 0.01499999999999999944488848768742172978818416595458984375,
  'namelookup_time' => 0,
  'connect_time' => 0,
  'pretransfer_time' => 0,
  'size_upload' => 13,
  'size_download' => 403,
  'speed_download' => 26866,
  'speed_upload' => 866,
  'download_content_length' => 403,
  'upload_content_length' => 13,
  'starttransfer_time' => 0.01499999999999999944488848768742172978818416595458984375,
  'redirect_time' => 0,
  'redirect_url' => '',
  'primary_ip' => '192.168.1.159',
  'certinfo' => 
  array (
  ),
  'primary_port' => 9875,
  'local_ip' => '192.168.3.153',
  'local_port' => 60010,
)
array (
  'url' => 'http://192.168.1.159:9875/v3/contentDownloadHistory/getCatalogueDetail',
  'content_type' => 'text/html; charset=UTF-8',
  'http_code' => 200,
  'header_size' => 180,
  'request_size' => 172,
  'filetime' => -1,
  'ssl_verify_result' => 0,
  'redirect_count' => 0,
  'total_time' => 0.04700000000000000011102230246251565404236316680908203125,
  'namelookup_time' => 0,
  'connect_time' => 0,
  'pretransfer_time' => 0,
  'size_upload' => 18,
  'size_download' => 122,
  'speed_download' => 2595,
  'speed_upload' => 382,
  'download_content_length' => 122,
  'upload_content_length' => 18,
  'starttransfer_time' => 0.04700000000000000011102230246251565404236316680908203125,
  'redirect_time' => 0,
  'redirect_url' => '',
  'primary_ip' => '192.168.1.159',
  'certinfo' => 
  array (
  ),
  'primary_port' => 9875,
  'local_ip' => '192.168.3.153',
  'local_port' => 60012,
)
NULL
array (
  'url' => 'http://wakau.in/Service3.svc/substatus/',
  'content_type' => 'multipart/form-data; boundary=------------------------0fda2df635cb893a',
  'http_code' => 200,
  'header_size' => 586,
  'request_size' => 200,
  'filetime' => -1,
  'ssl_verify_result' => 0,
  'redirect_count' => 0,
  'total_time' => 0.07799999999999999988897769753748434595763683319091796875,
  'namelookup_time' => 0,
  'connect_time' => 0,
  'pretransfer_time' => 0,
  'size_upload' => 246,
  'size_download' => 181,
  'speed_download' => 2320,
  'speed_upload' => 3153,
  'download_content_length' => -1,
  'upload_content_length' => 246,
  'starttransfer_time' => 0.04700000000000000011102230246251565404236316680908203125,
  'redirect_time' => 0,
  'redirect_url' => '',
  'primary_ip' => '103.43.2.9',
  'certinfo' => 
  array (
  ),
  'primary_port' => 80,
  'local_ip' => '192.168.3.153',
  'local_port' => 60032,
)
array (
  'url' => 'http://192.168.1.159:9875/v3/store/getSubscriptionPricePoints',
  'content_type' => 'text/html; charset=UTF-8',
  'http_code' => 200,
  'header_size' => 181,
  'request_size' => 178,
  'filetime' => -1,
  'ssl_verify_result' => 0,
  'redirect_count' => 0,
  'total_time' => 0.01600000000000000033306690738754696212708950042724609375,
  'namelookup_time' => 0,
  'connect_time' => 0,
  'pretransfer_time' => 0,
  'size_upload' => 33,
  'size_download' => 1560,
  'speed_download' => 97500,
  'speed_upload' => 2062,
  'download_content_length' => 1560,
  'upload_content_length' => 33,
  'starttransfer_time' => 0.01600000000000000033306690738754696212708950042724609375,
  'redirect_time' => 0,
  'redirect_url' => '',
  'primary_ip' => '192.168.1.159',
  'certinfo' => 
  array (
  ),
  'primary_port' => 9875,
  'local_ip' => '192.168.3.153',
  'local_port' => 60035,
)
array (
  'url' => 'http://192.168.1.159:9875/v3/store/getCGImagesByStoreId',
  'content_type' => 'text/html; charset=UTF-8',
  'http_code' => 200,
  'header_size' => 180,
  'request_size' => 152,
  'filetime' => -1,
  'ssl_verify_result' => 0,
  'redirect_count' => 0,
  'total_time' => 0.01600000000000000033306690738754696212708950042724609375,
  'namelookup_time' => 0,
  'connect_time' => 0,
  'pretransfer_time' => 0,
  'size_upload' => 13,
  'size_download' => 403,
  'speed_download' => 25187,
  'speed_upload' => 812,
  'download_content_length' => 403,
  'upload_content_length' => 13,
  'starttransfer_time' => 0.01600000000000000033306690738754696212708950042724609375,
  'redirect_time' => 0,
  'redirect_url' => '',
  'primary_ip' => '192.168.1.159',
  'certinfo' => 
  array (
  ),
  'primary_port' => 9875,
  'local_ip' => '192.168.3.153',
  'local_port' => 60036,
)
array (
  'url' => 'http://192.168.1.159:9875/v3/contentDownloadHistory/getCatalogueDetail',
  'content_type' => 'text/html; charset=UTF-8',
  'http_code' => 200,
  'header_size' => 180,
  'request_size' => 172,
  'filetime' => -1,
  'ssl_verify_result' => 0,
  'redirect_count' => 0,
  'total_time' => 0.01600000000000000033306690738754696212708950042724609375,
  'namelookup_time' => 0,
  'connect_time' => 0,
  'pretransfer_time' => 0,
  'size_upload' => 18,
  'size_download' => 122,
  'speed_download' => 7625,
  'speed_upload' => 1125,
  'download_content_length' => 122,
  'upload_content_length' => 18,
  'starttransfer_time' => 0.01600000000000000033306690738754696212708950042724609375,
  'redirect_time' => 0,
  'redirect_url' => '',
  'primary_ip' => '192.168.1.159',
  'certinfo' => 
  array (
  ),
  'primary_port' => 9875,
  'local_ip' => '192.168.3.153',
  'local_port' => 60038,
)
NULL
array (
  'url' => 'http://wakau.in/Service3.svc/substatus/',
  'content_type' => 'multipart/form-data; boundary=------------------------8658d12c277c08bd',
  'http_code' => 200,
  'header_size' => 586,
  'request_size' => 200,
  'filetime' => -1,
  'ssl_verify_result' => 0,
  'redirect_count' => 0,
  'total_time' => 0.09399999999999997246646898929611779749393463134765625,
  'namelookup_time' => 0,
  'connect_time' => 0,
  'pretransfer_time' => 0,
  'size_upload' => 246,
  'size_download' => 181,
  'speed_download' => 1925,
  'speed_upload' => 2617,
  'download_content_length' => -1,
  'upload_content_length' => 246,
  'starttransfer_time' => 0.032000000000000028421709430404007434844970703125,
  'redirect_time' => 0,
  'redirect_url' => '',
  'primary_ip' => '103.43.2.9',
  'certinfo' => 
  array (
  ),
  'primary_port' => 80,
  'local_ip' => '192.168.3.153',
  'local_port' => 60043,
)
array (
  'url' => 'http://192.168.1.159:9875/v3/store/getSubscriptionPricePoints',
  'content_type' => 'text/html; charset=UTF-8',
  'http_code' => 200,
  'header_size' => 181,
  'request_size' => 178,
  'filetime' => -1,
  'ssl_verify_result' => 0,
  'redirect_count' => 0,
  'total_time' => 0.01600000000000000033306690738754696212708950042724609375,
  'namelookup_time' => 0,
  'connect_time' => 0,
  'pretransfer_time' => 0,
  'size_upload' => 33,
  'size_download' => 1560,
  'speed_download' => 97500,
  'speed_upload' => 2062,
  'download_content_length' => 1560,
  'upload_content_length' => 33,
  'starttransfer_time' => 0.01600000000000000033306690738754696212708950042724609375,
  'redirect_time' => 0,
  'redirect_url' => '',
  'primary_ip' => '192.168.1.159',
  'certinfo' => 
  array (
  ),
  'primary_port' => 9875,
  'local_ip' => '192.168.3.153',
  'local_port' => 60046,
)
array (
  'url' => 'http://192.168.1.159:9875/v3/store/getCGImagesByStoreId',
  'content_type' => 'text/html; charset=UTF-8',
  'http_code' => 200,
  'header_size' => 180,
  'request_size' => 152,
  'filetime' => -1,
  'ssl_verify_result' => 0,
  'redirect_count' => 0,
  'total_time' => 0.01600000000000000033306690738754696212708950042724609375,
  'namelookup_time' => 0,
  'connect_time' => 0,
  'pretransfer_time' => 0,
  'size_upload' => 13,
  'size_download' => 403,
  'speed_download' => 25187,
  'speed_upload' => 812,
  'download_content_length' => 403,
  'upload_content_length' => 13,
  'starttransfer_time' => 0.01600000000000000033306690738754696212708950042724609375,
  'redirect_time' => 0,
  'redirect_url' => '',
  'primary_ip' => '192.168.1.159',
  'certinfo' => 
  array (
  ),
  'primary_port' => 9875,
  'local_ip' => '192.168.3.153',
  'local_port' => 60047,
)
array (
  'url' => 'http://192.168.1.159:9875/v3/contentDownloadHistory/getCatalogueDetail',
  'content_type' => 'text/html; charset=UTF-8',
  'http_code' => 200,
  'header_size' => 180,
  'request_size' => 172,
  'filetime' => -1,
  'ssl_verify_result' => 0,
  'redirect_count' => 0,
  'total_time' => 0.01600000000000000033306690738754696212708950042724609375,
  'namelookup_time' => 0,
  'connect_time' => 0,
  'pretransfer_time' => 0,
  'size_upload' => 18,
  'size_download' => 122,
  'speed_download' => 7625,
  'speed_upload' => 1125,
  'download_content_length' => 122,
  'upload_content_length' => 18,
  'starttransfer_time' => 0.01600000000000000033306690738754696212708950042724609375,
  'redirect_time' => 0,
  'redirect_url' => '',
  'primary_ip' => '192.168.1.159',
  'certinfo' => 
  array (
  ),
  'primary_port' => 9875,
  'local_ip' => '192.168.3.153',
  'local_port' => 60049,
)
NULL
array (
  'url' => 'http://wakau.in/Service3.svc/substatus/',
  'content_type' => 'multipart/form-data; boundary=------------------------7a30d414b9cbc29d',
  'http_code' => 200,
  'header_size' => 586,
  'request_size' => 200,
  'filetime' => -1,
  'ssl_verify_result' => 0,
  'redirect_count' => 0,
  'total_time' => 0.15600000000000002753353101070388220250606536865234375,
  'namelookup_time' => 0,
  'connect_time' => 0,
  'pretransfer_time' => 0,
  'size_upload' => 246,
  'size_download' => 181,
  'speed_download' => 1160,
  'speed_upload' => 1576,
  'download_content_length' => -1,
  'upload_content_length' => 246,
  'starttransfer_time' => 0.04700000000000000011102230246251565404236316680908203125,
  'redirect_time' => 0,
  'redirect_url' => '',
  'primary_ip' => '103.43.2.9',
  'certinfo' => 
  array (
  ),
  'primary_port' => 80,
  'local_ip' => '192.168.3.153',
  'local_port' => 60067,
)
array (
  'url' => 'http://192.168.1.159:9875/v3/store/getSubscriptionPricePoints',
  'content_type' => 'text/html; charset=UTF-8',
  'http_code' => 200,
  'header_size' => 181,
  'request_size' => 178,
  'filetime' => -1,
  'ssl_verify_result' => 0,
  'redirect_count' => 0,
  'total_time' => 0.0309999999999999997779553950749686919152736663818359375,
  'namelookup_time' => 0,
  'connect_time' => 0.01499999999999999944488848768742172978818416595458984375,
  'pretransfer_time' => 0.01499999999999999944488848768742172978818416595458984375,
  'size_upload' => 33,
  'size_download' => 1560,
  'speed_download' => 50322,
  'speed_upload' => 1064,
  'download_content_length' => 1560,
  'upload_content_length' => 33,
  'starttransfer_time' => 0.0309999999999999997779553950749686919152736663818359375,
  'redirect_time' => 0,
  'redirect_url' => '',
  'primary_ip' => '192.168.1.159',
  'certinfo' => 
  array (
  ),
  'primary_port' => 9875,
  'local_ip' => '192.168.3.153',
  'local_port' => 60070,
)
array (
  'url' => 'http://192.168.1.159:9875/v3/store/getCGImagesByStoreId',
  'content_type' => 'text/html; charset=UTF-8',
  'http_code' => 200,
  'header_size' => 180,
  'request_size' => 152,
  'filetime' => -1,
  'ssl_verify_result' => 0,
  'redirect_count' => 0,
  'total_time' => 0.01499999999999999944488848768742172978818416595458984375,
  'namelookup_time' => 0,
  'connect_time' => 0,
  'pretransfer_time' => 0,
  'size_upload' => 13,
  'size_download' => 403,
  'speed_download' => 26866,
  'speed_upload' => 866,
  'download_content_length' => 403,
  'upload_content_length' => 13,
  'starttransfer_time' => 0.01499999999999999944488848768742172978818416595458984375,
  'redirect_time' => 0,
  'redirect_url' => '',
  'primary_ip' => '192.168.1.159',
  'certinfo' => 
  array (
  ),
  'primary_port' => 9875,
  'local_ip' => '192.168.3.153',
  'local_port' => 60071,
)
array (
  'url' => 'http://192.168.1.159:9875/v3/contentDownloadHistory/getCatalogueDetail',
  'content_type' => 'text/html; charset=UTF-8',
  'http_code' => 200,
  'header_size' => 180,
  'request_size' => 172,
  'filetime' => -1,
  'ssl_verify_result' => 0,
  'redirect_count' => 0,
  'total_time' => 0.01600000000000000033306690738754696212708950042724609375,
  'namelookup_time' => 0,
  'connect_time' => 0,
  'pretransfer_time' => 0,
  'size_upload' => 18,
  'size_download' => 121,
  'speed_download' => 7562,
  'speed_upload' => 1125,
  'download_content_length' => 121,
  'upload_content_length' => 18,
  'starttransfer_time' => 0.01600000000000000033306690738754696212708950042724609375,
  'redirect_time' => 0,
  'redirect_url' => '',
  'primary_ip' => '192.168.1.159',
  'certinfo' => 
  array (
  ),
  'primary_port' => 9875,
  'local_ip' => '192.168.3.153',
  'local_port' => 60073,
)
NULL
array (
  'url' => 'http://wakau.in/Service3.svc/substatus/',
  'content_type' => 'multipart/form-data; boundary=------------------------4b6a07052384c550',
  'http_code' => 200,
  'header_size' => 586,
  'request_size' => 200,
  'filetime' => -1,
  'ssl_verify_result' => 0,
  'redirect_count' => 0,
  'total_time' => 0.11000000000000000055511151231257827021181583404541015625,
  'namelookup_time' => 0,
  'connect_time' => 0,
  'pretransfer_time' => 0,
  'size_upload' => 246,
  'size_download' => 181,
  'speed_download' => 1645,
  'speed_upload' => 2236,
  'download_content_length' => -1,
  'upload_content_length' => 246,
  'starttransfer_time' => 0.0320000000000000006661338147750939242541790008544921875,
  'redirect_time' => 0,
  'redirect_url' => '',
  'primary_ip' => '103.43.2.9',
  'certinfo' => 
  array (
  ),
  'primary_port' => 80,
  'local_ip' => '192.168.3.153',
  'local_port' => 60078,
)
array (
  'url' => 'http://192.168.1.159:9875/v3/store/getSubscriptionPricePoints',
  'content_type' => 'text/html; charset=UTF-8',
  'http_code' => 200,
  'header_size' => 181,
  'request_size' => 178,
  'filetime' => -1,
  'ssl_verify_result' => 0,
  'redirect_count' => 0,
  'total_time' => 0.0309999999999999997779553950749686919152736663818359375,
  'namelookup_time' => 0,
  'connect_time' => 0,
  'pretransfer_time' => 0,
  'size_upload' => 33,
  'size_download' => 1560,
  'speed_download' => 50322,
  'speed_upload' => 1064,
  'download_content_length' => 1560,
  'upload_content_length' => 33,
  'starttransfer_time' => 0.0309999999999999997779553950749686919152736663818359375,
  'redirect_time' => 0,
  'redirect_url' => '',
  'primary_ip' => '192.168.1.159',
  'certinfo' => 
  array (
  ),
  'primary_port' => 9875,
  'local_ip' => '192.168.3.153',
  'local_port' => 60081,
)
array (
  'url' => 'http://192.168.1.159:9875/v3/store/getCGImagesByStoreId',
  'content_type' => 'text/html; charset=UTF-8',
  'http_code' => 200,
  'header_size' => 180,
  'request_size' => 152,
  'filetime' => -1,
  'ssl_verify_result' => 0,
  'redirect_count' => 0,
  'total_time' => 0.01499999999999999944488848768742172978818416595458984375,
  'namelookup_time' => 0,
  'connect_time' => 0,
  'pretransfer_time' => 0,
  'size_upload' => 13,
  'size_download' => 403,
  'speed_download' => 26866,
  'speed_upload' => 866,
  'download_content_length' => 403,
  'upload_content_length' => 13,
  'starttransfer_time' => 0.01499999999999999944488848768742172978818416595458984375,
  'redirect_time' => 0,
  'redirect_url' => '',
  'primary_ip' => '192.168.1.159',
  'certinfo' => 
  array (
  ),
  'primary_port' => 9875,
  'local_ip' => '192.168.3.153',
  'local_port' => 60082,
)
array (
  'url' => 'http://192.168.1.159:9875/v3/contentDownloadHistory/getCatalogueDetail',
  'content_type' => 'text/html; charset=UTF-8',
  'http_code' => 200,
  'header_size' => 180,
  'request_size' => 172,
  'filetime' => -1,
  'ssl_verify_result' => 0,
  'redirect_count' => 0,
  'total_time' => 0.01499999999999999944488848768742172978818416595458984375,
  'namelookup_time' => 0,
  'connect_time' => 0,
  'pretransfer_time' => 0,
  'size_upload' => 18,
  'size_download' => 121,
  'speed_download' => 8066,
  'speed_upload' => 1200,
  'download_content_length' => 121,
  'upload_content_length' => 18,
  'starttransfer_time' => 0.01499999999999999944488848768742172978818416595458984375,
  'redirect_time' => 0,
  'redirect_url' => '',
  'primary_ip' => '192.168.1.159',
  'certinfo' => 
  array (
  ),
  'primary_port' => 9875,
  'local_ip' => '192.168.3.153',
  'local_port' => 60084,
)
NULL
array (
  'url' => 'http://wakau.in/Service3.svc/substatus/',
  'content_type' => 'multipart/form-data; boundary=------------------------3126b94129eced6b',
  'http_code' => 200,
  'header_size' => 586,
  'request_size' => 200,
  'filetime' => -1,
  'ssl_verify_result' => 0,
  'redirect_count' => 0,
  'total_time' => 0.07799999999999999988897769753748434595763683319091796875,
  'namelookup_time' => 0,
  'connect_time' => 0,
  'pretransfer_time' => 0,
  'size_upload' => 246,
  'size_download' => 181,
  'speed_download' => 2320,
  'speed_upload' => 3153,
  'download_content_length' => -1,
  'upload_content_length' => 246,
  'starttransfer_time' => 0.04700000000000000011102230246251565404236316680908203125,
  'redirect_time' => 0,
  'redirect_url' => '',
  'primary_ip' => '103.43.2.9',
  'certinfo' => 
  array (
  ),
  'primary_port' => 80,
  'local_ip' => '192.168.3.153',
  'local_port' => 60105,
)
array (
  'url' => 'http://192.168.1.159:9875/v3/store/getSubscriptionPricePoints',
  'content_type' => 'text/html; charset=UTF-8',
  'http_code' => 200,
  'header_size' => 181,
  'request_size' => 178,
  'filetime' => -1,
  'ssl_verify_result' => 0,
  'redirect_count' => 0,
  'total_time' => 0.01600000000000000033306690738754696212708950042724609375,
  'namelookup_time' => 0,
  'connect_time' => 0,
  'pretransfer_time' => 0,
  'size_upload' => 33,
  'size_download' => 1560,
  'speed_download' => 97500,
  'speed_upload' => 2062,
  'download_content_length' => 1560,
  'upload_content_length' => 33,
  'starttransfer_time' => 0.01600000000000000033306690738754696212708950042724609375,
  'redirect_time' => 0,
  'redirect_url' => '',
  'primary_ip' => '192.168.1.159',
  'certinfo' => 
  array (
  ),
  'primary_port' => 9875,
  'local_ip' => '192.168.3.153',
  'local_port' => 60108,
)
array (
  'url' => 'http://192.168.1.159:9875/v3/store/getCGImagesByStoreId',
  'content_type' => 'text/html; charset=UTF-8',
  'http_code' => 200,
  'header_size' => 180,
  'request_size' => 152,
  'filetime' => -1,
  'ssl_verify_result' => 0,
  'redirect_count' => 0,
  'total_time' => 0.01600000000000000033306690738754696212708950042724609375,
  'namelookup_time' => 0,
  'connect_time' => 0,
  'pretransfer_time' => 0,
  'size_upload' => 13,
  'size_download' => 403,
  'speed_download' => 25187,
  'speed_upload' => 812,
  'download_content_length' => 403,
  'upload_content_length' => 13,
  'starttransfer_time' => 0.01600000000000000033306690738754696212708950042724609375,
  'redirect_time' => 0,
  'redirect_url' => '',
  'primary_ip' => '192.168.1.159',
  'certinfo' => 
  array (
  ),
  'primary_port' => 9875,
  'local_ip' => '192.168.3.153',
  'local_port' => 60109,
)
array (
  'url' => 'http://192.168.1.159:9875/v3/contentDownloadHistory/getCatalogueDetail',
  'content_type' => 'text/html; charset=UTF-8',
  'http_code' => 200,
  'header_size' => 180,
  'request_size' => 172,
  'filetime' => -1,
  'ssl_verify_result' => 0,
  'redirect_count' => 0,
  'total_time' => 0.01600000000000000033306690738754696212708950042724609375,
  'namelookup_time' => 0,
  'connect_time' => 0,
  'pretransfer_time' => 0,
  'size_upload' => 18,
  'size_download' => 121,
  'speed_download' => 7562,
  'speed_upload' => 1125,
  'download_content_length' => 121,
  'upload_content_length' => 18,
  'starttransfer_time' => 0.01600000000000000033306690738754696212708950042724609375,
  'redirect_time' => 0,
  'redirect_url' => '',
  'primary_ip' => '192.168.1.159',
  'certinfo' => 
  array (
  ),
  'primary_port' => 9875,
  'local_ip' => '192.168.3.153',
  'local_port' => 60111,
)
array (
  'url' => 'http://wakau.in/Service3.svc/substatus/',
  'content_type' => 'multipart/form-data; boundary=------------------------098d62671ad56ad9',
  'http_code' => 200,
  'header_size' => 586,
  'request_size' => 200,
  'filetime' => -1,
  'ssl_verify_result' => 0,
  'redirect_count' => 0,
  'total_time' => 0.15600000000000002753353101070388220250606536865234375,
  'namelookup_time' => 0,
  'connect_time' => 0.01499999999999999944488848768742172978818416595458984375,
  'pretransfer_time' => 0.01499999999999999944488848768742172978818416595458984375,
  'size_upload' => 246,
  'size_download' => 181,
  'speed_download' => 1160,
  'speed_upload' => 1576,
  'download_content_length' => -1,
  'upload_content_length' => 246,
  'starttransfer_time' => 0.061999999999999999555910790149937383830547332763671875,
  'redirect_time' => 0,
  'redirect_url' => '',
  'primary_ip' => '103.43.2.9',
  'certinfo' => 
  array (
  ),
  'primary_port' => 80,
  'local_ip' => '192.168.3.153',
  'local_port' => 60221,
)
array (
  'url' => 'http://192.168.1.159:9875/v3/store/getSubscriptionPricePoints',
  'content_type' => 'text/html; charset=UTF-8',
  'http_code' => 200,
  'header_size' => 181,
  'request_size' => 178,
  'filetime' => -1,
  'ssl_verify_result' => 0,
  'redirect_count' => 0,
  'total_time' => 0.0309999999999999997779553950749686919152736663818359375,
  'namelookup_time' => 0,
  'connect_time' => 0,
  'pretransfer_time' => 0,
  'size_upload' => 33,
  'size_download' => 1560,
  'speed_download' => 50322,
  'speed_upload' => 1064,
  'download_content_length' => 1560,
  'upload_content_length' => 33,
  'starttransfer_time' => 0.0309999999999999997779553950749686919152736663818359375,
  'redirect_time' => 0,
  'redirect_url' => '',
  'primary_ip' => '192.168.1.159',
  'certinfo' => 
  array (
  ),
  'primary_port' => 9875,
  'local_ip' => '192.168.3.153',
  'local_port' => 60225,
)
array (
  'url' => 'http://192.168.1.159:9875/v3/store/getCGImagesByStoreId',
  'content_type' => 'text/html; charset=UTF-8',
  'http_code' => 200,
  'header_size' => 180,
  'request_size' => 152,
  'filetime' => -1,
  'ssl_verify_result' => 0,
  'redirect_count' => 0,
  'total_time' => 0.01499999999999999944488848768742172978818416595458984375,
  'namelookup_time' => 0,
  'connect_time' => 0,
  'pretransfer_time' => 0,
  'size_upload' => 13,
  'size_download' => 403,
  'speed_download' => 26866,
  'speed_upload' => 866,
  'download_content_length' => 403,
  'upload_content_length' => 13,
  'starttransfer_time' => 0.01499999999999999944488848768742172978818416595458984375,
  'redirect_time' => 0,
  'redirect_url' => '',
  'primary_ip' => '192.168.1.159',
  'certinfo' => 
  array (
  ),
  'primary_port' => 9875,
  'local_ip' => '192.168.3.153',
  'local_port' => 60226,
)
array (
  'url' => 'http://192.168.1.159:9875/v3/contentDownloadHistory/getCatalogueDetail',
  'content_type' => 'text/html; charset=UTF-8',
  'http_code' => 200,
  'header_size' => 180,
  'request_size' => 172,
  'filetime' => -1,
  'ssl_verify_result' => 0,
  'redirect_count' => 0,
  'total_time' => 0.01600000000000000033306690738754696212708950042724609375,
  'namelookup_time' => 0,
  'connect_time' => 0,
  'pretransfer_time' => 0,
  'size_upload' => 18,
  'size_download' => 121,
  'speed_download' => 7562,
  'speed_upload' => 1125,
  'download_content_length' => 121,
  'upload_content_length' => 18,
  'starttransfer_time' => 0.01600000000000000033306690738754696212708950042724609375,
  'redirect_time' => 0,
  'redirect_url' => '',
  'primary_ip' => '192.168.1.159',
  'certinfo' => 
  array (
  ),
  'primary_port' => 9875,
  'local_ip' => '192.168.3.153',
  'local_port' => 60228,
)
array (
  'url' => 'http://wakau.in/Service3.svc/substatus/',
  'content_type' => 'multipart/form-data; boundary=------------------------ab327553726d051a',
  'http_code' => 200,
  'header_size' => 586,
  'request_size' => 200,
  'filetime' => -1,
  'ssl_verify_result' => 0,
  'redirect_count' => 0,
  'total_time' => 0.1559999999999999997779553950749686919152736663818359375,
  'namelookup_time' => 0,
  'connect_time' => 0,
  'pretransfer_time' => 0,
  'size_upload' => 246,
  'size_download' => 181,
  'speed_download' => 1160,
  'speed_upload' => 1576,
  'download_content_length' => -1,
  'upload_content_length' => 246,
  'starttransfer_time' => 0.10899999999999999966693309261245303787291049957275390625,
  'redirect_time' => 0,
  'redirect_url' => '',
  'primary_ip' => '103.43.2.9',
  'certinfo' => 
  array (
  ),
  'primary_port' => 80,
  'local_ip' => '192.168.3.153',
  'local_port' => 60235,
)
array (
  'url' => 'http://192.168.1.159:9875/v3/store/getSubscriptionPricePoints',
  'content_type' => 'text/html; charset=UTF-8',
  'http_code' => 200,
  'header_size' => 181,
  'request_size' => 178,
  'filetime' => -1,
  'ssl_verify_result' => 0,
  'redirect_count' => 0,
  'total_time' => 0.0309999999999999997779553950749686919152736663818359375,
  'namelookup_time' => 0,
  'connect_time' => 0.01600000000000000033306690738754696212708950042724609375,
  'pretransfer_time' => 0.01600000000000000033306690738754696212708950042724609375,
  'size_upload' => 33,
  'size_download' => 1560,
  'speed_download' => 50322,
  'speed_upload' => 1064,
  'download_content_length' => 1560,
  'upload_content_length' => 33,
  'starttransfer_time' => 0.0309999999999999997779553950749686919152736663818359375,
  'redirect_time' => 0,
  'redirect_url' => '',
  'primary_ip' => '192.168.1.159',
  'certinfo' => 
  array (
  ),
  'primary_port' => 9875,
  'local_ip' => '192.168.3.153',
  'local_port' => 60238,
)
array (
  'url' => 'http://192.168.1.159:9875/v3/store/getCGImagesByStoreId',
  'content_type' => 'text/html; charset=UTF-8',
  'http_code' => 200,
  'header_size' => 180,
  'request_size' => 152,
  'filetime' => -1,
  'ssl_verify_result' => 0,
  'redirect_count' => 0,
  'total_time' => 0.01600000000000000033306690738754696212708950042724609375,
  'namelookup_time' => 0,
  'connect_time' => 0,
  'pretransfer_time' => 0.01600000000000000033306690738754696212708950042724609375,
  'size_upload' => 13,
  'size_download' => 403,
  'speed_download' => 25187,
  'speed_upload' => 812,
  'download_content_length' => 403,
  'upload_content_length' => 13,
  'starttransfer_time' => 0.01600000000000000033306690738754696212708950042724609375,
  'redirect_time' => 0,
  'redirect_url' => '',
  'primary_ip' => '192.168.1.159',
  'certinfo' => 
  array (
  ),
  'primary_port' => 9875,
  'local_ip' => '192.168.3.153',
  'local_port' => 60239,
)
array (
  'url' => 'http://192.168.1.159:9875/v3/contentDownloadHistory/getCatalogueDetail',
  'content_type' => 'text/html; charset=UTF-8',
  'http_code' => 200,
  'header_size' => 180,
  'request_size' => 172,
  'filetime' => -1,
  'ssl_verify_result' => 0,
  'redirect_count' => 0,
  'total_time' => 0.01600000000000000033306690738754696212708950042724609375,
  'namelookup_time' => 0,
  'connect_time' => 0,
  'pretransfer_time' => 0,
  'size_upload' => 18,
  'size_download' => 121,
  'speed_download' => 7562,
  'speed_upload' => 1125,
  'download_content_length' => 121,
  'upload_content_length' => 18,
  'starttransfer_time' => 0.01600000000000000033306690738754696212708950042724609375,
  'redirect_time' => 0,
  'redirect_url' => '',
  'primary_ip' => '192.168.1.159',
  'certinfo' => 
  array (
  ),
  'primary_port' => 9875,
  'local_ip' => '192.168.3.153',
  'local_port' => 60241,
)
array (
  'url' => 'http://wakau.in/Service3.svc/substatus/',
  'content_type' => 'multipart/form-data; boundary=------------------------c060e7df0a2b6d4b',
  'http_code' => 200,
  'header_size' => 586,
  'request_size' => 200,
  'filetime' => -1,
  'ssl_verify_result' => 0,
  'redirect_count' => 0,
  'total_time' => 0.063000000000000000444089209850062616169452667236328125,
  'namelookup_time' => 0,
  'connect_time' => 0,
  'pretransfer_time' => 0,
  'size_upload' => 246,
  'size_download' => 181,
  'speed_download' => 2873,
  'speed_upload' => 3904,
  'download_content_length' => -1,
  'upload_content_length' => 246,
  'starttransfer_time' => 0.04700000000000000011102230246251565404236316680908203125,
  'redirect_time' => 0,
  'redirect_url' => '',
  'primary_ip' => '103.43.2.9',
  'certinfo' => 
  array (
  ),
  'primary_port' => 80,
  'local_ip' => '192.168.3.153',
  'local_port' => 60263,
)
array (
  'url' => 'http://192.168.1.159:9875/v3/store/getSubscriptionPricePoints',
  'content_type' => 'text/html; charset=UTF-8',
  'http_code' => 200,
  'header_size' => 181,
  'request_size' => 178,
  'filetime' => -1,
  'ssl_verify_result' => 0,
  'redirect_count' => 0,
  'total_time' => 0.0309999999999999997779553950749686919152736663818359375,
  'namelookup_time' => 0,
  'connect_time' => 0,
  'pretransfer_time' => 0,
  'size_upload' => 33,
  'size_download' => 1560,
  'speed_download' => 50322,
  'speed_upload' => 1064,
  'download_content_length' => 1560,
  'upload_content_length' => 33,
  'starttransfer_time' => 0.0309999999999999997779553950749686919152736663818359375,
  'redirect_time' => 0,
  'redirect_url' => '',
  'primary_ip' => '192.168.1.159',
  'certinfo' => 
  array (
  ),
  'primary_port' => 9875,
  'local_ip' => '192.168.3.153',
  'local_port' => 60266,
)
array (
  'url' => 'http://192.168.1.159:9875/v3/store/getCGImagesByStoreId',
  'content_type' => 'text/html; charset=UTF-8',
  'http_code' => 200,
  'header_size' => 180,
  'request_size' => 152,
  'filetime' => -1,
  'ssl_verify_result' => 0,
  'redirect_count' => 0,
  'total_time' => 0.01499999999999999944488848768742172978818416595458984375,
  'namelookup_time' => 0,
  'connect_time' => 0,
  'pretransfer_time' => 0,
  'size_upload' => 13,
  'size_download' => 403,
  'speed_download' => 26866,
  'speed_upload' => 866,
  'download_content_length' => 403,
  'upload_content_length' => 13,
  'starttransfer_time' => 0.01499999999999999944488848768742172978818416595458984375,
  'redirect_time' => 0,
  'redirect_url' => '',
  'primary_ip' => '192.168.1.159',
  'certinfo' => 
  array (
  ),
  'primary_port' => 9875,
  'local_ip' => '192.168.3.153',
  'local_port' => 60267,
)
array (
  'url' => 'http://192.168.1.159:9875/v3/contentDownloadHistory/getCatalogueDetail',
  'content_type' => 'text/html; charset=UTF-8',
  'http_code' => 200,
  'header_size' => 180,
  'request_size' => 172,
  'filetime' => -1,
  'ssl_verify_result' => 0,
  'redirect_count' => 0,
  'total_time' => 0.0309999999999999997779553950749686919152736663818359375,
  'namelookup_time' => 0,
  'connect_time' => 0.01600000000000000033306690738754696212708950042724609375,
  'pretransfer_time' => 0.01600000000000000033306690738754696212708950042724609375,
  'size_upload' => 18,
  'size_download' => 121,
  'speed_download' => 3903,
  'speed_upload' => 580,
  'download_content_length' => 121,
  'upload_content_length' => 18,
  'starttransfer_time' => 0.0309999999999999997779553950749686919152736663818359375,
  'redirect_time' => 0,
  'redirect_url' => '',
  'primary_ip' => '192.168.1.159',
  'certinfo' => 
  array (
  ),
  'primary_port' => 9875,
  'local_ip' => '192.168.3.153',
  'local_port' => 60269,
)
NULL
array (
  'url' => 'http://192.168.1.159:9875/v3/contentDownloadHistory/updateDownloadInfo',
  'content_type' => 'text/html; charset=UTF-8',
  'http_code' => 200,
  'header_size' => 180,
  'request_size' => 316,
  'filetime' => -1,
  'ssl_verify_result' => 0,
  'redirect_count' => 0,
  'total_time' => 0.0309999999999999997779553950749686919152736663818359375,
  'namelookup_time' => 0,
  'connect_time' => 0.01499999999999999944488848768742172978818416595458984375,
  'pretransfer_time' => 0.01499999999999999944488848768742172978818416595458984375,
  'size_upload' => 161,
  'size_download' => 108,
  'speed_download' => 3483,
  'speed_upload' => 5193,
  'download_content_length' => 108,
  'upload_content_length' => 161,
  'starttransfer_time' => 0.0309999999999999997779553950749686919152736663818359375,
  'redirect_time' => 0,
  'redirect_url' => '',
  'primary_ip' => '192.168.1.159',
  'certinfo' => 
  array (
  ),
  'primary_port' => 9875,
  'local_ip' => '192.168.3.153',
  'local_port' => 60271,
)
array (
  'url' => 'http://wakau.in/Service3.svc/substatus/',
  'content_type' => 'multipart/form-data; boundary=------------------------4a406e392c952332',
  'http_code' => 200,
  'header_size' => 586,
  'request_size' => 200,
  'filetime' => -1,
  'ssl_verify_result' => 0,
  'redirect_count' => 0,
  'total_time' => 0.1559999999999999997779553950749686919152736663818359375,
  'namelookup_time' => 0,
  'connect_time' => 0,
  'pretransfer_time' => 0,
  'size_upload' => 246,
  'size_download' => 181,
  'speed_download' => 1160,
  'speed_upload' => 1576,
  'download_content_length' => -1,
  'upload_content_length' => 246,
  'starttransfer_time' => 0.0309999999999999997779553950749686919152736663818359375,
  'redirect_time' => 0,
  'redirect_url' => '',
  'primary_ip' => '103.43.2.9',
  'certinfo' => 
  array (
  ),
  'primary_port' => 80,
  'local_ip' => '192.168.3.153',
  'local_port' => 60282,
)
array (
  'url' => 'http://192.168.1.159:9875/v3/store/getSubscriptionPricePoints',
  'content_type' => 'text/html; charset=UTF-8',
  'http_code' => 200,
  'header_size' => 181,
  'request_size' => 178,
  'filetime' => -1,
  'ssl_verify_result' => 0,
  'redirect_count' => 0,
  'total_time' => 0.01600000000000000033306690738754696212708950042724609375,
  'namelookup_time' => 0,
  'connect_time' => 0,
  'pretransfer_time' => 0,
  'size_upload' => 33,
  'size_download' => 1560,
  'speed_download' => 97500,
  'speed_upload' => 2062,
  'download_content_length' => 1560,
  'upload_content_length' => 33,
  'starttransfer_time' => 0.01600000000000000033306690738754696212708950042724609375,
  'redirect_time' => 0,
  'redirect_url' => '',
  'primary_ip' => '192.168.1.159',
  'certinfo' => 
  array (
  ),
  'primary_port' => 9875,
  'local_ip' => '192.168.3.153',
  'local_port' => 60285,
)
array (
  'url' => 'http://192.168.1.159:9875/v3/store/getCGImagesByStoreId',
  'content_type' => 'text/html; charset=UTF-8',
  'http_code' => 200,
  'header_size' => 180,
  'request_size' => 152,
  'filetime' => -1,
  'ssl_verify_result' => 0,
  'redirect_count' => 0,
  'total_time' => 0.0309999999999999997779553950749686919152736663818359375,
  'namelookup_time' => 0,
  'connect_time' => 0.01499999999999999944488848768742172978818416595458984375,
  'pretransfer_time' => 0.01499999999999999944488848768742172978818416595458984375,
  'size_upload' => 13,
  'size_download' => 403,
  'speed_download' => 13000,
  'speed_upload' => 419,
  'download_content_length' => 403,
  'upload_content_length' => 13,
  'starttransfer_time' => 0.0309999999999999997779553950749686919152736663818359375,
  'redirect_time' => 0,
  'redirect_url' => '',
  'primary_ip' => '192.168.1.159',
  'certinfo' => 
  array (
  ),
  'primary_port' => 9875,
  'local_ip' => '192.168.3.153',
  'local_port' => 60286,
)
array (
  'url' => 'http://192.168.1.159:9875/v3/contentDownloadHistory/getCatalogueDetail',
  'content_type' => 'text/html; charset=UTF-8',
  'http_code' => 200,
  'header_size' => 180,
  'request_size' => 172,
  'filetime' => -1,
  'ssl_verify_result' => 0,
  'redirect_count' => 0,
  'total_time' => 0.01600000000000000033306690738754696212708950042724609375,
  'namelookup_time' => 0,
  'connect_time' => 0,
  'pretransfer_time' => 0,
  'size_upload' => 18,
  'size_download' => 121,
  'speed_download' => 7562,
  'speed_upload' => 1125,
  'download_content_length' => 121,
  'upload_content_length' => 18,
  'starttransfer_time' => 0.01600000000000000033306690738754696212708950042724609375,
  'redirect_time' => 0,
  'redirect_url' => '',
  'primary_ip' => '192.168.1.159',
  'certinfo' => 
  array (
  ),
  'primary_port' => 9875,
  'local_ip' => '192.168.3.153',
  'local_port' => 60288,
)
NULL
array (
  'url' => 'http://192.168.1.159:9875/v3/contentDownloadHistory/updateDownloadInfo',
  'content_type' => 'text/html; charset=UTF-8',
  'http_code' => 200,
  'header_size' => 180,
  'request_size' => 316,
  'filetime' => -1,
  'ssl_verify_result' => 0,
  'redirect_count' => 0,
  'total_time' => 0.0309999999999999997779553950749686919152736663818359375,
  'namelookup_time' => 0,
  'connect_time' => 0.01499999999999999944488848768742172978818416595458984375,
  'pretransfer_time' => 0.01499999999999999944488848768742172978818416595458984375,
  'size_upload' => 161,
  'size_download' => 108,
  'speed_download' => 3483,
  'speed_upload' => 5193,
  'download_content_length' => 108,
  'upload_content_length' => 161,
  'starttransfer_time' => 0.0309999999999999997779553950749686919152736663818359375,
  'redirect_time' => 0,
  'redirect_url' => '',
  'primary_ip' => '192.168.1.159',
  'certinfo' => 
  array (
  ),
  'primary_port' => 9875,
  'local_ip' => '192.168.3.153',
  'local_port' => 60290,
)
array (
  'url' => 'http://wakau.in/Service3.svc/substatus/',
  'content_type' => 'multipart/form-data; boundary=------------------------3e3837a64e060b6c',
  'http_code' => 200,
  'header_size' => 586,
  'request_size' => 200,
  'filetime' => -1,
  'ssl_verify_result' => 0,
  'redirect_count' => 0,
  'total_time' => 0.1409999999999999864552790995730902068316936492919921875,
  'namelookup_time' => 0,
  'connect_time' => 0,
  'pretransfer_time' => 0,
  'size_upload' => 246,
  'size_download' => 181,
  'speed_download' => 1283,
  'speed_upload' => 1744,
  'download_content_length' => -1,
  'upload_content_length' => 246,
  'starttransfer_time' => 0.04700000000000000011102230246251565404236316680908203125,
  'redirect_time' => 0,
  'redirect_url' => '',
  'primary_ip' => '103.43.2.9',
  'certinfo' => 
  array (
  ),
  'primary_port' => 80,
  'local_ip' => '192.168.3.153',
  'local_port' => 60480,
)
array (
  'url' => 'http://192.168.1.159:9875/v3/store/getSubscriptionPricePoints',
  'content_type' => 'text/html; charset=UTF-8',
  'http_code' => 200,
  'header_size' => 181,
  'request_size' => 178,
  'filetime' => -1,
  'ssl_verify_result' => 0,
  'redirect_count' => 0,
  'total_time' => 0.01600000000000000033306690738754696212708950042724609375,
  'namelookup_time' => 0,
  'connect_time' => 0,
  'pretransfer_time' => 0,
  'size_upload' => 33,
  'size_download' => 1560,
  'speed_download' => 97500,
  'speed_upload' => 2062,
  'download_content_length' => 1560,
  'upload_content_length' => 33,
  'starttransfer_time' => 0.01600000000000000033306690738754696212708950042724609375,
  'redirect_time' => 0,
  'redirect_url' => '',
  'primary_ip' => '192.168.1.159',
  'certinfo' => 
  array (
  ),
  'primary_port' => 9875,
  'local_ip' => '192.168.3.153',
  'local_port' => 60484,
)
array (
  'url' => 'http://192.168.1.159:9875/v3/store/getCGImagesByStoreId',
  'content_type' => 'text/html; charset=UTF-8',
  'http_code' => 200,
  'header_size' => 180,
  'request_size' => 152,
  'filetime' => -1,
  'ssl_verify_result' => 0,
  'redirect_count' => 0,
  'total_time' => 0.01600000000000000033306690738754696212708950042724609375,
  'namelookup_time' => 0,
  'connect_time' => 0.01600000000000000033306690738754696212708950042724609375,
  'pretransfer_time' => 0.01600000000000000033306690738754696212708950042724609375,
  'size_upload' => 13,
  'size_download' => 403,
  'speed_download' => 25187,
  'speed_upload' => 812,
  'download_content_length' => 403,
  'upload_content_length' => 13,
  'starttransfer_time' => 0.01600000000000000033306690738754696212708950042724609375,
  'redirect_time' => 0,
  'redirect_url' => '',
  'primary_ip' => '192.168.1.159',
  'certinfo' => 
  array (
  ),
  'primary_port' => 9875,
  'local_ip' => '192.168.3.153',
  'local_port' => 60485,
)
array (
  'url' => 'http://192.168.1.159:9875/v3/contentDownloadHistory/getCatalogueDetail',
  'content_type' => 'text/html; charset=UTF-8',
  'http_code' => 200,
  'header_size' => 180,
  'request_size' => 172,
  'filetime' => -1,
  'ssl_verify_result' => 0,
  'redirect_count' => 0,
  'total_time' => 0.01499999999999999944488848768742172978818416595458984375,
  'namelookup_time' => 0,
  'connect_time' => 0,
  'pretransfer_time' => 0,
  'size_upload' => 18,
  'size_download' => 122,
  'speed_download' => 8133,
  'speed_upload' => 1200,
  'download_content_length' => 122,
  'upload_content_length' => 18,
  'starttransfer_time' => 0.01499999999999999944488848768742172978818416595458984375,
  'redirect_time' => 0,
  'redirect_url' => '',
  'primary_ip' => '192.168.1.159',
  'certinfo' => 
  array (
  ),
  'primary_port' => 9875,
  'local_ip' => '192.168.3.153',
  'local_port' => 60487,
)
NULL
array (
  'url' => 'http://wakau.in/Service3.svc/substatus/',
  'content_type' => 'multipart/form-data; boundary=------------------------988dd485f2f6ad2a',
  'http_code' => 200,
  'header_size' => 586,
  'request_size' => 200,
  'filetime' => -1,
  'ssl_verify_result' => 0,
  'redirect_count' => 0,
  'total_time' => 0.14000000000000001332267629550187848508358001708984375,
  'namelookup_time' => 0,
  'connect_time' => 0,
  'pretransfer_time' => 0,
  'size_upload' => 246,
  'size_download' => 181,
  'speed_download' => 1292,
  'speed_upload' => 1757,
  'download_content_length' => -1,
  'upload_content_length' => 246,
  'starttransfer_time' => 0.04700000000000000011102230246251565404236316680908203125,
  'redirect_time' => 0,
  'redirect_url' => '',
  'primary_ip' => '103.43.2.9',
  'certinfo' => 
  array (
  ),
  'primary_port' => 80,
  'local_ip' => '192.168.3.153',
  'local_port' => 60584,
)
array (
  'url' => 'http://192.168.1.159:9875/v3/store/getSubscriptionPricePoints',
  'content_type' => 'text/html; charset=UTF-8',
  'http_code' => 200,
  'header_size' => 181,
  'request_size' => 178,
  'filetime' => -1,
  'ssl_verify_result' => 0,
  'redirect_count' => 0,
  'total_time' => 0.0309999999999999997779553950749686919152736663818359375,
  'namelookup_time' => 0,
  'connect_time' => 0,
  'pretransfer_time' => 0,
  'size_upload' => 33,
  'size_download' => 1560,
  'speed_download' => 50322,
  'speed_upload' => 1064,
  'download_content_length' => 1560,
  'upload_content_length' => 33,
  'starttransfer_time' => 0.0309999999999999997779553950749686919152736663818359375,
  'redirect_time' => 0,
  'redirect_url' => '',
  'primary_ip' => '192.168.1.159',
  'certinfo' => 
  array (
  ),
  'primary_port' => 9875,
  'local_ip' => '192.168.3.153',
  'local_port' => 60587,
)
array (
  'url' => 'http://192.168.1.159:9875/v3/store/getCGImagesByStoreId',
  'content_type' => 'text/html; charset=UTF-8',
  'http_code' => 200,
  'header_size' => 180,
  'request_size' => 152,
  'filetime' => -1,
  'ssl_verify_result' => 0,
  'redirect_count' => 0,
  'total_time' => 0.01600000000000000033306690738754696212708950042724609375,
  'namelookup_time' => 0,
  'connect_time' => 0,
  'pretransfer_time' => 0,
  'size_upload' => 13,
  'size_download' => 403,
  'speed_download' => 25187,
  'speed_upload' => 812,
  'download_content_length' => 403,
  'upload_content_length' => 13,
  'starttransfer_time' => 0.01600000000000000033306690738754696212708950042724609375,
  'redirect_time' => 0,
  'redirect_url' => '',
  'primary_ip' => '192.168.1.159',
  'certinfo' => 
  array (
  ),
  'primary_port' => 9875,
  'local_ip' => '192.168.3.153',
  'local_port' => 60588,
)
array (
  'url' => 'http://192.168.1.159:9875/v3/page/getPageDetails',
  'content_type' => 'text/html; charset=UTF-8',
  'http_code' => 200,
  'header_size' => 187,
  'request_size' => 204,
  'filetime' => -1,
  'ssl_verify_result' => 0,
  'redirect_count' => 0,
  'total_time' => 0.42200000000000004174438572590588591992855072021484375,
  'namelookup_time' => 0,
  'connect_time' => 0.01600000000000000033306690738754696212708950042724609375,
  'pretransfer_time' => 0.01600000000000000033306690738754696212708950042724609375,
  'size_upload' => 72,
  'size_download' => 236370,
  'speed_download' => 560118,
  'speed_upload' => 170,
  'download_content_length' => -1,
  'upload_content_length' => 72,
  'starttransfer_time' => 0.407000000000000028421709430404007434844970703125,
  'redirect_time' => 0,
  'redirect_url' => '',
  'primary_ip' => '192.168.1.159',
  'certinfo' => 
  array (
  ),
  'primary_port' => 9875,
  'local_ip' => '192.168.3.153',
  'local_port' => 60589,
)
array (
  'url' => 'http://wakau.in/Service3.svc/substatus/',
  'content_type' => 'multipart/form-data; boundary=------------------------81eda9a506d671a9',
  'http_code' => 200,
  'header_size' => 586,
  'request_size' => 200,
  'filetime' => -1,
  'ssl_verify_result' => 0,
  'redirect_count' => 0,
  'total_time' => 0.10899999999999999966693309261245303787291049957275390625,
  'namelookup_time' => 0,
  'connect_time' => 0,
  'pretransfer_time' => 0,
  'size_upload' => 246,
  'size_download' => 181,
  'speed_download' => 1660,
  'speed_upload' => 2256,
  'download_content_length' => -1,
  'upload_content_length' => 246,
  'starttransfer_time' => 0.0309999999999999997779553950749686919152736663818359375,
  'redirect_time' => 0,
  'redirect_url' => '',
  'primary_ip' => '103.43.2.9',
  'certinfo' => 
  array (
  ),
  'primary_port' => 80,
  'local_ip' => '192.168.3.153',
  'local_port' => 60598,
)
array (
  'url' => 'http://192.168.1.159:9875/v3/store/getSubscriptionPricePoints',
  'content_type' => 'text/html; charset=UTF-8',
  'http_code' => 200,
  'header_size' => 181,
  'request_size' => 178,
  'filetime' => -1,
  'ssl_verify_result' => 0,
  'redirect_count' => 0,
  'total_time' => 0.01600000000000000033306690738754696212708950042724609375,
  'namelookup_time' => 0,
  'connect_time' => 0,
  'pretransfer_time' => 0,
  'size_upload' => 33,
  'size_download' => 1560,
  'speed_download' => 97500,
  'speed_upload' => 2062,
  'download_content_length' => 1560,
  'upload_content_length' => 33,
  'starttransfer_time' => 0.01600000000000000033306690738754696212708950042724609375,
  'redirect_time' => 0,
  'redirect_url' => '',
  'primary_ip' => '192.168.1.159',
  'certinfo' => 
  array (
  ),
  'primary_port' => 9875,
  'local_ip' => '192.168.3.153',
  'local_port' => 60603,
)
array (
  'url' => 'http://192.168.1.159:9875/v3/store/getCGImagesByStoreId',
  'content_type' => 'text/html; charset=UTF-8',
  'http_code' => 200,
  'header_size' => 180,
  'request_size' => 152,
  'filetime' => -1,
  'ssl_verify_result' => 0,
  'redirect_count' => 0,
  'total_time' => 0.01600000000000000033306690738754696212708950042724609375,
  'namelookup_time' => 0,
  'connect_time' => 0,
  'pretransfer_time' => 0,
  'size_upload' => 13,
  'size_download' => 403,
  'speed_download' => 25187,
  'speed_upload' => 812,
  'download_content_length' => 403,
  'upload_content_length' => 13,
  'starttransfer_time' => 0.01600000000000000033306690738754696212708950042724609375,
  'redirect_time' => 0,
  'redirect_url' => '',
  'primary_ip' => '192.168.1.159',
  'certinfo' => 
  array (
  ),
  'primary_port' => 9875,
  'local_ip' => '192.168.3.153',
  'local_port' => 60604,
)
array (
  'url' => 'http://192.168.1.159:9875/v3/contentDownloadHistory/getCatalogueDetail',
  'content_type' => 'text/html; charset=UTF-8',
  'http_code' => 200,
  'header_size' => 180,
  'request_size' => 172,
  'filetime' => -1,
  'ssl_verify_result' => 0,
  'redirect_count' => 0,
  'total_time' => 0.01600000000000000033306690738754696212708950042724609375,
  'namelookup_time' => 0,
  'connect_time' => 0,
  'pretransfer_time' => 0,
  'size_upload' => 18,
  'size_download' => 121,
  'speed_download' => 7562,
  'speed_upload' => 1125,
  'download_content_length' => 121,
  'upload_content_length' => 18,
  'starttransfer_time' => 0.01600000000000000033306690738754696212708950042724609375,
  'redirect_time' => 0,
  'redirect_url' => '',
  'primary_ip' => '192.168.1.159',
  'certinfo' => 
  array (
  ),
  'primary_port' => 9875,
  'local_ip' => '192.168.3.153',
  'local_port' => 60606,
)
array (
  'url' => 'http://wakau.in/Service3.svc/substatus/',
  'content_type' => 'multipart/form-data; boundary=------------------------e8e162d427e18a46',
  'http_code' => 200,
  'header_size' => 586,
  'request_size' => 200,
  'filetime' => -1,
  'ssl_verify_result' => 0,
  'redirect_count' => 0,
  'total_time' => 0.10899999999999999966693309261245303787291049957275390625,
  'namelookup_time' => 0,
  'connect_time' => 0.01499999999999999944488848768742172978818416595458984375,
  'pretransfer_time' => 0.01499999999999999944488848768742172978818416595458984375,
  'size_upload' => 246,
  'size_download' => 181,
  'speed_download' => 1660,
  'speed_upload' => 2256,
  'download_content_length' => -1,
  'upload_content_length' => 246,
  'starttransfer_time' => 0.0309999999999999997779553950749686919152736663818359375,
  'redirect_time' => 0,
  'redirect_url' => '',
  'primary_ip' => '103.43.2.9',
  'certinfo' => 
  array (
  ),
  'primary_port' => 80,
  'local_ip' => '192.168.3.153',
  'local_port' => 60618,
)
array (
  'url' => 'http://192.168.1.159:9875/v3/store/getSubscriptionPricePoints',
  'content_type' => 'text/html; charset=UTF-8',
  'http_code' => 200,
  'header_size' => 181,
  'request_size' => 178,
  'filetime' => -1,
  'ssl_verify_result' => 0,
  'redirect_count' => 0,
  'total_time' => 0.01600000000000000033306690738754696212708950042724609375,
  'namelookup_time' => 0,
  'connect_time' => 0,
  'pretransfer_time' => 0,
  'size_upload' => 33,
  'size_download' => 1560,
  'speed_download' => 97500,
  'speed_upload' => 2062,
  'download_content_length' => 1560,
  'upload_content_length' => 33,
  'starttransfer_time' => 0.01600000000000000033306690738754696212708950042724609375,
  'redirect_time' => 0,
  'redirect_url' => '',
  'primary_ip' => '192.168.1.159',
  'certinfo' => 
  array (
  ),
  'primary_port' => 9875,
  'local_ip' => '192.168.3.153',
  'local_port' => 60621,
)
array (
  'url' => 'http://192.168.1.159:9875/v3/store/getCGImagesByStoreId',
  'content_type' => 'text/html; charset=UTF-8',
  'http_code' => 200,
  'header_size' => 180,
  'request_size' => 152,
  'filetime' => -1,
  'ssl_verify_result' => 0,
  'redirect_count' => 0,
  'total_time' => 0.0309999999999999997779553950749686919152736663818359375,
  'namelookup_time' => 0,
  'connect_time' => 0.01600000000000000033306690738754696212708950042724609375,
  'pretransfer_time' => 0.01600000000000000033306690738754696212708950042724609375,
  'size_upload' => 13,
  'size_download' => 403,
  'speed_download' => 13000,
  'speed_upload' => 419,
  'download_content_length' => 403,
  'upload_content_length' => 13,
  'starttransfer_time' => 0.0309999999999999997779553950749686919152736663818359375,
  'redirect_time' => 0,
  'redirect_url' => '',
  'primary_ip' => '192.168.1.159',
  'certinfo' => 
  array (
  ),
  'primary_port' => 9875,
  'local_ip' => '192.168.3.153',
  'local_port' => 60622,
)
array (
  'url' => 'http://192.168.1.159:9875/v3/contentDownloadHistory/getCatalogueDetail',
  'content_type' => 'text/html; charset=UTF-8',
  'http_code' => 200,
  'header_size' => 180,
  'request_size' => 172,
  'filetime' => -1,
  'ssl_verify_result' => 0,
  'redirect_count' => 0,
  'total_time' => 0.01600000000000000033306690738754696212708950042724609375,
  'namelookup_time' => 0,
  'connect_time' => 0,
  'pretransfer_time' => 0,
  'size_upload' => 18,
  'size_download' => 121,
  'speed_download' => 7562,
  'speed_upload' => 1125,
  'download_content_length' => 121,
  'upload_content_length' => 18,
  'starttransfer_time' => 0.01600000000000000033306690738754696212708950042724609375,
  'redirect_time' => 0,
  'redirect_url' => '',
  'primary_ip' => '192.168.1.159',
  'certinfo' => 
  array (
  ),
  'primary_port' => 9875,
  'local_ip' => '192.168.3.153',
  'local_port' => 60624,
)
array (
  'url' => 'http://wakau.in/Service3.svc/substatus/',
  'content_type' => 'multipart/form-data; boundary=------------------------ccbbd9f24c8da304',
  'http_code' => 200,
  'header_size' => 586,
  'request_size' => 200,
  'filetime' => -1,
  'ssl_verify_result' => 0,
  'redirect_count' => 0,
  'total_time' => 1.1879999999999999449329379785922355949878692626953125,
  'namelookup_time' => 0,
  'connect_time' => 0.01600000000000000033306690738754696212708950042724609375,
  'pretransfer_time' => 0.01600000000000000033306690738754696212708950042724609375,
  'size_upload' => 246,
  'size_download' => 181,
  'speed_download' => 152,
  'speed_upload' => 207,
  'download_content_length' => -1,
  'upload_content_length' => 246,
  'starttransfer_time' => 1.0160000000000000142108547152020037174224853515625,
  'redirect_time' => 0,
  'redirect_url' => '',
  'primary_ip' => '103.43.2.9',
  'certinfo' => 
  array (
  ),
  'primary_port' => 80,
  'local_ip' => '192.168.3.153',
  'local_port' => 60628,
)
array (
  'url' => 'http://192.168.1.159:9875/v3/store/getSubscriptionPricePoints',
  'content_type' => 'text/html; charset=UTF-8',
  'http_code' => 200,
  'header_size' => 181,
  'request_size' => 178,
  'filetime' => -1,
  'ssl_verify_result' => 0,
  'redirect_count' => 0,
  'total_time' => 0.01600000000000000033306690738754696212708950042724609375,
  'namelookup_time' => 0,
  'connect_time' => 0,
  'pretransfer_time' => 0,
  'size_upload' => 33,
  'size_download' => 1560,
  'speed_download' => 97500,
  'speed_upload' => 2062,
  'download_content_length' => 1560,
  'upload_content_length' => 33,
  'starttransfer_time' => 0.01600000000000000033306690738754696212708950042724609375,
  'redirect_time' => 0,
  'redirect_url' => '',
  'primary_ip' => '192.168.1.159',
  'certinfo' => 
  array (
  ),
  'primary_port' => 9875,
  'local_ip' => '192.168.3.153',
  'local_port' => 60631,
)
array (
  'url' => 'http://192.168.1.159:9875/v3/store/getCGImagesByStoreId',
  'content_type' => 'text/html; charset=UTF-8',
  'http_code' => 200,
  'header_size' => 180,
  'request_size' => 152,
  'filetime' => -1,
  'ssl_verify_result' => 0,
  'redirect_count' => 0,
  'total_time' => 0.01600000000000000033306690738754696212708950042724609375,
  'namelookup_time' => 0,
  'connect_time' => 0,
  'pretransfer_time' => 0,
  'size_upload' => 13,
  'size_download' => 403,
  'speed_download' => 25187,
  'speed_upload' => 812,
  'download_content_length' => 403,
  'upload_content_length' => 13,
  'starttransfer_time' => 0.01600000000000000033306690738754696212708950042724609375,
  'redirect_time' => 0,
  'redirect_url' => '',
  'primary_ip' => '192.168.1.159',
  'certinfo' => 
  array (
  ),
  'primary_port' => 9875,
  'local_ip' => '192.168.3.153',
  'local_port' => 60632,
)
array (
  'url' => 'http://192.168.1.159:9875/v3/contentDownloadHistory/getCatalogueDetail',
  'content_type' => 'text/html; charset=UTF-8',
  'http_code' => 200,
  'header_size' => 180,
  'request_size' => 172,
  'filetime' => -1,
  'ssl_verify_result' => 0,
  'redirect_count' => 0,
  'total_time' => 0.01600000000000000033306690738754696212708950042724609375,
  'namelookup_time' => 0,
  'connect_time' => 0,
  'pretransfer_time' => 0.01600000000000000033306690738754696212708950042724609375,
  'size_upload' => 18,
  'size_download' => 122,
  'speed_download' => 7625,
  'speed_upload' => 1125,
  'download_content_length' => 122,
  'upload_content_length' => 18,
  'starttransfer_time' => 0.01600000000000000033306690738754696212708950042724609375,
  'redirect_time' => 0,
  'redirect_url' => '',
  'primary_ip' => '192.168.1.159',
  'certinfo' => 
  array (
  ),
  'primary_port' => 9875,
  'local_ip' => '192.168.3.153',
  'local_port' => 60634,
)
array (
  'url' => 'http://wakau.in/Service3.svc/substatus/',
  'content_type' => 'multipart/form-data; boundary=------------------------1d22c893ea84480d',
  'http_code' => 200,
  'header_size' => 586,
  'request_size' => 200,
  'filetime' => -1,
  'ssl_verify_result' => 0,
  'redirect_count' => 0,
  'total_time' => 0.061999999999999999555910790149937383830547332763671875,
  'namelookup_time' => 0,
  'connect_time' => 0,
  'pretransfer_time' => 0,
  'size_upload' => 246,
  'size_download' => 181,
  'speed_download' => 2919,
  'speed_upload' => 3967,
  'download_content_length' => -1,
  'upload_content_length' => 246,
  'starttransfer_time' => 0.0309999999999999997779553950749686919152736663818359375,
  'redirect_time' => 0,
  'redirect_url' => '',
  'primary_ip' => '103.43.2.9',
  'certinfo' => 
  array (
  ),
  'primary_port' => 80,
  'local_ip' => '192.168.3.153',
  'local_port' => 60638,
)
array (
  'url' => 'http://192.168.1.159:9875/v3/store/getSubscriptionPricePoints',
  'content_type' => 'text/html; charset=UTF-8',
  'http_code' => 200,
  'header_size' => 181,
  'request_size' => 178,
  'filetime' => -1,
  'ssl_verify_result' => 0,
  'redirect_count' => 0,
  'total_time' => 0.0320000000000000006661338147750939242541790008544921875,
  'namelookup_time' => 0,
  'connect_time' => 0.01600000000000000033306690738754696212708950042724609375,
  'pretransfer_time' => 0.01600000000000000033306690738754696212708950042724609375,
  'size_upload' => 33,
  'size_download' => 1560,
  'speed_download' => 48750,
  'speed_upload' => 1031,
  'download_content_length' => 1560,
  'upload_content_length' => 33,
  'starttransfer_time' => 0.0320000000000000006661338147750939242541790008544921875,
  'redirect_time' => 0,
  'redirect_url' => '',
  'primary_ip' => '192.168.1.159',
  'certinfo' => 
  array (
  ),
  'primary_port' => 9875,
  'local_ip' => '192.168.3.153',
  'local_port' => 60643,
)
array (
  'url' => 'http://192.168.1.159:9875/v3/store/getCGImagesByStoreId',
  'content_type' => 'text/html; charset=UTF-8',
  'http_code' => 200,
  'header_size' => 180,
  'request_size' => 152,
  'filetime' => -1,
  'ssl_verify_result' => 0,
  'redirect_count' => 0,
  'total_time' => 0.01600000000000000033306690738754696212708950042724609375,
  'namelookup_time' => 0,
  'connect_time' => 0,
  'pretransfer_time' => 0,
  'size_upload' => 13,
  'size_download' => 403,
  'speed_download' => 25187,
  'speed_upload' => 812,
  'download_content_length' => 403,
  'upload_content_length' => 13,
  'starttransfer_time' => 0.01600000000000000033306690738754696212708950042724609375,
  'redirect_time' => 0,
  'redirect_url' => '',
  'primary_ip' => '192.168.1.159',
  'certinfo' => 
  array (
  ),
  'primary_port' => 9875,
  'local_ip' => '192.168.3.153',
  'local_port' => 60644,
)
array (
  'url' => 'http://192.168.1.159:9875/v3/contentDownloadHistory/getCatalogueDetail',
  'content_type' => 'text/html; charset=UTF-8',
  'http_code' => 200,
  'header_size' => 180,
  'request_size' => 172,
  'filetime' => -1,
  'ssl_verify_result' => 0,
  'redirect_count' => 0,
  'total_time' => 0.01499999999999999944488848768742172978818416595458984375,
  'namelookup_time' => 0,
  'connect_time' => 0,
  'pretransfer_time' => 0,
  'size_upload' => 18,
  'size_download' => 122,
  'speed_download' => 8133,
  'speed_upload' => 1200,
  'download_content_length' => 122,
  'upload_content_length' => 18,
  'starttransfer_time' => 0.01499999999999999944488848768742172978818416595458984375,
  'redirect_time' => 0,
  'redirect_url' => '',
  'primary_ip' => '192.168.1.159',
  'certinfo' => 
  array (
  ),
  'primary_port' => 9875,
  'local_ip' => '192.168.3.153',
  'local_port' => 60646,
)