
array (
  'url' => 'http://192.168.1.159:9875/v3/store/getSubscriptionPricePoints',
  'content_type' => NULL,
  'http_code' => 0,
  'header_size' => 0,
  'request_size' => 0,
  'filetime' => -1,
  'ssl_verify_result' => 0,
  'redirect_count' => 0,
  'total_time' => 10804.936999999999898136593401432037353515625,
  'namelookup_time' => 0,
  'connect_time' => 0,
  'pretransfer_time' => 0,
  'size_upload' => 0,
  'size_download' => 0,
  'speed_download' => 0,
  'speed_upload' => 0,
  'download_content_length' => -1,
  'upload_content_length' => -1,
  'starttransfer_time' => 0,
  'redirect_time' => 0,
  'redirect_url' => '',
  'primary_ip' => '',
  'certinfo' => 
  array (
  ),
  'primary_port' => 0,
  'local_ip' => '',
  'local_port' => 0,
)
array (
  'url' => 'http://192.168.1.159:9875/v3/store/getCGImagesByStoreId',
  'content_type' => NULL,
  'http_code' => 0,
  'header_size' => 0,
  'request_size' => 0,
  'filetime' => -1,
  'ssl_verify_result' => 0,
  'redirect_count' => 0,
  'total_time' => 0,
  'namelookup_time' => 0,
  'connect_time' => 0,
  'pretransfer_time' => 0,
  'size_upload' => 0,
  'size_download' => 0,
  'speed_download' => 0,
  'speed_upload' => 0,
  'download_content_length' => -1,
  'upload_content_length' => -1,
  'starttransfer_time' => 0,
  'redirect_time' => 0,
  'redirect_url' => '',
  'primary_ip' => '',
  'certinfo' => 
  array (
  ),
  'primary_port' => 0,
  'local_ip' => '',
  'local_port' => 0,
)
array (
  'url' => 'http://192.168.1.159:9875/v3/page/getPageDetails',
  'content_type' => NULL,
  'http_code' => 0,
  'header_size' => 0,
  'request_size' => 0,
  'filetime' => -1,
  'ssl_verify_result' => 0,
  'redirect_count' => 0,
  'total_time' => 0.0160000000000000142108547152020037174224853515625,
  'namelookup_time' => 0,
  'connect_time' => 0,
  'pretransfer_time' => 0,
  'size_upload' => 0,
  'size_download' => 0,
  'speed_download' => 0,
  'speed_upload' => 0,
  'download_content_length' => -1,
  'upload_content_length' => -1,
  'starttransfer_time' => 0,
  'redirect_time' => 0,
  'redirect_url' => '',
  'primary_ip' => '',
  'certinfo' => 
  array (
  ),
  'primary_port' => 0,
  'local_ip' => '',
  'local_port' => 0,
)