
array (
  'url' => 'http://192.168.1.159:9875/v3/store/getSubscriptionPricePoints',
  'content_type' => 'text/html; charset=UTF-8',
  'http_code' => 200,
  'header_size' => 180,
  'request_size' => 178,
  'filetime' => -1,
  'ssl_verify_result' => 0,
  'redirect_count' => 0,
  'total_time' => 0.0309999999999999997779553950749686919152736663818359375,
  'namelookup_time' => 0,
  'connect_time' => 0,
  'pretransfer_time' => 0,
  'size_upload' => 33,
  'size_download' => 383,
  'speed_download' => 12354,
  'speed_upload' => 1064,
  'download_content_length' => 383,
  'upload_content_length' => 33,
  'starttransfer_time' => 0.0309999999999999997779553950749686919152736663818359375,
  'redirect_time' => 0,
  'redirect_url' => '',
  'primary_ip' => '192.168.1.159',
  'certinfo' => 
  array (
  ),
  'primary_port' => 9875,
  'local_ip' => '192.168.5.56',
  'local_port' => 59813,
)
array (
  'url' => 'http://192.168.1.159:9875/v3/store/getCGImagesByStoreId',
  'content_type' => 'text/html; charset=UTF-8',
  'http_code' => 200,
  'header_size' => 180,
  'request_size' => 152,
  'filetime' => -1,
  'ssl_verify_result' => 0,
  'redirect_count' => 0,
  'total_time' => 0.01600000000000000033306690738754696212708950042724609375,
  'namelookup_time' => 0,
  'connect_time' => 0,
  'pretransfer_time' => 0,
  'size_upload' => 13,
  'size_download' => 403,
  'speed_download' => 25187,
  'speed_upload' => 812,
  'download_content_length' => 403,
  'upload_content_length' => 13,
  'starttransfer_time' => 0.01600000000000000033306690738754696212708950042724609375,
  'redirect_time' => 0,
  'redirect_url' => '',
  'primary_ip' => '192.168.1.159',
  'certinfo' => 
  array (
  ),
  'primary_port' => 9875,
  'local_ip' => '192.168.5.56',
  'local_port' => 59814,
)
array (
  'url' => 'http://192.168.1.159:9875/v3/page/getPageDetails',
  'content_type' => 'text/html; charset=UTF-8',
  'http_code' => 200,
  'header_size' => 187,
  'request_size' => 204,
  'filetime' => -1,
  'ssl_verify_result' => 0,
  'redirect_count' => 0,
  'total_time' => 1.7960000000000000408562073062057606875896453857421875,
  'namelookup_time' => 0,
  'connect_time' => 0.01499999999999999944488848768742172978818416595458984375,
  'pretransfer_time' => 0.01499999999999999944488848768742172978818416595458984375,
  'size_upload' => 72,
  'size_download' => 628249,
  'speed_download' => 349804,
  'speed_upload' => 40,
  'download_content_length' => -1,
  'upload_content_length' => 72,
  'starttransfer_time' => 1.6710000000000000408562073062057606875896453857421875,
  'redirect_time' => 0,
  'redirect_url' => '',
  'primary_ip' => '192.168.1.159',
  'certinfo' => 
  array (
  ),
  'primary_port' => 9875,
  'local_ip' => '192.168.5.56',
  'local_port' => 59815,
)
array (
  'url' => 'http://192.168.1.159:9875/v3/store/getSubscriptionPricePoints',
  'content_type' => 'text/html; charset=UTF-8',
  'http_code' => 200,
  'header_size' => 180,
  'request_size' => 181,
  'filetime' => -1,
  'ssl_verify_result' => 0,
  'redirect_count' => 0,
  'total_time' => 0.04700000000000000011102230246251565404236316680908203125,
  'namelookup_time' => 0,
  'connect_time' => 0,
  'pretransfer_time' => 0,
  'size_upload' => 36,
  'size_download' => 100,
  'speed_download' => 2127,
  'speed_upload' => 765,
  'download_content_length' => 100,
  'upload_content_length' => 36,
  'starttransfer_time' => 0.04700000000000000011102230246251565404236316680908203125,
  'redirect_time' => 0,
  'redirect_url' => '',
  'primary_ip' => '192.168.1.159',
  'certinfo' => 
  array (
  ),
  'primary_port' => 9875,
  'local_ip' => '192.168.5.56',
  'local_port' => 59834,
)
array (
  'url' => 'http://192.168.1.159:9875/v3/store/getCGImagesByStoreId',
  'content_type' => 'text/html; charset=UTF-8',
  'http_code' => 200,
  'header_size' => 180,
  'request_size' => 152,
  'filetime' => -1,
  'ssl_verify_result' => 0,
  'redirect_count' => 0,
  'total_time' => 0.01600000000000000033306690738754696212708950042724609375,
  'namelookup_time' => 0,
  'connect_time' => 0,
  'pretransfer_time' => 0,
  'size_upload' => 13,
  'size_download' => 403,
  'speed_download' => 25187,
  'speed_upload' => 812,
  'download_content_length' => 403,
  'upload_content_length' => 13,
  'starttransfer_time' => 0.01600000000000000033306690738754696212708950042724609375,
  'redirect_time' => 0,
  'redirect_url' => '',
  'primary_ip' => '192.168.1.159',
  'certinfo' => 
  array (
  ),
  'primary_port' => 9875,
  'local_ip' => '192.168.5.56',
  'local_port' => 59835,
)
array (
  'url' => 'http://192.168.1.159:9875/v3/store/getSubscriptionPricePoints',
  'content_type' => 'text/html; charset=UTF-8',
  'http_code' => 200,
  'header_size' => 180,
  'request_size' => 181,
  'filetime' => -1,
  'ssl_verify_result' => 0,
  'redirect_count' => 0,
  'total_time' => 0.01600000000000000033306690738754696212708950042724609375,
  'namelookup_time' => 0,
  'connect_time' => 0,
  'pretransfer_time' => 0,
  'size_upload' => 36,
  'size_download' => 100,
  'speed_download' => 6250,
  'speed_upload' => 2250,
  'download_content_length' => 100,
  'upload_content_length' => 36,
  'starttransfer_time' => 0.01600000000000000033306690738754696212708950042724609375,
  'redirect_time' => 0,
  'redirect_url' => '',
  'primary_ip' => '192.168.1.159',
  'certinfo' => 
  array (
  ),
  'primary_port' => 9875,
  'local_ip' => '192.168.5.56',
  'local_port' => 59838,
)
array (
  'url' => 'http://192.168.1.159:9875/v3/store/getCGImagesByStoreId',
  'content_type' => 'text/html; charset=UTF-8',
  'http_code' => 200,
  'header_size' => 180,
  'request_size' => 152,
  'filetime' => -1,
  'ssl_verify_result' => 0,
  'redirect_count' => 0,
  'total_time' => 0.0309999999999999997779553950749686919152736663818359375,
  'namelookup_time' => 0,
  'connect_time' => 0.01499999999999999944488848768742172978818416595458984375,
  'pretransfer_time' => 0.01499999999999999944488848768742172978818416595458984375,
  'size_upload' => 13,
  'size_download' => 403,
  'speed_download' => 13000,
  'speed_upload' => 419,
  'download_content_length' => 403,
  'upload_content_length' => 13,
  'starttransfer_time' => 0.0309999999999999997779553950749686919152736663818359375,
  'redirect_time' => 0,
  'redirect_url' => '',
  'primary_ip' => '192.168.1.159',
  'certinfo' => 
  array (
  ),
  'primary_port' => 9875,
  'local_ip' => '192.168.5.56',
  'local_port' => 59839,
)
array (
  'url' => 'http://192.168.1.159:9875/v3/store/getSubscriptionPricePoints',
  'content_type' => 'text/html; charset=UTF-8',
  'http_code' => 200,
  'header_size' => 180,
  'request_size' => 181,
  'filetime' => -1,
  'ssl_verify_result' => 0,
  'redirect_count' => 0,
  'total_time' => 0.01499999999999999944488848768742172978818416595458984375,
  'namelookup_time' => 0,
  'connect_time' => 0,
  'pretransfer_time' => 0,
  'size_upload' => 36,
  'size_download' => 100,
  'speed_download' => 6666,
  'speed_upload' => 2400,
  'download_content_length' => 100,
  'upload_content_length' => 36,
  'starttransfer_time' => 0.01499999999999999944488848768742172978818416595458984375,
  'redirect_time' => 0,
  'redirect_url' => '',
  'primary_ip' => '192.168.1.159',
  'certinfo' => 
  array (
  ),
  'primary_port' => 9875,
  'local_ip' => '192.168.5.56',
  'local_port' => 59843,
)
array (
  'url' => 'http://192.168.1.159:9875/v3/store/getCGImagesByStoreId',
  'content_type' => 'text/html; charset=UTF-8',
  'http_code' => 200,
  'header_size' => 180,
  'request_size' => 152,
  'filetime' => -1,
  'ssl_verify_result' => 0,
  'redirect_count' => 0,
  'total_time' => 0.04700000000000000011102230246251565404236316680908203125,
  'namelookup_time' => 0,
  'connect_time' => 0,
  'pretransfer_time' => 0,
  'size_upload' => 13,
  'size_download' => 403,
  'speed_download' => 8574,
  'speed_upload' => 276,
  'download_content_length' => 403,
  'upload_content_length' => 13,
  'starttransfer_time' => 0.04700000000000000011102230246251565404236316680908203125,
  'redirect_time' => 0,
  'redirect_url' => '',
  'primary_ip' => '192.168.1.159',
  'certinfo' => 
  array (
  ),
  'primary_port' => 9875,
  'local_ip' => '192.168.5.56',
  'local_port' => 59844,
)
array (
  'url' => 'http://192.168.1.159:9875/v3/page/getPageDetails',
  'content_type' => 'text/html; charset=UTF-8',
  'http_code' => 200,
  'header_size' => 187,
  'request_size' => 204,
  'filetime' => -1,
  'ssl_verify_result' => 0,
  'redirect_count' => 0,
  'total_time' => 1.8589999999999999857891452847979962825775146484375,
  'namelookup_time' => 0,
  'connect_time' => 0.01600000000000000033306690738754696212708950042724609375,
  'pretransfer_time' => 0.01600000000000000033306690738754696212708950042724609375,
  'size_upload' => 72,
  'size_download' => 628249,
  'speed_download' => 337949,
  'speed_upload' => 38,
  'download_content_length' => -1,
  'upload_content_length' => 72,
  'starttransfer_time' => 1.7969999999999999307220832633902318775653839111328125,
  'redirect_time' => 0,
  'redirect_url' => '',
  'primary_ip' => '192.168.1.159',
  'certinfo' => 
  array (
  ),
  'primary_port' => 9875,
  'local_ip' => '192.168.5.56',
  'local_port' => 59845,
)
array (
  'url' => 'http://192.168.1.159:9875/v3/store/getSubscriptionPricePoints',
  'content_type' => 'text/html; charset=UTF-8',
  'http_code' => 200,
  'header_size' => 180,
  'request_size' => 178,
  'filetime' => -1,
  'ssl_verify_result' => 0,
  'redirect_count' => 0,
  'total_time' => 0.04700000000000000011102230246251565404236316680908203125,
  'namelookup_time' => 0,
  'connect_time' => 0.01600000000000000033306690738754696212708950042724609375,
  'pretransfer_time' => 0.01600000000000000033306690738754696212708950042724609375,
  'size_upload' => 33,
  'size_download' => 383,
  'speed_download' => 8148,
  'speed_upload' => 702,
  'download_content_length' => 383,
  'upload_content_length' => 33,
  'starttransfer_time' => 0.04700000000000000011102230246251565404236316680908203125,
  'redirect_time' => 0,
  'redirect_url' => '',
  'primary_ip' => '192.168.1.159',
  'certinfo' => 
  array (
  ),
  'primary_port' => 9875,
  'local_ip' => '192.168.5.56',
  'local_port' => 59850,
)
array (
  'url' => 'http://192.168.1.159:9875/v3/store/getCGImagesByStoreId',
  'content_type' => 'text/html; charset=UTF-8',
  'http_code' => 200,
  'header_size' => 180,
  'request_size' => 152,
  'filetime' => -1,
  'ssl_verify_result' => 0,
  'redirect_count' => 0,
  'total_time' => 0.01600000000000000033306690738754696212708950042724609375,
  'namelookup_time' => 0,
  'connect_time' => 0,
  'pretransfer_time' => 0,
  'size_upload' => 13,
  'size_download' => 403,
  'speed_download' => 25187,
  'speed_upload' => 812,
  'download_content_length' => 403,
  'upload_content_length' => 13,
  'starttransfer_time' => 0.01600000000000000033306690738754696212708950042724609375,
  'redirect_time' => 0,
  'redirect_url' => '',
  'primary_ip' => '192.168.1.159',
  'certinfo' => 
  array (
  ),
  'primary_port' => 9875,
  'local_ip' => '192.168.5.56',
  'local_port' => 59851,
)
'http://103.43.2.5/getideabilling?REQUESTTYPE=NEW_SUB&APPCONTID=123&UNITTYPE=SUBSCRIPTION&CPEVENT=JET0003&MSISDN=919075086409&OPERATOR=idea&CMODE=WAP&UID=jet&PASS=jet@123&TRANSID=907508640912320160128185211058&RETURL=http://localhost/published_store/views/index.php&FLRETURL=http://localhost/published_store/views/error.php&OTHER1=http://localhost/cgImage/iconCGImages/14_test_640x640_CG4.jpg&OTHER2=http://localhost/published_store/views/index.php&TOKENCALL=91907508640920160128185122290-jet-0-0'
array (
  'url' => 'http://192.168.1.159:9875/v3/store/getSubscriptionPricePoints',
  'content_type' => 'text/html; charset=UTF-8',
  'http_code' => 200,
  'header_size' => 180,
  'request_size' => 178,
  'filetime' => -1,
  'ssl_verify_result' => 0,
  'redirect_count' => 0,
  'total_time' => 0.01600000000000000033306690738754696212708950042724609375,
  'namelookup_time' => 0,
  'connect_time' => 0,
  'pretransfer_time' => 0,
  'size_upload' => 33,
  'size_download' => 383,
  'speed_download' => 23937,
  'speed_upload' => 2062,
  'download_content_length' => 383,
  'upload_content_length' => 33,
  'starttransfer_time' => 0.01600000000000000033306690738754696212708950042724609375,
  'redirect_time' => 0,
  'redirect_url' => '',
  'primary_ip' => '192.168.1.159',
  'certinfo' => 
  array (
  ),
  'primary_port' => 9875,
  'local_ip' => '192.168.5.56',
  'local_port' => 59858,
)
array (
  'url' => 'http://192.168.1.159:9875/v3/store/getCGImagesByStoreId',
  'content_type' => 'text/html; charset=UTF-8',
  'http_code' => 200,
  'header_size' => 180,
  'request_size' => 152,
  'filetime' => -1,
  'ssl_verify_result' => 0,
  'redirect_count' => 0,
  'total_time' => 0.0309999999999999997779553950749686919152736663818359375,
  'namelookup_time' => 0,
  'connect_time' => 0,
  'pretransfer_time' => 0,
  'size_upload' => 13,
  'size_download' => 403,
  'speed_download' => 13000,
  'speed_upload' => 419,
  'download_content_length' => 403,
  'upload_content_length' => 13,
  'starttransfer_time' => 0.0309999999999999997779553950749686919152736663818359375,
  'redirect_time' => 0,
  'redirect_url' => '',
  'primary_ip' => '192.168.1.159',
  'certinfo' => 
  array (
  ),
  'primary_port' => 9875,
  'local_ip' => '192.168.5.56',
  'local_port' => 59859,
)
array (
  'url' => 'http://192.168.1.159:9875/v3/page/getPageDetails',
  'content_type' => 'text/html; charset=UTF-8',
  'http_code' => 200,
  'header_size' => 187,
  'request_size' => 204,
  'filetime' => -1,
  'ssl_verify_result' => 0,
  'redirect_count' => 0,
  'total_time' => 1.842999999999999971578290569595992565155029296875,
  'namelookup_time' => 0,
  'connect_time' => 0,
  'pretransfer_time' => 0,
  'size_upload' => 72,
  'size_download' => 628249,
  'speed_download' => 340883,
  'speed_upload' => 39,
  'download_content_length' => -1,
  'upload_content_length' => 72,
  'starttransfer_time' => 1.765000000000000124344978758017532527446746826171875,
  'redirect_time' => 0,
  'redirect_url' => '',
  'primary_ip' => '192.168.1.159',
  'certinfo' => 
  array (
  ),
  'primary_port' => 9875,
  'local_ip' => '192.168.5.56',
  'local_port' => 59860,
)
array (
  'url' => 'http://192.168.1.159:9875/v3/store/getSubscriptionPricePoints',
  'content_type' => 'text/html; charset=UTF-8',
  'http_code' => 200,
  'header_size' => 180,
  'request_size' => 178,
  'filetime' => -1,
  'ssl_verify_result' => 0,
  'redirect_count' => 0,
  'total_time' => 0.01600000000000000033306690738754696212708950042724609375,
  'namelookup_time' => 0,
  'connect_time' => 0,
  'pretransfer_time' => 0,
  'size_upload' => 33,
  'size_download' => 383,
  'speed_download' => 23937,
  'speed_upload' => 2062,
  'download_content_length' => 383,
  'upload_content_length' => 33,
  'starttransfer_time' => 0.01600000000000000033306690738754696212708950042724609375,
  'redirect_time' => 0,
  'redirect_url' => '',
  'primary_ip' => '192.168.1.159',
  'certinfo' => 
  array (
  ),
  'primary_port' => 9875,
  'local_ip' => '192.168.5.56',
  'local_port' => 59864,
)
array (
  'url' => 'http://192.168.1.159:9875/v3/store/getCGImagesByStoreId',
  'content_type' => 'text/html; charset=UTF-8',
  'http_code' => 200,
  'header_size' => 180,
  'request_size' => 152,
  'filetime' => -1,
  'ssl_verify_result' => 0,
  'redirect_count' => 0,
  'total_time' => 0.01600000000000000033306690738754696212708950042724609375,
  'namelookup_time' => 0,
  'connect_time' => 0,
  'pretransfer_time' => 0,
  'size_upload' => 13,
  'size_download' => 403,
  'speed_download' => 25187,
  'speed_upload' => 812,
  'download_content_length' => 403,
  'upload_content_length' => 13,
  'starttransfer_time' => 0.01600000000000000033306690738754696212708950042724609375,
  'redirect_time' => 0,
  'redirect_url' => '',
  'primary_ip' => '192.168.1.159',
  'certinfo' => 
  array (
  ),
  'primary_port' => 9875,
  'local_ip' => '192.168.5.56',
  'local_port' => 59865,
)
'http://103.43.2.5/getideabilling?REQUESTTYPE=NEW_SUB&APPCONTID=123&UNITTYPE=SUBSCRIPTION&CPEVENT=JET0002&MSISDN=919075086409&OPERATOR=idea&CMODE=WAP&UID=jet&PASS=jet@123&TRANSID=907508640912320160128185227029&RETURL=http://localhost/published_store/views/index.php&FLRETURL=http://localhost/published_store/views/error.php&OTHER1=http://localhost/cgImage/iconCGImages/1_pkg_640x640_CG4.jpg&OTHER2=http://localhost/published_store/views/index.php&TOKENCALL=91907508640920160128185122290-jet-0-0'
array (
  'url' => 'http://192.168.1.159:9875/v3/store/getSubscriptionPricePoints',
  'content_type' => 'text/html; charset=UTF-8',
  'http_code' => 200,
  'header_size' => 180,
  'request_size' => 178,
  'filetime' => -1,
  'ssl_verify_result' => 0,
  'redirect_count' => 0,
  'total_time' => 0.01499999999999999944488848768742172978818416595458984375,
  'namelookup_time' => 0,
  'connect_time' => 0,
  'pretransfer_time' => 0,
  'size_upload' => 33,
  'size_download' => 383,
  'speed_download' => 25533,
  'speed_upload' => 2200,
  'download_content_length' => 383,
  'upload_content_length' => 33,
  'starttransfer_time' => 0.01499999999999999944488848768742172978818416595458984375,
  'redirect_time' => 0,
  'redirect_url' => '',
  'primary_ip' => '192.168.1.159',
  'certinfo' => 
  array (
  ),
  'primary_port' => 9875,
  'local_ip' => '192.168.5.56',
  'local_port' => 59870,
)
array (
  'url' => 'http://192.168.1.159:9875/v3/store/getCGImagesByStoreId',
  'content_type' => 'text/html; charset=UTF-8',
  'http_code' => 200,
  'header_size' => 180,
  'request_size' => 152,
  'filetime' => -1,
  'ssl_verify_result' => 0,
  'redirect_count' => 0,
  'total_time' => 0.01600000000000000033306690738754696212708950042724609375,
  'namelookup_time' => 0,
  'connect_time' => 0,
  'pretransfer_time' => 0,
  'size_upload' => 13,
  'size_download' => 403,
  'speed_download' => 25187,
  'speed_upload' => 812,
  'download_content_length' => 403,
  'upload_content_length' => 13,
  'starttransfer_time' => 0.01600000000000000033306690738754696212708950042724609375,
  'redirect_time' => 0,
  'redirect_url' => '',
  'primary_ip' => '192.168.1.159',
  'certinfo' => 
  array (
  ),
  'primary_port' => 9875,
  'local_ip' => '192.168.5.56',
  'local_port' => 59871,
)
array (
  'url' => 'http://192.168.1.159:9875/v3/store/getSubscriptionPricePoints',
  'content_type' => 'text/html; charset=UTF-8',
  'http_code' => 200,
  'header_size' => 180,
  'request_size' => 178,
  'filetime' => -1,
  'ssl_verify_result' => 0,
  'redirect_count' => 0,
  'total_time' => 0.01600000000000000033306690738754696212708950042724609375,
  'namelookup_time' => 0,
  'connect_time' => 0,
  'pretransfer_time' => 0,
  'size_upload' => 33,
  'size_download' => 383,
  'speed_download' => 23937,
  'speed_upload' => 2062,
  'download_content_length' => 383,
  'upload_content_length' => 33,
  'starttransfer_time' => 0.01600000000000000033306690738754696212708950042724609375,
  'redirect_time' => 0,
  'redirect_url' => '',
  'primary_ip' => '192.168.1.159',
  'certinfo' => 
  array (
  ),
  'primary_port' => 9875,
  'local_ip' => '192.168.5.56',
  'local_port' => 59890,
)
array (
  'url' => 'http://192.168.1.159:9875/v3/store/getCGImagesByStoreId',
  'content_type' => 'text/html; charset=UTF-8',
  'http_code' => 200,
  'header_size' => 180,
  'request_size' => 152,
  'filetime' => -1,
  'ssl_verify_result' => 0,
  'redirect_count' => 0,
  'total_time' => 0.01600000000000000033306690738754696212708950042724609375,
  'namelookup_time' => 0,
  'connect_time' => 0,
  'pretransfer_time' => 0,
  'size_upload' => 13,
  'size_download' => 403,
  'speed_download' => 25187,
  'speed_upload' => 812,
  'download_content_length' => 403,
  'upload_content_length' => 13,
  'starttransfer_time' => 0.01600000000000000033306690738754696212708950042724609375,
  'redirect_time' => 0,
  'redirect_url' => '',
  'primary_ip' => '192.168.1.159',
  'certinfo' => 
  array (
  ),
  'primary_port' => 9875,
  'local_ip' => '192.168.5.56',
  'local_port' => 59891,
)
array (
  'url' => 'http://192.168.1.159:9875/v3/page/getPageDetails',
  'content_type' => 'text/html; charset=UTF-8',
  'http_code' => 200,
  'header_size' => 187,
  'request_size' => 204,
  'filetime' => -1,
  'ssl_verify_result' => 0,
  'redirect_count' => 0,
  'total_time' => 1.9059999999999999165112285481882281601428985595703125,
  'namelookup_time' => 0,
  'connect_time' => 0,
  'pretransfer_time' => 0,
  'size_upload' => 72,
  'size_download' => 628249,
  'speed_download' => 329616,
  'speed_upload' => 37,
  'download_content_length' => -1,
  'upload_content_length' => 72,
  'starttransfer_time' => 1.797000000000000152766688188421539962291717529296875,
  'redirect_time' => 0,
  'redirect_url' => '',
  'primary_ip' => '192.168.1.159',
  'certinfo' => 
  array (
  ),
  'primary_port' => 9875,
  'local_ip' => '192.168.5.56',
  'local_port' => 59892,
)
array (
  'url' => 'http://192.168.1.159:9875/v3/store/getSubscriptionPricePoints',
  'content_type' => 'text/html; charset=UTF-8',
  'http_code' => 200,
  'header_size' => 180,
  'request_size' => 178,
  'filetime' => -1,
  'ssl_verify_result' => 0,
  'redirect_count' => 0,
  'total_time' => 0.01600000000000000033306690738754696212708950042724609375,
  'namelookup_time' => 0,
  'connect_time' => 0,
  'pretransfer_time' => 0,
  'size_upload' => 33,
  'size_download' => 383,
  'speed_download' => 23937,
  'speed_upload' => 2062,
  'download_content_length' => 383,
  'upload_content_length' => 33,
  'starttransfer_time' => 0.01600000000000000033306690738754696212708950042724609375,
  'redirect_time' => 0,
  'redirect_url' => '',
  'primary_ip' => '192.168.1.159',
  'certinfo' => 
  array (
  ),
  'primary_port' => 9875,
  'local_ip' => '192.168.5.56',
  'local_port' => 59899,
)
array (
  'url' => 'http://192.168.1.159:9875/v3/store/getCGImagesByStoreId',
  'content_type' => 'text/html; charset=UTF-8',
  'http_code' => 200,
  'header_size' => 180,
  'request_size' => 152,
  'filetime' => -1,
  'ssl_verify_result' => 0,
  'redirect_count' => 0,
  'total_time' => 0.01600000000000000033306690738754696212708950042724609375,
  'namelookup_time' => 0,
  'connect_time' => 0,
  'pretransfer_time' => 0,
  'size_upload' => 13,
  'size_download' => 403,
  'speed_download' => 25187,
  'speed_upload' => 812,
  'download_content_length' => 403,
  'upload_content_length' => 13,
  'starttransfer_time' => 0.01600000000000000033306690738754696212708950042724609375,
  'redirect_time' => 0,
  'redirect_url' => '',
  'primary_ip' => '192.168.1.159',
  'certinfo' => 
  array (
  ),
  'primary_port' => 9875,
  'local_ip' => '192.168.5.56',
  'local_port' => 59900,
)
array (
  'url' => 'http://192.168.1.159:9875/v3/page/getPageDetails',
  'content_type' => 'text/html; charset=UTF-8',
  'http_code' => 200,
  'header_size' => 187,
  'request_size' => 204,
  'filetime' => -1,
  'ssl_verify_result' => 0,
  'redirect_count' => 0,
  'total_time' => 1.7809999999999999165112285481882281601428985595703125,
  'namelookup_time' => 0,
  'connect_time' => 0,
  'pretransfer_time' => 0,
  'size_upload' => 72,
  'size_download' => 628249,
  'speed_download' => 352750,
  'speed_upload' => 40,
  'download_content_length' => -1,
  'upload_content_length' => 72,
  'starttransfer_time' => 1.7030000000000000692779167366097681224346160888671875,
  'redirect_time' => 0,
  'redirect_url' => '',
  'primary_ip' => '192.168.1.159',
  'certinfo' => 
  array (
  ),
  'primary_port' => 9875,
  'local_ip' => '192.168.5.56',
  'local_port' => 59901,
)
array (
  'url' => 'http://192.168.1.159:9875/v3/store/getSubscriptionPricePoints',
  'content_type' => 'text/html; charset=UTF-8',
  'http_code' => 200,
  'header_size' => 180,
  'request_size' => 178,
  'filetime' => -1,
  'ssl_verify_result' => 0,
  'redirect_count' => 0,
  'total_time' => 0.01600000000000000033306690738754696212708950042724609375,
  'namelookup_time' => 0,
  'connect_time' => 0,
  'pretransfer_time' => 0,
  'size_upload' => 33,
  'size_download' => 383,
  'speed_download' => 23937,
  'speed_upload' => 2062,
  'download_content_length' => 383,
  'upload_content_length' => 33,
  'starttransfer_time' => 0.01600000000000000033306690738754696212708950042724609375,
  'redirect_time' => 0,
  'redirect_url' => '',
  'primary_ip' => '192.168.1.159',
  'certinfo' => 
  array (
  ),
  'primary_port' => 9875,
  'local_ip' => '192.168.5.56',
  'local_port' => 59907,
)
array (
  'url' => 'http://192.168.1.159:9875/v3/store/getCGImagesByStoreId',
  'content_type' => 'text/html; charset=UTF-8',
  'http_code' => 200,
  'header_size' => 180,
  'request_size' => 152,
  'filetime' => -1,
  'ssl_verify_result' => 0,
  'redirect_count' => 0,
  'total_time' => 0.01600000000000000033306690738754696212708950042724609375,
  'namelookup_time' => 0,
  'connect_time' => 0,
  'pretransfer_time' => 0,
  'size_upload' => 13,
  'size_download' => 403,
  'speed_download' => 25187,
  'speed_upload' => 812,
  'download_content_length' => 403,
  'upload_content_length' => 13,
  'starttransfer_time' => 0.01600000000000000033306690738754696212708950042724609375,
  'redirect_time' => 0,
  'redirect_url' => '',
  'primary_ip' => '192.168.1.159',
  'certinfo' => 
  array (
  ),
  'primary_port' => 9875,
  'local_ip' => '192.168.5.56',
  'local_port' => 59908,
)
array (
  'url' => 'http://192.168.1.159:9875/v3/page/getPageDetails',
  'content_type' => 'text/html; charset=UTF-8',
  'http_code' => 200,
  'header_size' => 187,
  'request_size' => 204,
  'filetime' => -1,
  'ssl_verify_result' => 0,
  'redirect_count' => 0,
  'total_time' => 1.7660000000000000142108547152020037174224853515625,
  'namelookup_time' => 0,
  'connect_time' => 0.01600000000000000033306690738754696212708950042724609375,
  'pretransfer_time' => 0.01600000000000000033306690738754696212708950042724609375,
  'size_upload' => 72,
  'size_download' => 628249,
  'speed_download' => 355746,
  'speed_upload' => 40,
  'download_content_length' => -1,
  'upload_content_length' => 72,
  'starttransfer_time' => 1.672000000000000152766688188421539962291717529296875,
  'redirect_time' => 0,
  'redirect_url' => '',
  'primary_ip' => '192.168.1.159',
  'certinfo' => 
  array (
  ),
  'primary_port' => 9875,
  'local_ip' => '192.168.5.56',
  'local_port' => 59909,
)
array (
  'url' => 'http://192.168.1.159:9875/v3/store/getSubscriptionPricePoints',
  'content_type' => 'text/html; charset=UTF-8',
  'http_code' => 200,
  'header_size' => 180,
  'request_size' => 178,
  'filetime' => -1,
  'ssl_verify_result' => 0,
  'redirect_count' => 0,
  'total_time' => 0.01600000000000000033306690738754696212708950042724609375,
  'namelookup_time' => 0,
  'connect_time' => 0,
  'pretransfer_time' => 0,
  'size_upload' => 33,
  'size_download' => 383,
  'speed_download' => 23937,
  'speed_upload' => 2062,
  'download_content_length' => 383,
  'upload_content_length' => 33,
  'starttransfer_time' => 0.01600000000000000033306690738754696212708950042724609375,
  'redirect_time' => 0,
  'redirect_url' => '',
  'primary_ip' => '192.168.1.159',
  'certinfo' => 
  array (
  ),
  'primary_port' => 9875,
  'local_ip' => '192.168.5.56',
  'local_port' => 59913,
)
array (
  'url' => 'http://192.168.1.159:9875/v3/store/getCGImagesByStoreId',
  'content_type' => 'text/html; charset=UTF-8',
  'http_code' => 200,
  'header_size' => 180,
  'request_size' => 152,
  'filetime' => -1,
  'ssl_verify_result' => 0,
  'redirect_count' => 0,
  'total_time' => 0,
  'namelookup_time' => 0,
  'connect_time' => 0,
  'pretransfer_time' => 0,
  'size_upload' => 13,
  'size_download' => 403,
  'speed_download' => 403,
  'speed_upload' => 13,
  'download_content_length' => 403,
  'upload_content_length' => 13,
  'starttransfer_time' => 0,
  'redirect_time' => 0,
  'redirect_url' => '',
  'primary_ip' => '192.168.1.159',
  'certinfo' => 
  array (
  ),
  'primary_port' => 9875,
  'local_ip' => '192.168.5.56',
  'local_port' => 59914,
)
'http://103.43.2.5/getideabilling?REQUESTTYPE=NEW_SUB&APPCONTID=123&UNITTYPE=SUBSCRIPTION&CPEVENT=JET0002&MSISDN=919075086409&OPERATOR=idea&CMODE=WAP&UID=jet&PASS=jet@123&TRANSID=907508640912320160128185321542&RETURL=http://localhost/published_store/views/index.php&FLRETURL=http://localhost/published_store/views/error.php&OTHER1=http://localhost/cgImage/iconCGImages/14_test_640x640_CG4.jpg&OTHER2=http://localhost/published_store/views/index.php&TOKENCALL=91907508640920160128185122290-jet-0-0'
array (
  'url' => 'http://192.168.1.159:9875/v3/store/getSubscriptionPricePoints',
  'content_type' => 'text/html; charset=UTF-8',
  'http_code' => 200,
  'header_size' => 180,
  'request_size' => 178,
  'filetime' => -1,
  'ssl_verify_result' => 0,
  'redirect_count' => 0,
  'total_time' => 0.01600000000000000033306690738754696212708950042724609375,
  'namelookup_time' => 0,
  'connect_time' => 0,
  'pretransfer_time' => 0,
  'size_upload' => 33,
  'size_download' => 383,
  'speed_download' => 23937,
  'speed_upload' => 2062,
  'download_content_length' => 383,
  'upload_content_length' => 33,
  'starttransfer_time' => 0.01600000000000000033306690738754696212708950042724609375,
  'redirect_time' => 0,
  'redirect_url' => '',
  'primary_ip' => '192.168.1.159',
  'certinfo' => 
  array (
  ),
  'primary_port' => 9875,
  'local_ip' => '192.168.5.56',
  'local_port' => 59919,
)
array (
  'url' => 'http://192.168.1.159:9875/v3/store/getCGImagesByStoreId',
  'content_type' => 'text/html; charset=UTF-8',
  'http_code' => 200,
  'header_size' => 180,
  'request_size' => 152,
  'filetime' => -1,
  'ssl_verify_result' => 0,
  'redirect_count' => 0,
  'total_time' => 0.061999999999999999555910790149937383830547332763671875,
  'namelookup_time' => 0,
  'connect_time' => 0.04700000000000000011102230246251565404236316680908203125,
  'pretransfer_time' => 0.04700000000000000011102230246251565404236316680908203125,
  'size_upload' => 13,
  'size_download' => 403,
  'speed_download' => 6500,
  'speed_upload' => 209,
  'download_content_length' => 403,
  'upload_content_length' => 13,
  'starttransfer_time' => 0.061999999999999999555910790149937383830547332763671875,
  'redirect_time' => 0,
  'redirect_url' => '',
  'primary_ip' => '192.168.1.159',
  'certinfo' => 
  array (
  ),
  'primary_port' => 9875,
  'local_ip' => '192.168.5.56',
  'local_port' => 59920,
)
array (
  'url' => 'http://192.168.1.159:9875/v3/store/getSubscriptionPricePoints',
  'content_type' => 'text/html; charset=UTF-8',
  'http_code' => 200,
  'header_size' => 180,
  'request_size' => 178,
  'filetime' => -1,
  'ssl_verify_result' => 0,
  'redirect_count' => 0,
  'total_time' => 0.0309999999999999997779553950749686919152736663818359375,
  'namelookup_time' => 0,
  'connect_time' => 0,
  'pretransfer_time' => 0,
  'size_upload' => 33,
  'size_download' => 383,
  'speed_download' => 12354,
  'speed_upload' => 1064,
  'download_content_length' => 383,
  'upload_content_length' => 33,
  'starttransfer_time' => 0.0309999999999999997779553950749686919152736663818359375,
  'redirect_time' => 0,
  'redirect_url' => '',
  'primary_ip' => '192.168.1.159',
  'certinfo' => 
  array (
  ),
  'primary_port' => 9875,
  'local_ip' => '192.168.5.56',
  'local_port' => 59924,
)
array (
  'url' => 'http://192.168.1.159:9875/v3/store/getCGImagesByStoreId',
  'content_type' => 'text/html; charset=UTF-8',
  'http_code' => 200,
  'header_size' => 180,
  'request_size' => 152,
  'filetime' => -1,
  'ssl_verify_result' => 0,
  'redirect_count' => 0,
  'total_time' => 0.0309999999999999997779553950749686919152736663818359375,
  'namelookup_time' => 0,
  'connect_time' => 0.01600000000000000033306690738754696212708950042724609375,
  'pretransfer_time' => 0.01600000000000000033306690738754696212708950042724609375,
  'size_upload' => 13,
  'size_download' => 403,
  'speed_download' => 13000,
  'speed_upload' => 419,
  'download_content_length' => 403,
  'upload_content_length' => 13,
  'starttransfer_time' => 0.0309999999999999997779553950749686919152736663818359375,
  'redirect_time' => 0,
  'redirect_url' => '',
  'primary_ip' => '192.168.1.159',
  'certinfo' => 
  array (
  ),
  'primary_port' => 9875,
  'local_ip' => '192.168.5.56',
  'local_port' => 59925,
)
'http://103.43.2.5/getideabilling?REQUESTTYPE=NEW_SUB&APPCONTID=123&UNITTYPE=SUBSCRIPTION&CPEVENT=JET0003&MSISDN=919075086409&OPERATOR=idea&CMODE=WAP&UID=jet&PASS=jet@123&TRANSID=907508640912320160128185326580&RETURL=http://localhost/published_store/views/index.php&FLRETURL=http://localhost/published_store/views/error.php&OTHER1=http://localhost/cgImage/iconCGImages/14_test_640x640_CG4.jpg&OTHER2=http://localhost/published_store/views/index.php&TOKENCALL=91907508640920160128185122290-jet-0-0'
array (
  'url' => 'http://192.168.1.159:9875/v3/store/getSubscriptionPricePoints',
  'content_type' => 'text/html; charset=UTF-8',
  'http_code' => 200,
  'header_size' => 180,
  'request_size' => 178,
  'filetime' => -1,
  'ssl_verify_result' => 0,
  'redirect_count' => 0,
  'total_time' => 0.061999999999999999555910790149937383830547332763671875,
  'namelookup_time' => 0,
  'connect_time' => 0,
  'pretransfer_time' => 0,
  'size_upload' => 33,
  'size_download' => 383,
  'speed_download' => 6177,
  'speed_upload' => 532,
  'download_content_length' => 383,
  'upload_content_length' => 33,
  'starttransfer_time' => 0.061999999999999999555910790149937383830547332763671875,
  'redirect_time' => 0,
  'redirect_url' => '',
  'primary_ip' => '192.168.1.159',
  'certinfo' => 
  array (
  ),
  'primary_port' => 9875,
  'local_ip' => '192.168.5.56',
  'local_port' => 59930,
)
array (
  'url' => 'http://192.168.1.159:9875/v3/store/getCGImagesByStoreId',
  'content_type' => 'text/html; charset=UTF-8',
  'http_code' => 200,
  'header_size' => 180,
  'request_size' => 152,
  'filetime' => -1,
  'ssl_verify_result' => 0,
  'redirect_count' => 0,
  'total_time' => 0.125,
  'namelookup_time' => 0,
  'connect_time' => 0.061999999999999999555910790149937383830547332763671875,
  'pretransfer_time' => 0.061999999999999999555910790149937383830547332763671875,
  'size_upload' => 13,
  'size_download' => 403,
  'speed_download' => 3224,
  'speed_upload' => 104,
  'download_content_length' => 403,
  'upload_content_length' => 13,
  'starttransfer_time' => 0.125,
  'redirect_time' => 0,
  'redirect_url' => '',
  'primary_ip' => '192.168.1.159',
  'certinfo' => 
  array (
  ),
  'primary_port' => 9875,
  'local_ip' => '192.168.5.56',
  'local_port' => 59931,
)
array (
  'url' => 'http://192.168.1.159:9875/v3/store/getSubscriptionPricePoints',
  'content_type' => 'text/html; charset=UTF-8',
  'http_code' => 200,
  'header_size' => 180,
  'request_size' => 178,
  'filetime' => -1,
  'ssl_verify_result' => 0,
  'redirect_count' => 0,
  'total_time' => 0.0309999999999999997779553950749686919152736663818359375,
  'namelookup_time' => 0,
  'connect_time' => 0.01600000000000000033306690738754696212708950042724609375,
  'pretransfer_time' => 0.01600000000000000033306690738754696212708950042724609375,
  'size_upload' => 33,
  'size_download' => 383,
  'speed_download' => 12354,
  'speed_upload' => 1064,
  'download_content_length' => 383,
  'upload_content_length' => 33,
  'starttransfer_time' => 0.0309999999999999997779553950749686919152736663818359375,
  'redirect_time' => 0,
  'redirect_url' => '',
  'primary_ip' => '192.168.1.159',
  'certinfo' => 
  array (
  ),
  'primary_port' => 9875,
  'local_ip' => '192.168.5.56',
  'local_port' => 59978,
)
array (
  'url' => 'http://192.168.1.159:9875/v3/store/getCGImagesByStoreId',
  'content_type' => 'text/html; charset=UTF-8',
  'http_code' => 200,
  'header_size' => 180,
  'request_size' => 152,
  'filetime' => -1,
  'ssl_verify_result' => 0,
  'redirect_count' => 0,
  'total_time' => 0.01499999999999999944488848768742172978818416595458984375,
  'namelookup_time' => 0,
  'connect_time' => 0,
  'pretransfer_time' => 0,
  'size_upload' => 13,
  'size_download' => 403,
  'speed_download' => 26866,
  'speed_upload' => 866,
  'download_content_length' => 403,
  'upload_content_length' => 13,
  'starttransfer_time' => 0.01499999999999999944488848768742172978818416595458984375,
  'redirect_time' => 0,
  'redirect_url' => '',
  'primary_ip' => '192.168.1.159',
  'certinfo' => 
  array (
  ),
  'primary_port' => 9875,
  'local_ip' => '192.168.5.56',
  'local_port' => 59979,
)
array (
  'url' => 'http://192.168.1.159:9875/v3/page/getPageDetails',
  'content_type' => 'text/html; charset=UTF-8',
  'http_code' => 200,
  'header_size' => 187,
  'request_size' => 204,
  'filetime' => -1,
  'ssl_verify_result' => 0,
  'redirect_count' => 0,
  'total_time' => 1.875,
  'namelookup_time' => 0,
  'connect_time' => 0,
  'pretransfer_time' => 0,
  'size_upload' => 72,
  'size_download' => 628249,
  'speed_download' => 335066,
  'speed_upload' => 38,
  'download_content_length' => -1,
  'upload_content_length' => 72,
  'starttransfer_time' => 1.734999999999999875655021241982467472553253173828125,
  'redirect_time' => 0,
  'redirect_url' => '',
  'primary_ip' => '192.168.1.159',
  'certinfo' => 
  array (
  ),
  'primary_port' => 9875,
  'local_ip' => '192.168.5.56',
  'local_port' => 59980,
)
array (
  'url' => 'http://192.168.1.159:9875/v3/store/getSubscriptionPricePoints',
  'content_type' => 'text/html; charset=UTF-8',
  'http_code' => 200,
  'header_size' => 180,
  'request_size' => 178,
  'filetime' => -1,
  'ssl_verify_result' => 0,
  'redirect_count' => 0,
  'total_time' => 0.01499999999999999944488848768742172978818416595458984375,
  'namelookup_time' => 0,
  'connect_time' => 0,
  'pretransfer_time' => 0,
  'size_upload' => 33,
  'size_download' => 383,
  'speed_download' => 25533,
  'speed_upload' => 2200,
  'download_content_length' => 383,
  'upload_content_length' => 33,
  'starttransfer_time' => 0.01499999999999999944488848768742172978818416595458984375,
  'redirect_time' => 0,
  'redirect_url' => '',
  'primary_ip' => '192.168.1.159',
  'certinfo' => 
  array (
  ),
  'primary_port' => 9875,
  'local_ip' => '192.168.5.56',
  'local_port' => 59984,
)
array (
  'url' => 'http://192.168.1.159:9875/v3/store/getCGImagesByStoreId',
  'content_type' => 'text/html; charset=UTF-8',
  'http_code' => 200,
  'header_size' => 180,
  'request_size' => 152,
  'filetime' => -1,
  'ssl_verify_result' => 0,
  'redirect_count' => 0,
  'total_time' => 0.01600000000000000033306690738754696212708950042724609375,
  'namelookup_time' => 0,
  'connect_time' => 0.01600000000000000033306690738754696212708950042724609375,
  'pretransfer_time' => 0.01600000000000000033306690738754696212708950042724609375,
  'size_upload' => 13,
  'size_download' => 403,
  'speed_download' => 25187,
  'speed_upload' => 812,
  'download_content_length' => 403,
  'upload_content_length' => 13,
  'starttransfer_time' => 0.01600000000000000033306690738754696212708950042724609375,
  'redirect_time' => 0,
  'redirect_url' => '',
  'primary_ip' => '192.168.1.159',
  'certinfo' => 
  array (
  ),
  'primary_port' => 9875,
  'local_ip' => '192.168.5.56',
  'local_port' => 59985,
)
'http://103.43.2.5/getideabilling?REQUESTTYPE=NEW_SUB&APPCONTID=123&UNITTYPE=SUBSCRIPTION&CPEVENT=JET0004&MSISDN=919637536352&OPERATOR=idea&CMODE=WAP&UID=jet&PASS=jet@123&TRANSID=963753635212320160128185504235&RETURL=http://localhost/published_store/views/index.php&FLRETURL=http://localhost/published_store/views/error.php&OTHER1=http://localhost/cgImage/iconCGImages/14_test_640x640_CG4.jpg&OTHER2=http://localhost/published_store/views/index.php&TOKENCALL=91963753635220160128185503834-jet-0-0'
array (
  'url' => 'http://192.168.1.159:9875/v3/store/getSubscriptionPricePoints',
  'content_type' => 'text/html; charset=UTF-8',
  'http_code' => 200,
  'header_size' => 180,
  'request_size' => 178,
  'filetime' => -1,
  'ssl_verify_result' => 0,
  'redirect_count' => 0,
  'total_time' => 0.0309999999999999997779553950749686919152736663818359375,
  'namelookup_time' => 0,
  'connect_time' => 0.01499999999999999944488848768742172978818416595458984375,
  'pretransfer_time' => 0.01499999999999999944488848768742172978818416595458984375,
  'size_upload' => 33,
  'size_download' => 383,
  'speed_download' => 12354,
  'speed_upload' => 1064,
  'download_content_length' => 383,
  'upload_content_length' => 33,
  'starttransfer_time' => 0.0309999999999999997779553950749686919152736663818359375,
  'redirect_time' => 0,
  'redirect_url' => '',
  'primary_ip' => '192.168.1.159',
  'certinfo' => 
  array (
  ),
  'primary_port' => 9875,
  'local_ip' => '192.168.5.56',
  'local_port' => 59990,
)
array (
  'url' => 'http://192.168.1.159:9875/v3/store/getCGImagesByStoreId',
  'content_type' => 'text/html; charset=UTF-8',
  'http_code' => 200,
  'header_size' => 180,
  'request_size' => 152,
  'filetime' => -1,
  'ssl_verify_result' => 0,
  'redirect_count' => 0,
  'total_time' => 0.0309999999999999997779553950749686919152736663818359375,
  'namelookup_time' => 0,
  'connect_time' => 0.01600000000000000033306690738754696212708950042724609375,
  'pretransfer_time' => 0.01600000000000000033306690738754696212708950042724609375,
  'size_upload' => 13,
  'size_download' => 403,
  'speed_download' => 13000,
  'speed_upload' => 419,
  'download_content_length' => 403,
  'upload_content_length' => 13,
  'starttransfer_time' => 0.0309999999999999997779553950749686919152736663818359375,
  'redirect_time' => 0,
  'redirect_url' => '',
  'primary_ip' => '192.168.1.159',
  'certinfo' => 
  array (
  ),
  'primary_port' => 9875,
  'local_ip' => '192.168.5.56',
  'local_port' => 59991,
)
array (
  'url' => 'http://192.168.1.159:9875/v3/store/getSubscriptionPricePoints',
  'content_type' => 'text/html; charset=UTF-8',
  'http_code' => 200,
  'header_size' => 180,
  'request_size' => 178,
  'filetime' => -1,
  'ssl_verify_result' => 0,
  'redirect_count' => 0,
  'total_time' => 0.0320000000000000006661338147750939242541790008544921875,
  'namelookup_time' => 0,
  'connect_time' => 0.01600000000000000033306690738754696212708950042724609375,
  'pretransfer_time' => 0.01600000000000000033306690738754696212708950042724609375,
  'size_upload' => 33,
  'size_download' => 383,
  'speed_download' => 11968,
  'speed_upload' => 1031,
  'download_content_length' => 383,
  'upload_content_length' => 33,
  'starttransfer_time' => 0.0320000000000000006661338147750939242541790008544921875,
  'redirect_time' => 0,
  'redirect_url' => '',
  'primary_ip' => '192.168.1.159',
  'certinfo' => 
  array (
  ),
  'primary_port' => 9875,
  'local_ip' => '192.168.5.56',
  'local_port' => 59998,
)
array (
  'url' => 'http://192.168.1.159:9875/v3/store/getCGImagesByStoreId',
  'content_type' => 'text/html; charset=UTF-8',
  'http_code' => 200,
  'header_size' => 180,
  'request_size' => 152,
  'filetime' => -1,
  'ssl_verify_result' => 0,
  'redirect_count' => 0,
  'total_time' => 0.0320000000000000006661338147750939242541790008544921875,
  'namelookup_time' => 0.01600000000000000033306690738754696212708950042724609375,
  'connect_time' => 0.01600000000000000033306690738754696212708950042724609375,
  'pretransfer_time' => 0.01600000000000000033306690738754696212708950042724609375,
  'size_upload' => 13,
  'size_download' => 403,
  'speed_download' => 12593,
  'speed_upload' => 406,
  'download_content_length' => 403,
  'upload_content_length' => 13,
  'starttransfer_time' => 0.0320000000000000006661338147750939242541790008544921875,
  'redirect_time' => 0,
  'redirect_url' => '',
  'primary_ip' => '192.168.1.159',
  'certinfo' => 
  array (
  ),
  'primary_port' => 9875,
  'local_ip' => '192.168.5.56',
  'local_port' => 59999,
)
'http://103.43.2.5/getideabilling?REQUESTTYPE=NEW_SUB&APPCONTID=123&UNITTYPE=SUBSCRIPTION&CPEVENT=JET0002&MSISDN=919637536352&OPERATOR=idea&CMODE=WAP&UID=jet&PASS=jet@123&TRANSID=963753635212320160128185510244&RETURL=http://localhost/published_store/views/index.php&FLRETURL=http://localhost/published_store/views/error.php&OTHER1=http://localhost/cgImage/iconCGImages/14_test_640x640_CG4.jpg&OTHER2=http://localhost/published_store/views/index.php&TOKENCALL=91963753635220160128185503834-jet-0-0'
array (
  'url' => 'http://192.168.1.159:9875/v3/store/getSubscriptionPricePoints',
  'content_type' => 'text/html; charset=UTF-8',
  'http_code' => 200,
  'header_size' => 180,
  'request_size' => 178,
  'filetime' => -1,
  'ssl_verify_result' => 0,
  'redirect_count' => 0,
  'total_time' => 0.01499999999999999944488848768742172978818416595458984375,
  'namelookup_time' => 0,
  'connect_time' => 0,
  'pretransfer_time' => 0,
  'size_upload' => 33,
  'size_download' => 383,
  'speed_download' => 25533,
  'speed_upload' => 2200,
  'download_content_length' => 383,
  'upload_content_length' => 33,
  'starttransfer_time' => 0.01499999999999999944488848768742172978818416595458984375,
  'redirect_time' => 0,
  'redirect_url' => '',
  'primary_ip' => '192.168.1.159',
  'certinfo' => 
  array (
  ),
  'primary_port' => 9875,
  'local_ip' => '192.168.5.56',
  'local_port' => 60005,
)
array (
  'url' => 'http://192.168.1.159:9875/v3/store/getCGImagesByStoreId',
  'content_type' => 'text/html; charset=UTF-8',
  'http_code' => 200,
  'header_size' => 180,
  'request_size' => 152,
  'filetime' => -1,
  'ssl_verify_result' => 0,
  'redirect_count' => 0,
  'total_time' => 0.04599999999999999922284388276239042170345783233642578125,
  'namelookup_time' => 0,
  'connect_time' => 0.0309999999999999997779553950749686919152736663818359375,
  'pretransfer_time' => 0.0309999999999999997779553950749686919152736663818359375,
  'size_upload' => 13,
  'size_download' => 403,
  'speed_download' => 8760,
  'speed_upload' => 282,
  'download_content_length' => 403,
  'upload_content_length' => 13,
  'starttransfer_time' => 0.04599999999999999922284388276239042170345783233642578125,
  'redirect_time' => 0,
  'redirect_url' => '',
  'primary_ip' => '192.168.1.159',
  'certinfo' => 
  array (
  ),
  'primary_port' => 9875,
  'local_ip' => '192.168.5.56',
  'local_port' => 60006,
)
array (
  'url' => 'http://192.168.1.159:9875/v3/store/getSubscriptionPricePoints',
  'content_type' => 'text/html; charset=UTF-8',
  'http_code' => 200,
  'header_size' => 180,
  'request_size' => 178,
  'filetime' => -1,
  'ssl_verify_result' => 0,
  'redirect_count' => 0,
  'total_time' => 0.0320000000000000006661338147750939242541790008544921875,
  'namelookup_time' => 0,
  'connect_time' => 0.01600000000000000033306690738754696212708950042724609375,
  'pretransfer_time' => 0.01600000000000000033306690738754696212708950042724609375,
  'size_upload' => 33,
  'size_download' => 383,
  'speed_download' => 11968,
  'speed_upload' => 1031,
  'download_content_length' => 383,
  'upload_content_length' => 33,
  'starttransfer_time' => 0.0320000000000000006661338147750939242541790008544921875,
  'redirect_time' => 0,
  'redirect_url' => '',
  'primary_ip' => '192.168.1.159',
  'certinfo' => 
  array (
  ),
  'primary_port' => 9875,
  'local_ip' => '192.168.5.56',
  'local_port' => 60024,
)
array (
  'url' => 'http://192.168.1.159:9875/v3/store/getCGImagesByStoreId',
  'content_type' => 'text/html; charset=UTF-8',
  'http_code' => 200,
  'header_size' => 180,
  'request_size' => 152,
  'filetime' => -1,
  'ssl_verify_result' => 0,
  'redirect_count' => 0,
  'total_time' => 0.01600000000000000033306690738754696212708950042724609375,
  'namelookup_time' => 0,
  'connect_time' => 0,
  'pretransfer_time' => 0,
  'size_upload' => 13,
  'size_download' => 403,
  'speed_download' => 25187,
  'speed_upload' => 812,
  'download_content_length' => 403,
  'upload_content_length' => 13,
  'starttransfer_time' => 0.01600000000000000033306690738754696212708950042724609375,
  'redirect_time' => 0,
  'redirect_url' => '',
  'primary_ip' => '192.168.1.159',
  'certinfo' => 
  array (
  ),
  'primary_port' => 9875,
  'local_ip' => '192.168.5.56',
  'local_port' => 60025,
)
array (
  'url' => 'http://192.168.1.159:9875/v3/page/getPageDetails',
  'content_type' => 'text/html; charset=UTF-8',
  'http_code' => 200,
  'header_size' => 187,
  'request_size' => 204,
  'filetime' => -1,
  'ssl_verify_result' => 0,
  'redirect_count' => 0,
  'total_time' => 2.031000000000000138555833473219536244869232177734375,
  'namelookup_time' => 0,
  'connect_time' => 0,
  'pretransfer_time' => 0,
  'size_upload' => 72,
  'size_download' => 628249,
  'speed_download' => 309329,
  'speed_upload' => 35,
  'download_content_length' => -1,
  'upload_content_length' => 72,
  'starttransfer_time' => 1.875,
  'redirect_time' => 0,
  'redirect_url' => '',
  'primary_ip' => '192.168.1.159',
  'certinfo' => 
  array (
  ),
  'primary_port' => 9875,
  'local_ip' => '192.168.5.56',
  'local_port' => 60026,
)
array (
  'url' => 'http://192.168.1.159:9875/v3/store/getSubscriptionPricePoints',
  'content_type' => 'text/html; charset=UTF-8',
  'http_code' => 200,
  'header_size' => 180,
  'request_size' => 178,
  'filetime' => -1,
  'ssl_verify_result' => 0,
  'redirect_count' => 0,
  'total_time' => 0.01600000000000000033306690738754696212708950042724609375,
  'namelookup_time' => 0,
  'connect_time' => 0,
  'pretransfer_time' => 0,
  'size_upload' => 33,
  'size_download' => 383,
  'speed_download' => 23937,
  'speed_upload' => 2062,
  'download_content_length' => 383,
  'upload_content_length' => 33,
  'starttransfer_time' => 0.01600000000000000033306690738754696212708950042724609375,
  'redirect_time' => 0,
  'redirect_url' => '',
  'primary_ip' => '192.168.1.159',
  'certinfo' => 
  array (
  ),
  'primary_port' => 9875,
  'local_ip' => '192.168.5.56',
  'local_port' => 60030,
)
array (
  'url' => 'http://192.168.1.159:9875/v3/store/getCGImagesByStoreId',
  'content_type' => 'text/html; charset=UTF-8',
  'http_code' => 200,
  'header_size' => 180,
  'request_size' => 152,
  'filetime' => -1,
  'ssl_verify_result' => 0,
  'redirect_count' => 0,
  'total_time' => 0.0309999999999999997779553950749686919152736663818359375,
  'namelookup_time' => 0,
  'connect_time' => 0,
  'pretransfer_time' => 0,
  'size_upload' => 13,
  'size_download' => 403,
  'speed_download' => 13000,
  'speed_upload' => 419,
  'download_content_length' => 403,
  'upload_content_length' => 13,
  'starttransfer_time' => 0.0309999999999999997779553950749686919152736663818359375,
  'redirect_time' => 0,
  'redirect_url' => '',
  'primary_ip' => '192.168.1.159',
  'certinfo' => 
  array (
  ),
  'primary_port' => 9875,
  'local_ip' => '192.168.5.56',
  'local_port' => 60031,
)
'http://103.43.2.5/getideabilling?REQUESTTYPE=NEW_SUB&APPCONTID=123&UNITTYPE=SUBSCRIPTION&CPEVENT=JET0002&MSISDN=919637536352&OPERATOR=idea&CMODE=WAP&UID=jet&PASS=jet@123&TRANSID=963753635212320160128185553331&RETURL=http://localhost/published_store/views/index.php&FLRETURL=http://localhost/published_store/views/error.php&OTHER1=http://localhost/cgImage/iconCGImages/14_test_640x640_CG4.jpg&OTHER2=http://localhost/published_store/views/index.php&TOKENCALL=91963753635220160128185503834-jet-0-0'
array (
  'url' => 'http://192.168.1.159:9875/v3/store/getSubscriptionPricePoints',
  'content_type' => 'text/html; charset=UTF-8',
  'http_code' => 200,
  'header_size' => 180,
  'request_size' => 178,
  'filetime' => -1,
  'ssl_verify_result' => 0,
  'redirect_count' => 0,
  'total_time' => 0.01499999999999999944488848768742172978818416595458984375,
  'namelookup_time' => 0,
  'connect_time' => 0,
  'pretransfer_time' => 0,
  'size_upload' => 33,
  'size_download' => 383,
  'speed_download' => 25533,
  'speed_upload' => 2200,
  'download_content_length' => 383,
  'upload_content_length' => 33,
  'starttransfer_time' => 0.01499999999999999944488848768742172978818416595458984375,
  'redirect_time' => 0,
  'redirect_url' => '',
  'primary_ip' => '192.168.1.159',
  'certinfo' => 
  array (
  ),
  'primary_port' => 9875,
  'local_ip' => '192.168.5.56',
  'local_port' => 60036,
)
array (
  'url' => 'http://192.168.1.159:9875/v3/store/getCGImagesByStoreId',
  'content_type' => 'text/html; charset=UTF-8',
  'http_code' => 200,
  'header_size' => 180,
  'request_size' => 152,
  'filetime' => -1,
  'ssl_verify_result' => 0,
  'redirect_count' => 0,
  'total_time' => 0.04700000000000000011102230246251565404236316680908203125,
  'namelookup_time' => 0,
  'connect_time' => 0,
  'pretransfer_time' => 0,
  'size_upload' => 13,
  'size_download' => 403,
  'speed_download' => 8574,
  'speed_upload' => 276,
  'download_content_length' => 403,
  'upload_content_length' => 13,
  'starttransfer_time' => 0.04700000000000000011102230246251565404236316680908203125,
  'redirect_time' => 0,
  'redirect_url' => '',
  'primary_ip' => '192.168.1.159',
  'certinfo' => 
  array (
  ),
  'primary_port' => 9875,
  'local_ip' => '192.168.5.56',
  'local_port' => 60037,
)